2024-11-29 10:25:03,246 [INFO] Activator:176 - 


2024-11-29 10:25:03,254 [INFO] Activator:177 - !SESSION log4j initialized
2024-11-29 10:25:08,119 [INFO] LogOutputStream:77 - [STDOUT_REDIRECT] 
2024-11-29 10:25:09,636 [INFO] ApplicationProperties:184 - Using Application install path: C:\ST\STM32CubeIDE_1.15.1\STM32CubeIDE\plugins\com.st.stm32cube.common.mx_6.11.1.202404110753
2024-11-29 10:25:09,652 [INFO] DbMcusXml:78 - Set database path to: C:\ST\STM32CubeIDE_1.15.1\STM32CubeIDE\plugins\com.st.stm32cube.common.mx_6.11.1.202404110753\\db\/mcu/
2024-11-29 10:25:09,653 [INFO] ApiDb:274 - Set plugin database path to: C:\ST\STM32CubeIDE_1.15.1\STM32CubeIDE\plugins\com.st.stm32cube.common.mx_6.11.1.202404110753\\db\/plugins/boardmanager/
2024-11-29 10:25:09,654 [WARN] ApiDb:259 - Overriding images path with different value:  => C:\ST\STM32CubeIDE_1.15.1\STM32CubeIDE\plugins\com.st.stm32cube.common.mx_6.11.1.202404110753\\db\/plugins/mcufinder/images/
2024-11-29 10:25:09,664 [INFO] ApiDb:250 - Set database path to: C:\Users\chase\.stmcufinder\plugins\mcufinder//mcu/
2024-11-29 10:25:09,665 [INFO] DbMcusAds:125 - Set database path to: C:\Users\chase\.stmcufinder\plugins\mcufinder//mcu/
2024-11-29 10:25:09,667 [INFO] CrossReferenceDbSqlite:203 - Set database path to: C:\Users\chase\.stmcufinder\plugins\mcufinder//mcu/cs/
2024-11-29 10:25:09,830 [INFO] RulesReader:64 - Compatibility file has been processed (297 Rules)
2024-11-29 10:25:09,934 [INFO] DbMcusXml:78 - Set database path to: C:\ST\STM32CubeIDE_1.15.1\STM32CubeIDE\plugins\com.st.stm32cube.common.mx_6.11.1.202404110753\\db\/mcu/
2024-11-29 10:25:09,935 [INFO] ApiDb:274 - Set plugin database path to: C:\ST\STM32CubeIDE_1.15.1\STM32CubeIDE\plugins\com.st.stm32cube.common.mx_6.11.1.202404110753\\db\/plugins/boardmanager/
2024-11-29 10:25:09,935 [INFO] ApiDb:261 - Set plugin images path to: C:\ST\STM32CubeIDE_1.15.1\STM32CubeIDE\plugins\com.st.stm32cube.common.mx_6.11.1.202404110753\\db\/plugins/mcufinder/images/
2024-11-29 10:25:09,935 [WARN] DbFile:41 - Overriding database path with different value: C:\Users\chase\.stmcufinder\plugins\mcufinder/ => C:\Users\chase\.stmcufinder\plugins\mcufinder
2024-11-29 10:25:09,935 [INFO] ApiDb:250 - Set database path to: C:\Users\chase\.stmcufinder\plugins\mcufinder//mcu/
2024-11-29 10:25:09,935 [WARN] DbFile:41 - Overriding database path with different value: C:\Users\chase\.stmcufinder\plugins\mcufinder/ => C:\Users\chase\.stmcufinder\plugins\mcufinder
2024-11-29 10:25:09,935 [INFO] DbMcusAds:125 - Set database path to: C:\Users\chase\.stmcufinder\plugins\mcufinder//mcu/
2024-11-29 10:25:09,935 [WARN] DbFile:41 - Overriding database path with different value: C:\Users\chase\.stmcufinder\plugins\mcufinder/ => C:\Users\chase\.stmcufinder\plugins\mcufinder
2024-11-29 10:25:09,935 [WARN] DbFile:41 - Overriding database path with different value: C:\Users\chase\.stmcufinder\plugins\mcufinder/ => C:\Users\chase\.stmcufinder\plugins\mcufinder
2024-11-29 10:25:09,935 [INFO] CrossReferenceDbSqlite:203 - Set database path to: C:\Users\chase\.stmcufinder\plugins\mcufinder//mcu/cs/
2024-11-29 10:25:10,018 [INFO] MainPanel:264 - HeapMemory: 268435456
2024-11-29 10:25:10,116 [INFO] DbMcusXml:78 - Set database path to: C:\ST\STM32CubeIDE_1.15.1\STM32CubeIDE\plugins\com.st.stm32cube.common.mx_6.11.1.202404110753\\db\/mcu/
2024-11-29 10:25:10,117 [INFO] ApiDb:274 - Set plugin database path to: C:\ST\STM32CubeIDE_1.15.1\STM32CubeIDE\plugins\com.st.stm32cube.common.mx_6.11.1.202404110753\\db\/plugins/boardmanager/
2024-11-29 10:25:10,117 [INFO] ApiDb:261 - Set plugin images path to: C:\ST\STM32CubeIDE_1.15.1\STM32CubeIDE\plugins\com.st.stm32cube.common.mx_6.11.1.202404110753\\db\/plugins/mcufinder/images/
2024-11-29 10:25:10,117 [WARN] DbFile:41 - Overriding database path with different value: C:\Users\chase\.stmcufinder\plugins\mcufinder/ => C:\Users\chase\.stmcufinder\plugins\mcufinder
2024-11-29 10:25:10,117 [INFO] ApiDb:250 - Set database path to: C:\Users\chase\.stmcufinder\plugins\mcufinder//mcu/
2024-11-29 10:25:10,117 [WARN] DbFile:41 - Overriding database path with different value: C:\Users\chase\.stmcufinder\plugins\mcufinder/ => C:\Users\chase\.stmcufinder\plugins\mcufinder
2024-11-29 10:25:10,117 [INFO] DbMcusAds:125 - Set database path to: C:\Users\chase\.stmcufinder\plugins\mcufinder//mcu/
2024-11-29 10:25:10,117 [WARN] DbFile:41 - Overriding database path with different value: C:\Users\chase\.stmcufinder\plugins\mcufinder/ => C:\Users\chase\.stmcufinder\plugins\mcufinder
2024-11-29 10:25:10,117 [WARN] DbFile:41 - Overriding database path with different value: C:\Users\chase\.stmcufinder\plugins\mcufinder/ => C:\Users\chase\.stmcufinder\plugins\mcufinder
2024-11-29 10:25:10,118 [INFO] CrossReferenceDbSqlite:203 - Set database path to: C:\Users\chase\.stmcufinder\plugins\mcufinder//mcu/cs/
2024-11-29 10:25:10,140 [INFO] ApplicationProperties:184 - Using Application install path: C:\ST\STM32CubeIDE_1.15.1\STM32CubeIDE\plugins\com.st.stm32cube.common.mx_6.11.1.202404110753
2024-11-29 10:25:10,142 [INFO] PluginManage:196 - Search for loadable plugins [exclusion list=, ]
2024-11-29 10:25:10,144 [INFO] PluginManage:310 - Check plugin analytics
2024-11-29 10:25:10,326 [INFO] AnalyticsPlugin:253 - Accepted Software Licenses: 
2024-11-29 10:25:10,326 [INFO] AnalyticsPlugin:255 - Accepted CMSIS Pack Licenses: 
2024-11-29 10:25:10,326 [INFO] AnalyticsPlugin:257 - Accepted Firmware Licenses: FW.F4.1.28.0,FW.C0.1.1.0
2024-11-29 10:25:10,331 [INFO] PluginManage:359 - Loaded plugin analytics (category:tool,tabindex:-1)
2024-11-29 10:25:10,332 [INFO] PluginManage:310 - Check plugin cadmodel
2024-11-29 10:25:10,340 [INFO] CADModel:105 - Init CAD model plugin
2024-11-29 10:25:10,341 [INFO] PluginManage:359 - Loaded plugin cadmodel (category:power,tabindex:5)
2024-11-29 10:25:10,341 [INFO] PluginManage:310 - Check plugin clock
2024-11-29 10:25:10,355 [INFO] PluginManage:359 - Loaded plugin clock (category:base,tabindex:2)
2024-11-29 10:25:10,355 [INFO] PluginManage:310 - Check plugin ddr
2024-11-29 10:25:10,358 [INFO] PluginManage:359 - Loaded plugin ddr (category:tool,tabindex:6)
2024-11-29 10:25:10,359 [INFO] PluginManage:310 - Check plugin filemanager
2024-11-29 10:25:10,558 [INFO] PluginManage:359 - Loaded plugin filemanager (category:base,tabindex:10)
2024-11-29 10:25:10,559 [INFO] PluginManage:310 - Check plugin ipmanager
2024-11-29 10:25:10,571 [INFO] PluginManage:359 - Loaded plugin ipmanager (category:base,tabindex:5)
2024-11-29 10:25:10,571 [INFO] PluginManage:310 - Check plugin lpbam
2024-11-29 10:25:10,583 [INFO] PluginManage:359 - Loaded plugin lpbam (category:base,tabindex:0)
2024-11-29 10:25:10,583 [INFO] PluginManage:310 - Check plugin memorymap
2024-11-29 10:25:10,601 [INFO] PluginManage:359 - Loaded plugin memorymap (category:base,tabindex:4)
2024-11-29 10:25:10,601 [INFO] PluginManage:310 - Check plugin pinoutandconfiguration
2024-11-29 10:25:10,612 [INFO] PluginManage:359 - Loaded plugin pinoutandconfiguration (category:base,tabindex:1)
2024-11-29 10:25:10,613 [INFO] PluginManage:310 - Check plugin pinoutconfig
2024-11-29 10:25:10,721 [WARN] SupportedApi:132 - Cannot load RTOS API schema: s4s-elt-must-match.1: The content of 'definitions' must match (annotation?, (simpleType | complexType)?, (unique | key | keyref)*)). A problem was found starting at: attribute.
2024-11-29 10:25:10,875 [INFO] PluginManage:359 - Loaded plugin pinoutconfig (category:base,tabindex:0)
2024-11-29 10:25:10,876 [INFO] PluginManage:310 - Check plugin power
2024-11-29 10:25:10,888 [INFO] PluginManage:359 - Loaded plugin power (category:power,tabindex:4)
2024-11-29 10:25:10,888 [INFO] PluginManage:310 - Check plugin projectmanager
2024-11-29 10:25:10,905 [INFO] PluginManage:359 - Loaded plugin projectmanager (category:projectmanager,tabindex:3)
2024-11-29 10:25:10,905 [INFO] PluginManage:310 - Check plugin thirdparty
2024-11-29 10:25:11,062 [INFO] PluginManage:359 - Loaded plugin thirdparty (category:base,tabindex:-1)
2024-11-29 10:25:11,062 [WARN] IntegrityCheckThread:84 - waiting for thirdparty lock release [integrity check]
2024-11-29 10:25:11,062 [INFO] PluginManage:310 - Check plugin tools
2024-11-29 10:25:11,063 [INFO] IntegrityCheckThread:86 - entering critical section [integrity check]
2024-11-29 10:25:11,063 [INFO] ThirdPartyUpdaterWithRetryManager:70 - Updater plugin not ready yet. [1/15]
2024-11-29 10:25:11,066 [INFO] PluginManage:359 - Loaded plugin tools (category:base,tabindex:7)
2024-11-29 10:25:11,067 [INFO] PluginManage:310 - Check plugin tutovideos
2024-11-29 10:25:11,355 [INFO] PluginManage:359 - Loaded plugin tutovideos (category:base,tabindex:-1)
2024-11-29 10:25:11,355 [INFO] PluginManage:310 - Check plugin updater
2024-11-29 10:25:11,367 [INFO] PluginManage:359 - Loaded plugin updater (category:base,tabindex:12)
2024-11-29 10:25:11,367 [INFO] PluginManage:310 - Check plugin userauth
2024-11-29 10:25:11,373 [INFO] UserAuth:114 - Init User Auth plugin
2024-11-29 10:25:11,373 [INFO] PluginManage:359 - Loaded plugin userauth (category:base,tabindex:14)
2024-11-29 10:25:11,374 [INFO] PluginManage:283 - PluginManage : Loaded plugins [17]
2024-11-29 10:25:11,643 [INFO] PinOutPanel:1561 - setPackage(No Configuration,No Configuration)
2024-11-29 10:25:11,745 [INFO] CADModel:165 - CPN selected for project level
2024-11-29 10:25:11,745 [INFO] CADModel:114 - Register for checkConnection events
2024-11-29 10:25:11,768 [INFO] IPUIPlugin:80 - create IPUIPlugin
2024-11-29 10:25:11,768 [INFO] PluginManager:220 - loadIPPluginJar : add adc
2024-11-29 10:25:11,771 [INFO] IPUIPlugin:80 - create IPUIPlugin
2024-11-29 10:25:11,771 [INFO] PluginManager:220 - loadIPPluginJar : add aes
2024-11-29 10:25:11,775 [INFO] IPUIPlugin:80 - create IPUIPlugin
2024-11-29 10:25:11,775 [INFO] PluginManager:220 - loadIPPluginJar : add can
2024-11-29 10:25:11,778 [INFO] IPUIPlugin:80 - create IPUIPlugin
2024-11-29 10:25:11,778 [INFO] PluginManager:220 - loadIPPluginJar : add comp
2024-11-29 10:25:11,781 [INFO] IPUIPlugin:80 - create IPUIPlugin
2024-11-29 10:25:11,782 [INFO] PluginManager:220 - loadIPPluginJar : add cryp
2024-11-29 10:25:11,785 [INFO] IPUIPlugin:80 - create IPUIPlugin
2024-11-29 10:25:11,785 [INFO] PluginManager:220 - loadIPPluginJar : add dfsdm
2024-11-29 10:25:11,792 [INFO] IPUIPlugin:80 - create IPUIPlugin
2024-11-29 10:25:11,792 [INFO] PluginManager:220 - loadIPPluginJar : add dma
2024-11-29 10:25:11,796 [INFO] IPUIPlugin:80 - create IPUIPlugin
2024-11-29 10:25:11,796 [INFO] PluginManager:220 - loadIPPluginJar : add dma3
2024-11-29 10:25:11,800 [INFO] IPUIPlugin:80 - create IPUIPlugin
2024-11-29 10:25:11,801 [INFO] PluginManager:220 - loadIPPluginJar : add extmemmanager
2024-11-29 10:25:11,803 [INFO] IPUIPlugin:80 - create IPUIPlugin
2024-11-29 10:25:11,803 [INFO] PluginManager:220 - loadIPPluginJar : add fatfs
2024-11-29 10:25:11,807 [INFO] IPUIPlugin:80 - create IPUIPlugin
2024-11-29 10:25:11,808 [INFO] PluginManager:220 - loadIPPluginJar : add fmc
2024-11-29 10:25:11,815 [INFO] IPUIPlugin:80 - create IPUIPlugin
2024-11-29 10:25:11,815 [INFO] PluginManager:220 - loadIPPluginJar : add freertos
2024-11-29 10:25:11,817 [INFO] IPUIPlugin:80 - create IPUIPlugin
2024-11-29 10:25:11,817 [INFO] PluginManager:220 - loadIPPluginJar : add genericplugin
2024-11-29 10:25:11,820 [INFO] IPUIPlugin:80 - create IPUIPlugin
2024-11-29 10:25:11,820 [INFO] PluginManager:220 - loadIPPluginJar : add gfxmmu
2024-11-29 10:25:11,826 [INFO] IPUIPlugin:80 - create IPUIPlugin
2024-11-29 10:25:11,826 [INFO] PluginManager:220 - loadIPPluginJar : add gic
2024-11-29 10:25:11,831 [INFO] IPUIPlugin:80 - create IPUIPlugin
2024-11-29 10:25:11,831 [INFO] PluginManager:220 - loadIPPluginJar : add gpio
2024-11-29 10:25:11,834 [INFO] IPUIPlugin:80 - create IPUIPlugin
2024-11-29 10:25:11,834 [INFO] PluginManager:220 - loadIPPluginJar : add gtzc
2024-11-29 10:25:11,837 [INFO] IPUIPlugin:80 - create IPUIPlugin
2024-11-29 10:25:11,837 [INFO] PluginManager:220 - loadIPPluginJar : add hash
2024-11-29 10:25:11,841 [INFO] IPUIPlugin:80 - create IPUIPlugin
2024-11-29 10:25:11,841 [INFO] PluginManager:220 - loadIPPluginJar : add i2c
2024-11-29 10:25:11,845 [INFO] IPUIPlugin:80 - create IPUIPlugin
2024-11-29 10:25:11,845 [INFO] PluginManager:220 - loadIPPluginJar : add i2s
2024-11-29 10:25:11,849 [INFO] IPUIPlugin:80 - create IPUIPlugin
2024-11-29 10:25:11,849 [INFO] PluginManager:220 - loadIPPluginJar : add i3c
2024-11-29 10:25:11,852 [INFO] IPUIPlugin:80 - create IPUIPlugin
2024-11-29 10:25:11,853 [INFO] PluginManager:220 - loadIPPluginJar : add ipddr
2024-11-29 10:25:11,862 [INFO] IPUIPlugin:80 - create IPUIPlugin
2024-11-29 10:25:11,862 [INFO] PluginManager:220 - loadIPPluginJar : add linkedlist
2024-11-29 10:25:11,865 [INFO] IPUIPlugin:80 - create IPUIPlugin
2024-11-29 10:25:11,866 [INFO] PluginManager:220 - loadIPPluginJar : add lorawan
2024-11-29 10:25:11,868 [INFO] IPUIPlugin:80 - create IPUIPlugin
2024-11-29 10:25:11,868 [INFO] PluginManager:220 - loadIPPluginJar : add ltdc
2024-11-29 10:25:11,875 [INFO] IPUIPlugin:80 - create IPUIPlugin
2024-11-29 10:25:11,875 [INFO] PluginManager:220 - loadIPPluginJar : add mdma
2024-11-29 10:25:11,880 [INFO] IPUIPlugin:80 - create IPUIPlugin
2024-11-29 10:25:11,881 [INFO] PluginManager:220 - loadIPPluginJar : add nvic
2024-11-29 10:25:11,885 [INFO] IPUIPlugin:80 - create IPUIPlugin
2024-11-29 10:25:11,885 [INFO] PluginManager:220 - loadIPPluginJar : add opamp
2024-11-29 10:25:11,888 [INFO] IPUIPlugin:80 - create IPUIPlugin
2024-11-29 10:25:11,888 [INFO] PluginManager:220 - loadIPPluginJar : add openamp
2024-11-29 10:25:11,893 [INFO] IPUIPlugin:80 - create IPUIPlugin
2024-11-29 10:25:11,893 [INFO] PluginManager:220 - loadIPPluginJar : add pdm2pcm
2024-11-29 10:25:11,900 [INFO] IPUIPlugin:80 - create IPUIPlugin
2024-11-29 10:25:11,902 [INFO] PluginManager:220 - loadIPPluginJar : add plateformsettings
2024-11-29 10:25:11,905 [INFO] IPUIPlugin:80 - create IPUIPlugin
2024-11-29 10:25:11,906 [INFO] PluginManager:220 - loadIPPluginJar : add quadspi
2024-11-29 10:25:11,911 [INFO] IPUIPlugin:80 - create IPUIPlugin
2024-11-29 10:25:11,911 [INFO] PluginManager:220 - loadIPPluginJar : add resmgrutility
2024-11-29 10:25:11,914 [INFO] IPUIPlugin:80 - create IPUIPlugin
2024-11-29 10:25:11,915 [INFO] PluginManager:220 - loadIPPluginJar : add sai
2024-11-29 10:25:11,918 [INFO] IPUIPlugin:80 - create IPUIPlugin
2024-11-29 10:25:11,918 [INFO] PluginManager:220 - loadIPPluginJar : add spi
2024-11-29 10:25:11,925 [INFO] IPUIPlugin:80 - create IPUIPlugin
2024-11-29 10:25:11,925 [INFO] PluginManager:220 - loadIPPluginJar : add stm32_wpan
2024-11-29 10:25:11,928 [INFO] IPUIPlugin:80 - create IPUIPlugin
2024-11-29 10:25:11,928 [INFO] PluginManager:220 - loadIPPluginJar : add tim
2024-11-29 10:25:11,932 [INFO] IPUIPlugin:80 - create IPUIPlugin
2024-11-29 10:25:11,932 [INFO] PluginManager:220 - loadIPPluginJar : add touchsensing
2024-11-29 10:25:11,936 [INFO] IPUIPlugin:80 - create IPUIPlugin
2024-11-29 10:25:11,936 [INFO] PluginManager:220 - loadIPPluginJar : add tracer_emb
2024-11-29 10:25:11,939 [INFO] IPUIPlugin:80 - create IPUIPlugin
2024-11-29 10:25:11,939 [INFO] PluginManager:220 - loadIPPluginJar : add ts
2024-11-29 10:25:11,941 [INFO] IPUIPlugin:80 - create IPUIPlugin
2024-11-29 10:25:11,942 [INFO] PluginManager:220 - loadIPPluginJar : add tsc
2024-11-29 10:25:11,945 [INFO] IPUIPlugin:80 - create IPUIPlugin
2024-11-29 10:25:11,945 [INFO] PluginManager:220 - loadIPPluginJar : add ucpd
2024-11-29 10:25:11,948 [INFO] IPUIPlugin:80 - create IPUIPlugin
2024-11-29 10:25:11,948 [INFO] PluginManager:220 - loadIPPluginJar : add usart
2024-11-29 10:25:11,953 [INFO] IPUIPlugin:80 - create IPUIPlugin
2024-11-29 10:25:11,953 [INFO] PluginManager:220 - loadIPPluginJar : add usbx
2024-11-29 10:25:12,097 [INFO] CADModel:165 - CPN selected for project level
2024-11-29 10:25:12,097 [INFO] CADModel:114 - Register for checkConnection events
2024-11-29 10:25:12,098 [FATAL] Updater:308 - Updater called before beeing initialized
2024-11-29 10:25:12,099 [ERROR] CADModel:125 - Updater not yet initialized, retry later 
2024-11-29 10:25:12,228 [INFO] CADModel:165 - CPN selected for project level
2024-11-29 10:25:12,229 [INFO] CADModel:114 - Register for checkConnection events
2024-11-29 10:25:12,229 [FATAL] Updater:308 - Updater called before beeing initialized
2024-11-29 10:25:12,229 [ERROR] CADModel:125 - Updater not yet initialized, retry later 
2024-11-29 10:25:12,233 [FATAL] Updater:308 - Updater called before beeing initialized
2024-11-29 10:25:12,356 [FATAL] Updater:308 - Updater called before beeing initialized
2024-11-29 10:25:12,363 [INFO] DbMcusAds:53 - JSON generation date=Fri Sep 20 14:04:38 BST 2024 (1726837478367)
2024-11-29 10:25:12,363 [FATAL] Updater:308 - Updater called before beeing initialized
2024-11-29 10:25:12,411 [WARN] DetailPanel:346 - Failed to get advertising image, set to default
2024-11-29 10:25:12,521 [FATAL] Updater:308 - Updater called before beeing initialized
2024-11-29 10:25:12,526 [FATAL] Updater:308 - Updater called before beeing initialized
2024-11-29 10:25:12,527 [FATAL] Updater:308 - Updater called before beeing initialized
2024-11-29 10:25:12,527 [WARN] DetailPanel:346 - Failed to get advertising image, set to default
2024-11-29 10:25:12,527 [FATAL] Updater:308 - Updater called before beeing initialized
2024-11-29 10:25:12,576 [ERROR] Updater:1120 - MainUpdater not yet initialized. External WinMGr cannot be set.
2024-11-29 10:25:12,579 [INFO] Updater:1056 - Updater Version found : 6.11.1
2024-11-29 10:25:12,599 [INFO] ApplicationProperties:184 - Using Application install path: C:\ST\STM32CubeIDE_1.15.1\STM32CubeIDE\plugins\com.st.stm32cube.common.mx_6.11.1.202404110753
2024-11-29 10:25:14,064 [INFO] ThirdPartyUpdaterWithRetryManager:70 - Updater plugin not ready yet. [2/15]
2024-11-29 10:25:14,177 [ERROR] LogOutputStream:75 - [STDERR_REDIRECT] Nov 29, 2024 10:25:14 AM java.util.prefs.WindowsPreferences <init>
2024-11-29 10:25:14,179 [ERROR] LogOutputStream:75 - [STDERR_REDIRECT] WARNING: Could not open/create prefs root node Software\JavaSoft\Prefs at root 0xffffffff80000002. Windows RegCreateKeyEx(...) returned error code 5.
2024-11-29 10:25:14,179 [ERROR] LogOutputStream:75 - [STDERR_REDIRECT] 
2024-11-29 10:25:14,492 [INFO] MainUpdater:2873 - connection check result : 10
2024-11-29 10:25:14,492 [INFO] MainUpdater:3567 - Updater definition file requires update
2024-11-29 10:25:14,494 [INFO] MainUpdater:290 - Updater Check For Update Now.
2024-11-29 10:25:14,494 [INFO] MicroXplorer:498 - Change Database Version : DB.6.0.111
2024-11-29 10:25:14,501 [INFO] McuFinderGlobals:63 - Set McuFinder mode to 2 (CubeIDE integrated)
2024-11-29 10:25:14,508 [INFO] UserAuth:415 - Internet connection configuration mode: 1
2024-11-29 10:25:14,527 [INFO] JxBrowserEngine:152 - Initiate JxBrowser Engine with user profile folder
2024-11-29 10:25:14,560 [INFO] ServerAccessManage:473 - Download File updaters.zip
2024-11-29 10:25:14,680 [INFO] FileExtend:240 - Unzip File : updaters.zip
2024-11-29 10:25:14,680 [INFO] FileExtend:255 - Standard Zip Deflate
2024-11-29 10:25:16,851 [INFO] WebApp:161 - Instantiating new browser for Auth
2024-11-29 10:25:17,066 [WARN] MainUpdater:1194 - Updater busy. Cannot search thirdparties
2024-11-29 10:25:17,067 [INFO] ThirdPartyUpdaterWithRetryManager:96 - Updater plugin is busy. [1/15]
2024-11-29 10:25:17,592 [INFO] ServerAccessManage:473 - Download File PacksControlFlags.xml
2024-11-29 10:25:17,726 [INFO] ServerAccessManage:473 - Download File cubemx.pidx
2024-11-29 10:25:17,999 [INFO] LoadServerUpdatesThread:375 - End of LoadServerUpdate Thread
2024-11-29 10:25:18,226 [INFO] CheckServerUpdateThread:120 - End of CheckServer Thread
2024-11-29 10:25:18,638 [INFO] WebApp:779 - Register for checkConnection events
2024-11-29 10:25:18,638 [INFO] WebApp:414 - Apply proxy settings
2024-11-29 10:25:18,638 [INFO] WebApp:499 - Chromium requires no authentication
2024-11-29 10:25:18,650 [INFO] WebApp:442 - Direct internet connection detected
2024-11-29 10:25:19,024 [INFO] WebApp:192 - Starting web application
2024-11-29 10:25:19,024 [INFO] WebApp:544 - Web application path used C:\ST\STM32CubeIDE_1.15.1\STM32CubeIDE\plugins\com.st.stm32cube.common.mx_6.11.1.202404110753\db\plugins\mcufinder\reactClient1\index.html
2024-11-29 10:25:20,615 [WARN] PackLoader:240 - Cannot read IP mode file for STMicroelectronics.FP-SNS-MOTENVWB1.1.4.0
2024-11-29 10:25:20,639 [WARN] PackLoader:240 - Cannot read IP mode file for STMicroelectronics.FP-ATR-ASTRA1.2.0.1
2024-11-29 10:25:20,655 [WARN] PackLoader:240 - Cannot read IP mode file for STMicroelectronics.X-CUBE-SMBUS.2.1.0
2024-11-29 10:25:20,671 [WARN] PackLoader:240 - Cannot read IP mode file for STMicroelectronics.X-CUBE-WB05N.1.1.0
2024-11-29 10:25:20,685 [WARN] PackLoader:240 - Cannot read IP mode file for STMicroelectronics.X-CUBE-TOUCHGFX.4.23.2
2024-11-29 10:25:20,687 [INFO] McuFinderGlobals:63 - Set McuFinder mode to 2 (CubeIDE integrated)
2024-11-29 10:25:20,706 [INFO] MainUpdater:2873 - connection check result : 10
2024-11-29 10:25:20,708 [INFO] MainUpdater:2873 - connection check result : 10
2024-11-29 10:25:20,773 [WARN] PackLoader:240 - Cannot read IP mode file for STMicroelectronics.X-CUBE-AZRTOS-F7.1.1.0
2024-11-29 10:25:20,833 [INFO] MicroXplorer:468 - Change Database Path : 
2024-11-29 10:25:20,834 [INFO] MicroXplorer:498 - Change Database Version : DB.6.0.111
2024-11-29 10:25:20,853 [WARN] ThirdParty:871 - waiting for thirdparty lock release [close project]
2024-11-29 10:25:20,943 [WARN] PackLoader:240 - Cannot read IP mode file for STMicroelectronics.X-CUBE-MEMS1.11.0.0
2024-11-29 10:25:21,323 [WARN] PackLoader:240 - Cannot read IP mode file for STMicroelectronics.FP-SNS-FLIGHT1.5.0.2
2024-11-29 10:25:21,340 [WARN] PackLoader:240 - Cannot read IP mode file for STMicroelectronics.X-CUBE-DISPLAY.3.0.0
2024-11-29 10:25:21,358 [WARN] PackLoader:240 - Cannot read IP mode file for STMicroelectronics.X-CUBE-BLE1.7.0.0
2024-11-29 10:25:21,372 [WARN] PackLoader:240 - Cannot read IP mode file for STMicroelectronics.X-CUBE-NFC10.1.0.0
2024-11-29 10:25:21,389 [WARN] PackLoader:240 - Cannot read IP mode file for emotas.I-CUBE-CANOPEN.1.3.0
2024-11-29 10:25:21,407 [WARN] PackLoader:240 - Cannot read IP mode file for STMicroelectronics.X-CUBE-BLEMGR.3.1.0
2024-11-29 10:25:21,421 [WARN] PackLoader:240 - Cannot read IP mode file for STMicroelectronics.FP-SNS-SMARTAG2.1.2.0
2024-11-29 10:25:21,450 [INFO] LogOutputStream:77 - [STDOUT_REDIRECT] 1 : Invalid condition id : UX_CORESTACK_Condition cause : null
2024-11-29 10:25:21,454 [INFO] LogOutputStream:77 - [STDOUT_REDIRECT] 1 : Invalid condition id : UX_CORESTACK_Condition cause : null
2024-11-29 10:25:21,457 [INFO] LogOutputStream:77 - [STDOUT_REDIRECT] 1 : Invalid condition id : UX_CORESTACK_Condition cause : null
2024-11-29 10:25:21,460 [INFO] LogOutputStream:77 - [STDOUT_REDIRECT] 1 : Invalid condition id : UX_CORESTACK_Condition cause : null
2024-11-29 10:25:21,464 [INFO] LogOutputStream:77 - [STDOUT_REDIRECT] 1 : Invalid condition id : UX_CORESTACK_Condition cause : null
2024-11-29 10:25:21,470 [WARN] PackLoader:240 - Cannot read IP mode file for STMicroelectronics.X-CUBE-AZRTOS-WL.2.0.0
2024-11-29 10:25:21,489 [WARN] PackLoader:240 - Cannot read IP mode file for STMicroelectronics.FP-SNS-MOTENV1.5.0.0
2024-11-29 10:25:21,518 [WARN] PackLoader:240 - Cannot read IP mode file for wolfSSL.I-CUBE-wolfMQTT.1.19.0
2024-11-29 10:25:21,539 [WARN] PackLoader:240 - Cannot read IP mode file for WES.I-CUBE-Cesium.1.3.0
2024-11-29 10:25:21,551 [WARN] PackLoader:240 - Cannot read IP mode file for STMicroelectronics.X-CUBE-BLE2.3.3.0
2024-11-29 10:25:21,568 [WARN] PackLoader:240 - Cannot read IP mode file for STMicroelectronics.X-CUBE-NFC9.1.0.0
2024-11-29 10:25:21,593 [WARN] PackLoader:240 - Cannot read IP mode file for STMicroelectronics.X-CUBE-TCPP.4.1.0
2024-11-29 10:25:21,634 [WARN] PackLoader:240 - Cannot read IP mode file for STMicroelectronics.X-CUBE-AZRTOS-G0.1.1.0
2024-11-29 10:25:21,668 [WARN] PackLoader:240 - Cannot read IP mode file for STMicroelectronics.X-CUBE-SAFEA1.1.2.2
2024-11-29 10:25:21,689 [WARN] PackLoader:240 - Cannot read IP mode file for STMicroelectronics.X-CUBE-NFC4.3.0.0
2024-11-29 10:25:21,719 [WARN] PackLoader:240 - Cannot read IP mode file for EmbeddedOffice.I-CUBE-FS-RTOS.1.0.1
2024-11-29 10:25:21,720 [ERROR] ConditionMgr:805 - Attr not supported : Dmpu
2024-11-29 10:25:21,720 [ERROR] ConditionMgr:805 - Attr not supported : Dmpu
2024-11-29 10:25:21,720 [ERROR] ConditionMgr:805 - Attr not supported : Dmpu
2024-11-29 10:25:21,720 [ERROR] ConditionMgr:805 - Attr not supported : Dmpu
2024-11-29 10:25:21,720 [ERROR] ConditionMgr:805 - Attr not supported : Dmpu
2024-11-29 10:25:21,720 [ERROR] ConditionMgr:805 - Attr not supported : Dmpu
2024-11-29 10:25:21,721 [ERROR] ConditionMgr:805 - Attr not supported : Dmpu
2024-11-29 10:25:21,721 [ERROR] ConditionMgr:805 - Attr not supported : Dmpu
2024-11-29 10:25:21,721 [ERROR] ConditionMgr:805 - Attr not supported : Dmpu
2024-11-29 10:25:21,721 [ERROR] ConditionMgr:805 - Attr not supported : Dmpu
2024-11-29 10:25:21,721 [ERROR] ConditionMgr:805 - Attr not supported : Dmpu
2024-11-29 10:25:21,722 [ERROR] ConditionMgr:805 - Attr not supported : Dmpu
2024-11-29 10:25:21,722 [ERROR] ConditionMgr:805 - Attr not supported : Dmpu
2024-11-29 10:25:21,722 [ERROR] ConditionMgr:805 - Attr not supported : Dmpu
2024-11-29 10:25:21,722 [ERROR] ConditionMgr:805 - Attr not supported : Dmpu
2024-11-29 10:25:21,722 [ERROR] ConditionMgr:805 - Attr not supported : Dmpu
2024-11-29 10:25:21,723 [ERROR] ConditionMgr:805 - Attr not supported : Dmpu
2024-11-29 10:25:21,723 [ERROR] ConditionMgr:805 - Attr not supported : Dmpu
2024-11-29 10:25:21,723 [ERROR] ConditionMgr:805 - Attr not supported : Dmpu
2024-11-29 10:25:21,723 [ERROR] ConditionMgr:805 - Attr not supported : Dmpu
2024-11-29 10:25:21,723 [ERROR] ConditionMgr:805 - Attr not supported : Dmpu
2024-11-29 10:25:21,723 [ERROR] ConditionMgr:805 - Attr not supported : Dmpu
2024-11-29 10:25:21,723 [ERROR] ConditionMgr:805 - Attr not supported : Dmpu
2024-11-29 10:25:21,724 [ERROR] ConditionMgr:805 - Attr not supported : Dmpu
2024-11-29 10:25:21,724 [ERROR] ConditionMgr:805 - Attr not supported : Dmpu
2024-11-29 10:25:21,724 [ERROR] ConditionMgr:805 - Attr not supported : Dmpu
2024-11-29 10:25:21,724 [ERROR] ConditionMgr:805 - Attr not supported : Dmpu
2024-11-29 10:25:21,724 [ERROR] ConditionMgr:805 - Attr not supported : Dmpu
2024-11-29 10:25:21,725 [ERROR] ConditionMgr:805 - Attr not supported : Dmpu
2024-11-29 10:25:21,725 [ERROR] ConditionMgr:805 - Attr not supported : Dmpu
2024-11-29 10:25:21,726 [ERROR] ConditionMgr:805 - Attr not supported : Dmpu
2024-11-29 10:25:21,726 [ERROR] ConditionMgr:805 - Attr not supported : Dmpu
2024-11-29 10:25:21,726 [ERROR] ConditionMgr:805 - Attr not supported : Dmpu
2024-11-29 10:25:21,726 [ERROR] ConditionMgr:805 - Attr not supported : Dmpu
2024-11-29 10:25:21,726 [ERROR] ConditionMgr:805 - Attr not supported : Dmpu
2024-11-29 10:25:21,726 [ERROR] ConditionMgr:805 - Attr not supported : Dmpu
2024-11-29 10:25:21,726 [ERROR] ConditionMgr:805 - Attr not supported : Dmpu
2024-11-29 10:25:21,726 [ERROR] ConditionMgr:805 - Attr not supported : Dmpu
2024-11-29 10:25:21,727 [ERROR] ConditionMgr:805 - Attr not supported : Dmpu
2024-11-29 10:25:21,727 [ERROR] ConditionMgr:805 - Attr not supported : Dmpu
2024-11-29 10:25:21,727 [ERROR] ConditionMgr:805 - Attr not supported : Dmpu
2024-11-29 10:25:21,727 [ERROR] ConditionMgr:805 - Attr not supported : Dmpu
2024-11-29 10:25:21,727 [ERROR] ConditionMgr:805 - Attr not supported : Dmpu
2024-11-29 10:25:21,728 [ERROR] ConditionMgr:805 - Attr not supported : Dmpu
2024-11-29 10:25:21,728 [ERROR] ConditionMgr:805 - Attr not supported : Dmpu
2024-11-29 10:25:21,728 [ERROR] ConditionMgr:805 - Attr not supported : Dmpu
2024-11-29 10:25:21,728 [ERROR] ConditionMgr:805 - Attr not supported : Dmpu
2024-11-29 10:25:21,728 [ERROR] ConditionMgr:805 - Attr not supported : Dmpu
2024-11-29 10:25:21,728 [ERROR] ConditionMgr:805 - Attr not supported : Dmpu
2024-11-29 10:25:21,728 [ERROR] ConditionMgr:805 - Attr not supported : Dmpu
2024-11-29 10:25:21,729 [ERROR] ConditionMgr:805 - Attr not supported : Dmpu
2024-11-29 10:25:21,730 [ERROR] ConditionMgr:805 - Attr not supported : Dmpu
2024-11-29 10:25:21,730 [ERROR] ConditionMgr:805 - Attr not supported : Dmpu
2024-11-29 10:25:21,731 [ERROR] ConditionMgr:805 - Attr not supported : Dmpu
2024-11-29 10:25:21,731 [ERROR] ConditionMgr:805 - Attr not supported : Dmpu
2024-11-29 10:25:21,731 [ERROR] ConditionMgr:805 - Attr not supported : Dmpu
2024-11-29 10:25:21,731 [ERROR] ConditionMgr:805 - Attr not supported : Dmpu
2024-11-29 10:25:21,731 [ERROR] ConditionMgr:805 - Attr not supported : Dmpu
2024-11-29 10:25:21,731 [ERROR] ConditionMgr:805 - Attr not supported : Dmpu
2024-11-29 10:25:21,732 [ERROR] ConditionMgr:805 - Attr not supported : Dmpu
2024-11-29 10:25:21,732 [ERROR] ConditionMgr:805 - Attr not supported : Dmpu
2024-11-29 10:25:21,732 [ERROR] ConditionMgr:805 - Attr not supported : Dmpu
2024-11-29 10:25:21,732 [ERROR] ConditionMgr:805 - Attr not supported : Dmpu
2024-11-29 10:25:21,732 [ERROR] ConditionMgr:805 - Attr not supported : Dmpu
2024-11-29 10:25:21,742 [WARN] PackLoader:240 - Cannot read IP mode file for RealThread.X-CUBE-RT-Thread_Nano.4.1.1
2024-11-29 10:25:21,755 [WARN] PackLoader:240 - Cannot read IP mode file for wolfSSL.I-CUBE-wolfSSL.5.7.0
2024-11-29 10:25:21,764 [WARN] PackLoader:240 - Cannot read IP mode file for STMicroelectronics.FP-ATR-SIGFOX1.3.2.0
2024-11-29 10:25:21,776 [WARN] ConditionMgr:438 - getConditionDescription Invalid condition id : Cortex-A Device cause : null
2024-11-29 10:25:21,810 [WARN] ConditionMgr:1039 - genDependencies : Invalid condition id : Cortex-A Device cause : null
2024-11-29 10:25:21,810 [WARN] ConditionMgr:1039 - genDependencies : Invalid condition id : Cortex-A Device cause : null
2024-11-29 10:25:21,811 [WARN] ConditionMgr:1039 - genDependencies : Invalid condition id : Cortex-A Device cause : null
2024-11-29 10:25:21,825 [WARN] PackLoader:240 - Cannot read IP mode file for STMicroelectronics.X-CUBE-EEPRMA1.5.1.0
2024-11-29 10:25:21,840 [WARN] PackLoader:240 - Cannot read IP mode file for ITTIA_DB.I-CUBE-ITTIADB.8.9.0
2024-11-29 10:25:21,895 [WARN] PackLoader:240 - Cannot read IP mode file for SEGGER.I-CUBE-embOS.1.3.1
2024-11-29 10:25:21,952 [WARN] PackLoader:240 - Cannot read IP mode file for STMicroelectronics.X-CUBE-ALGOBUILD.1.4.0
2024-11-29 10:25:21,959 [WARN] PackLoader:240 - Cannot read IP mode file for STMicroelectronics.X-CUBE-AI.9.1.0
2024-11-29 10:25:21,969 [WARN] PackLoader:240 - Cannot read IP mode file for STMicroelectronics.X-CUBE-GNSS1.6.0.0
2024-11-29 10:25:22,000 [WARN] PackLoader:240 - Cannot read IP mode file for STMicroelectronics.X-CUBE-AZRTOS-F4.1.1.0
2024-11-29 10:25:22,012 [WARN] PackLoader:240 - Cannot read IP mode file for STMicroelectronics.X-CUBE-ISPU.2.1.0
2024-11-29 10:25:22,021 [WARN] PackLoader:240 - Cannot read IP mode file for STMicroelectronics.X-CUBE-FREERTOS.1.2.0
2024-11-29 10:25:22,141 [WARN] PackLoader:240 - Cannot read IP mode file for STMicroelectronics.X-CUBE-AZRTOS-L5.2.0.0
2024-11-29 10:25:22,159 [WARN] PackLoader:240 - Cannot read IP mode file for STMicroelectronics.X-CUBE-NFC6.3.1.0
2024-11-29 10:25:22,172 [WARN] PackLoader:240 - Cannot read IP mode file for STMicroelectronics.X-CUBE-DPower.1.2.0
2024-11-29 10:25:22,179 [WARN] PackLoader:240 - Cannot read IP mode file for STMicroelectronics.X-CUBE-AI.9.0.0
2024-11-29 10:25:22,189 [WARN] PackLoader:240 - Cannot read IP mode file for STMicroelectronics.X-CUBE-NFC7.1.0.1
2024-11-29 10:25:22,237 [WARN] ConditionMgr:438 - getConditionDescription Invalid condition id : LAN8742 Phy interface Condition cause : null
2024-11-29 10:25:22,238 [WARN] PackLoader:240 - Cannot read IP mode file for STMicroelectronics.X-CUBE-AZRTOS-L4.2.0.0
2024-11-29 10:25:22,240 [WARN] ConditionMgr:1039 - genDependencies : Invalid condition id : LAN8742 Phy interface Condition cause : null
2024-11-29 10:25:22,241 [WARN] ConditionMgr:1039 - genDependencies : Invalid condition id : LAN8742 Phy interface Condition cause : null
2024-11-29 10:25:22,242 [WARN] ConditionMgr:1039 - genDependencies : Invalid condition id : LAN8742 Phy interface Condition cause : null
2024-11-29 10:25:22,256 [WARN] PackLoader:240 - Cannot read IP mode file for STMicroelectronics.X-CUBE-SFXS2LP1.4.0.0
2024-11-29 10:25:22,298 [WARN] PackLoader:240 - Cannot read IP mode file for STMicroelectronics.X-CUBE-AZRTOS-H7.3.3.0
2024-11-29 10:25:22,322 [WARN] PackLoader:240 - Cannot read IP mode file for STMicroelectronics.X-CUBE-IPS.3.0.0
2024-11-29 10:25:22,347 [WARN] ConditionMgr:438 - getConditionDescription Invalid condition id : UX DEVICE CLASS RTOS Condition cause : null
2024-11-29 10:25:22,348 [WARN] ConditionMgr:438 - getConditionDescription Invalid condition id : UX DEVICE CLASS RTOS Condition cause : null
2024-11-29 10:25:22,350 [WARN] PackLoader:240 - Cannot read IP mode file for STMicroelectronics.X-CUBE-AZRTOS-WB.2.0.0
2024-11-29 10:25:22,351 [WARN] ConditionMgr:1039 - genDependencies : Invalid condition id : UX DEVICE CLASS RTOS Condition cause : null
2024-11-29 10:25:22,351 [WARN] ConditionMgr:1039 - genDependencies : Invalid condition id : UX DEVICE CLASS RTOS Condition cause : null
2024-11-29 10:25:22,351 [WARN] ConditionMgr:1039 - genDependencies : Invalid condition id : UX DEVICE CLASS RTOS Condition cause : null
2024-11-29 10:25:22,352 [WARN] ConditionMgr:1039 - genDependencies : Invalid condition id : UX DEVICE CLASS RTOS Condition cause : null
2024-11-29 10:25:22,352 [WARN] ConditionMgr:1039 - genDependencies : Invalid condition id : UX DEVICE CLASS RTOS Condition cause : null
2024-11-29 10:25:22,359 [WARN] PackLoader:240 - Cannot read IP mode file for STMicroelectronics.X-CUBE-GNSS1.7.0.0
2024-11-29 10:25:22,370 [WARN] PackLoader:240 - Cannot read IP mode file for STMicroelectronics.FP-SNS-STBOX1.2.0.0
2024-11-29 10:25:22,388 [WARN] PackLoader:240 - Cannot read IP mode file for STMicroelectronics.X-CUBE-SUBG2.5.0.0
2024-11-29 10:25:22,403 [WARN] PackLoader:240 - Cannot read IP mode file for Cesanta.I-CUBE-Mongoose.7.13.0
2024-11-29 10:25:22,424 [WARN] PackLoader:240 - Cannot read IP mode file for STMicroelectronics.X-CUBE-AZRTOS-G4.2.0.0
2024-11-29 10:25:22,434 [WARN] PackLoader:240 - Cannot read IP mode file for STMicroelectronics.X-CUBE-ISPU.2.0.0
2024-11-29 10:25:22,441 [WARN] PackLoader:240 - Cannot read IP mode file for STMicroelectronics.X-CUBE-ALS.1.0.2
2024-11-29 10:25:22,507 [WARN] PackLoader:240 - Cannot read IP mode file for STMicroelectronics.X-CUBE-MEMS1.10.0.0
2024-11-29 10:25:22,697 [WARN] PackLoader:240 - Cannot read IP mode file for STMicroelectronics.X-CUBE-TOUCHGFX.4.24.0
2024-11-29 10:25:22,701 [WARN] PackLoader:240 - Cannot read IP mode file for STMicroelectronics.X-CUBE-TOUCHGFX.4.24.1
2024-11-29 10:25:22,706 [WARN] PackLoader:240 - Cannot read IP mode file for wolfSSL.I-CUBE-wolfTPM.3.4.0
2024-11-29 10:25:22,712 [WARN] PackLoader:240 - Cannot read IP mode file for portGmbH.I-Cube-SoM-uGOAL.1.1.0
2024-11-29 10:25:22,734 [WARN] PackLoader:240 - Cannot read IP mode file for STMicroelectronics.X-CUBE-AZRTOS-H7RS.1.0.0
2024-11-29 10:25:22,742 [WARN] PackLoader:240 - Cannot read IP mode file for STMicroelectronics.FP-ATR-ASTRA1.2.0.0
2024-11-29 10:25:22,755 [WARN] PackLoader:240 - Cannot read IP mode file for STMicroelectronics.X-CUBE-TOF1.3.4.2
2024-11-29 10:25:22,779 [WARN] PackLoader:240 - Cannot read IP mode file for STMicroelectronics.X-CUBE-TOF1.3.4.1
2024-11-29 10:25:22,819 [WARN] PackLoader:240 - Cannot read IP mode file for STMicroelectronics.X-CUBE-AZRTOS-H7.3.2.0
2024-11-29 10:25:22,838 [WARN] PackLoader:240 - Cannot read IP mode file for Infineon.AIROC-Wi-Fi-Bluetooth-STM32.1.6.0
2024-11-29 10:25:22,851 [WARN] PackLoader:240 - Cannot read IP mode file for wolfSSL.I-CUBE-wolfSSH.1.4.17
2024-11-29 10:25:22,852 [INFO] ThirdParty:978 - Integrity check success = true
2024-11-29 10:25:22,852 [INFO] IntegrityCheckThread:100 - exiting critical section [integrity check]
2024-11-29 10:25:22,852 [INFO] IntegrityCheckThread:103 - End integrity checks thread
2024-11-29 10:25:22,852 [INFO] ThirdParty:873 - entering critical section [close project]
2024-11-29 10:25:22,853 [INFO] ThirdParty:883 - exiting critical section [close project]
2024-11-29 10:25:22,859 [INFO] PinOutPanel:1561 - setPackage(No Configuration,No Configuration)
2024-11-29 10:25:22,869 [INFO] UtilMem:75 - Begin LoadConfig() Used Memory: 199929680 Bytes (300941312)
2024-11-29 10:25:22,871 [INFO] MicroXplorer:468 - Change Database Path : 
2024-11-29 10:25:22,871 [INFO] MicroXplorer:498 - Change Database Version : DB.6.0.111
2024-11-29 10:25:22,872 [INFO] OpenFileManager:312 - Change cursor
2024-11-29 10:25:22,932 [INFO] Mcu:2021 - Initializing MCU STM32F415RGTx STM32F415RGTx STM32F415RGT6
2024-11-29 10:25:25,601 [INFO] Context:663 - Trying to add GPIOservice into a context  which must be forbidden
2024-11-29 10:25:26,641 [INFO] RtosManager:555 - Registered RTOS mode: class=CMSIS, group=RTOS, mode=CMSIS_V1, owner=FREERTOS
2024-11-29 10:25:26,641 [INFO] RtosManager:555 - Registered RTOS mode: class=CMSIS, group=RTOS2, mode=CMSIS_V2, owner=FREERTOS
2024-11-29 10:25:26,641 [INFO] RtosManager:555 - Registered RTOS mode: class=RTOS, group=Core, mode=CMSIS_V1, owner=FREERTOS
2024-11-29 10:25:26,641 [INFO] RtosManager:555 - Registered RTOS mode: class=RTOS, group=Core, mode=CMSIS_V2, owner=FREERTOS
2024-11-29 10:25:26,641 [WARN] ModelIntegratedComponent:184 - Missing modes for component STMicroelectronics:FreeRTOS:0.0.1:STMicroelectronics:RTOS:FreeRTOS:Core:::10.2.0:
2024-11-29 10:25:26,656 [WARN] ModelIntegratedComponent:63 - No mode defined for component null
2024-11-29 10:25:26,657 [WARN] ModelIntegratedComponent:63 - No mode defined for component null
2024-11-29 10:25:26,657 [WARN] ModelIntegratedComponent:63 - No mode defined for component null
2024-11-29 10:25:26,657 [WARN] ModelIntegratedComponent:63 - No mode defined for component null
2024-11-29 10:25:26,657 [WARN] ModelIntegratedComponent:63 - No mode defined for component null
2024-11-29 10:25:26,657 [WARN] ModelIntegratedComponent:63 - No mode defined for component null
2024-11-29 10:25:26,657 [WARN] ModelIntegratedComponent:63 - No mode defined for component null
2024-11-29 10:25:26,657 [WARN] ModelIntegratedComponent:63 - No mode defined for component null
2024-11-29 10:25:26,657 [WARN] ModelIntegratedComponent:63 - No mode defined for component null
2024-11-29 10:25:26,657 [WARN] ModelIntegratedComponent:63 - No mode defined for component null
2024-11-29 10:25:26,657 [WARN] ModelIntegratedComponent:63 - No mode defined for component null
2024-11-29 10:25:26,657 [WARN] ModelIntegratedComponent:63 - No mode defined for component null
2024-11-29 10:25:26,657 [WARN] ModelIntegratedComponent:63 - No mode defined for component null
2024-11-29 10:25:26,657 [WARN] ModelIntegratedComponent:63 - No mode defined for component null
2024-11-29 10:25:26,658 [WARN] ModelIntegratedComponent:63 - No mode defined for component null
2024-11-29 10:25:26,658 [WARN] ModelIntegratedComponent:63 - No mode defined for component null
2024-11-29 10:25:26,658 [WARN] ModelIntegratedComponent:63 - No mode defined for component null
2024-11-29 10:25:26,658 [WARN] ModelIntegratedComponent:63 - No mode defined for component null
2024-11-29 10:25:26,658 [WARN] ModelIntegratedComponent:63 - No mode defined for component null
2024-11-29 10:25:26,658 [WARN] ModelIntegratedComponent:63 - No mode defined for component null
2024-11-29 10:25:26,658 [WARN] ModelIntegratedComponent:63 - No mode defined for component null
2024-11-29 10:25:26,658 [WARN] ModelIntegratedComponent:63 - No mode defined for component null
2024-11-29 10:25:26,658 [WARN] ModelIntegratedComponent:63 - No mode defined for component null
2024-11-29 10:25:26,658 [WARN] ModelIntegratedComponent:63 - No mode defined for component null
2024-11-29 10:25:26,658 [WARN] ModelIntegratedComponent:63 - No mode defined for component null
2024-11-29 10:25:26,658 [WARN] ModelIntegratedComponent:63 - No mode defined for component null
2024-11-29 10:25:26,658 [WARN] ModelIntegratedComponent:63 - No mode defined for component null
2024-11-29 10:25:26,658 [WARN] ModelIntegratedComponent:63 - No mode defined for component null
2024-11-29 10:25:26,658 [WARN] ModelIntegratedComponent:63 - No mode defined for component null
2024-11-29 10:25:26,658 [WARN] ModelIntegratedComponent:63 - No mode defined for component null
2024-11-29 10:25:26,658 [WARN] ModelIntegratedComponent:63 - No mode defined for component null
2024-11-29 10:25:26,659 [WARN] ModelIntegratedComponent:63 - No mode defined for component null
2024-11-29 10:25:26,659 [WARN] ModelIntegratedComponent:63 - No mode defined for component null
2024-11-29 10:25:26,659 [WARN] ModelIntegratedComponent:63 - No mode defined for component null
2024-11-29 10:25:26,789 [INFO] ThirdPartyModel:298 - Start build external matchings
2024-11-29 10:25:27,659 [INFO] ThirdPartyModel:316 - End build external matchings
2024-11-29 10:25:27,712 [INFO] ImportTextPane:194 - (OptionalMessage_ERROR) IP (DMA) : Parameter (Instance) has Id (ADC1) currently not set
2024-11-29 10:25:27,714 [INFO] ImportTextPane:194 - (OptionalMessage_ERROR) IP (DMA) : Parameter (Channel) has Id (ADC1) currently not set
2024-11-29 10:25:27,714 [INFO] ImportTextPane:194 - (OptionalMessage_ERROR) IP (DMA) : Parameter (Direction) has Id (ADC1) currently not set
2024-11-29 10:25:27,714 [INFO] ImportTextPane:194 - (OptionalMessage_ERROR) IP (DMA) : Parameter (PeriphInc) has Id (ADC1) currently not set
2024-11-29 10:25:27,714 [INFO] ImportTextPane:194 - (OptionalMessage_ERROR) IP (DMA) : Parameter (MemInc) has Id (ADC1) currently not set
2024-11-29 10:25:27,715 [INFO] ImportTextPane:194 - (OptionalMessage_ERROR) IP (DMA) : Parameter (PeriphDataAlignment) has Id (ADC1) currently not set
2024-11-29 10:25:27,716 [INFO] ImportTextPane:194 - (OptionalMessage_ERROR) IP (DMA) : Parameter (MemDataAlignment) has Id (ADC1) currently not set
2024-11-29 10:25:27,716 [INFO] ImportTextPane:194 - (OptionalMessage_ERROR) IP (DMA) : Parameter (Mode) has Id (ADC1) currently not set
2024-11-29 10:25:27,716 [INFO] ImportTextPane:194 - (OptionalMessage_ERROR) IP (DMA) : Parameter (Priority) has Id (ADC1) currently not set
2024-11-29 10:25:27,716 [INFO] ImportTextPane:194 - (OptionalMessage_ERROR) IP (DMA) : Parameter (FIFOMode) has Id (ADC1) currently not set
2024-11-29 10:25:27,716 [INFO] ImportTextPane:194 - (OptionalMessage_ERROR) IP (DMA) : Parameter (Instance) has Id (SPI2_TX) currently not set
2024-11-29 10:25:27,716 [INFO] ImportTextPane:194 - (OptionalMessage_ERROR) IP (DMA) : Parameter (Channel) has Id (SPI2_TX) currently not set
2024-11-29 10:25:27,716 [INFO] ImportTextPane:194 - (OptionalMessage_ERROR) IP (DMA) : Parameter (Direction) has Id (SPI2_TX) currently not set
2024-11-29 10:25:27,716 [INFO] ImportTextPane:194 - (OptionalMessage_ERROR) IP (DMA) : Parameter (PeriphInc) has Id (SPI2_TX) currently not set
2024-11-29 10:25:27,716 [INFO] ImportTextPane:194 - (OptionalMessage_ERROR) IP (DMA) : Parameter (MemInc) has Id (SPI2_TX) currently not set
2024-11-29 10:25:27,716 [INFO] ImportTextPane:194 - (OptionalMessage_ERROR) IP (DMA) : Parameter (PeriphDataAlignment) has Id (SPI2_TX) currently not set
2024-11-29 10:25:27,716 [INFO] ImportTextPane:194 - (OptionalMessage_ERROR) IP (DMA) : Parameter (MemDataAlignment) has Id (SPI2_TX) currently not set
2024-11-29 10:25:27,717 [INFO] ImportTextPane:194 - (OptionalMessage_ERROR) IP (DMA) : Parameter (Mode) has Id (SPI2_TX) currently not set
2024-11-29 10:25:27,717 [INFO] ImportTextPane:194 - (OptionalMessage_ERROR) IP (DMA) : Parameter (Priority) has Id (SPI2_TX) currently not set
2024-11-29 10:25:27,717 [INFO] ImportTextPane:194 - (OptionalMessage_ERROR) IP (DMA) : Parameter (FIFOMode) has Id (SPI2_TX) currently not set
2024-11-29 10:25:27,717 [INFO] ImportTextPane:194 - (OptionalMessage_ERROR) IP (DMA) : Parameter (Instance) has Id (I2S2_EXT_RX) currently not set
2024-11-29 10:25:27,717 [INFO] ImportTextPane:194 - (OptionalMessage_ERROR) IP (DMA) : Parameter (Channel) has Id (I2S2_EXT_RX) currently not set
2024-11-29 10:25:27,717 [INFO] ImportTextPane:194 - (OptionalMessage_ERROR) IP (DMA) : Parameter (Direction) has Id (I2S2_EXT_RX) currently not set
2024-11-29 10:25:27,717 [INFO] ImportTextPane:194 - (OptionalMessage_ERROR) IP (DMA) : Parameter (PeriphInc) has Id (I2S2_EXT_RX) currently not set
2024-11-29 10:25:27,717 [INFO] ImportTextPane:194 - (OptionalMessage_ERROR) IP (DMA) : Parameter (MemInc) has Id (I2S2_EXT_RX) currently not set
2024-11-29 10:25:27,717 [INFO] ImportTextPane:194 - (OptionalMessage_ERROR) IP (DMA) : Parameter (PeriphDataAlignment) has Id (I2S2_EXT_RX) currently not set
2024-11-29 10:25:27,717 [INFO] ImportTextPane:194 - (OptionalMessage_ERROR) IP (DMA) : Parameter (MemDataAlignment) has Id (I2S2_EXT_RX) currently not set
2024-11-29 10:25:27,717 [INFO] ImportTextPane:194 - (OptionalMessage_ERROR) IP (DMA) : Parameter (Mode) has Id (I2S2_EXT_RX) currently not set
2024-11-29 10:25:27,717 [INFO] ImportTextPane:194 - (OptionalMessage_ERROR) IP (DMA) : Parameter (Priority) has Id (I2S2_EXT_RX) currently not set
2024-11-29 10:25:27,717 [INFO] ImportTextPane:194 - (OptionalMessage_ERROR) IP (DMA) : Parameter (FIFOMode) has Id (I2S2_EXT_RX) currently not set
2024-11-29 10:25:27,719 [WARN] IP:2120 - I2C_Coeff_DF not found: check if there is a RefParameter without a condition.
2024-11-29 10:25:27,720 [WARN] IP:2120 - Analog_Filter not found: check if there is a RefParameter without a condition.
2024-11-29 10:25:28,288 [INFO] ApiDb:581 - Connected to CubeFinder SQLite database (C:\Users\chase\.stmcufinder\plugins\mcufinder\mcu\cube-finder-db.db)
2024-11-29 10:25:28,443 [INFO] ApiDb:668 - CubeFinder database Data Model version=2.1
2024-11-29 10:25:28,443 [INFO] ApiDb:669 - CubeFinder database Configuration version=3.0.39
2024-11-29 10:25:28,444 [INFO] ApiDb:670 - CubeFinder database generation date=2024-10-15 (1729006872)
2024-11-29 10:25:28,444 [INFO] ApiDb:671 - CubeFinder database FW Pack versions=[FP-ATR-ASTRA1_V2.0.0, FP-SNS-FLIGHT1_V5.0.2, FP-SNS-MOTENV1_V5.0.0, FP-SNS-MOTENVWB1_V1.4.0, FP-SNS-SMARTAG2_V1.2.0, FP-SNS-STBOX1_V2.0.0, STM32Cube_FW_C0_V1.2.0, STM32Cube_FW_F4_V1.28.1, STM32Cube_FW_F7_V1.17.2, STM32Cube_FW_G0_V1.6.2, STM32Cube_FW_G4_V1.6.0, STM32Cube_FW_H5_V1.3.0, STM32Cube_FW_H7RS_V1.1.0, STM32Cube_FW_H7_V1.11.2, STM32Cube_FW_L0_V1.12.2, STM32Cube_FW_L5_V1.5.1, STM32Cube_FW_U0_V1.1.0, STM32Cube_FW_U5_V1.6.0, STM32Cube_FW_WB0_V1.0.0, STM32Cube_FW_WBA_V1.4.1, STM32Cube_FW_WB_V1.20.0, STM32Cube_FW_WL_V1.3.0, X-CUBE-ALGOBUILD_V1.4.0, X-CUBE-ALS_V1.0.2, X-CUBE-AZRTOS-F4_V1.1.0, X-CUBE-AZRTOS-F7_V1.1.0, X-CUBE-AZRTOS-G0_V1.1.0, X-CUBE-AZRTOS-G4_V2.0.0, X-CUBE-AZRTOS-H7RS_V1.0.0, X-CUBE-AZRTOS-H7_V3.3.0, X-CUBE-AZRTOS-L4_V2.0.0, X-CUBE-AZRTOS-L5_V2.0.0, X-CUBE-AZRTOS-WB_V2.0.0, X-CUBE-AZRTOS-WL_V2.0.0, X-CUBE-BLE1_V7.0.0, X-CUBE-BLE2_V3.3.0, X-CUBE-BLEMGR_V3.1.0, X-CUBE-EEPRMA1_V5.1.0, X-CUBE-FREERTOS_V1.2.0, X-CUBE-GNSS1_V6.0.0, X-CUBE-MEMS1_V11.0.0, X-CUBE-NFC4_V3.0.0, X-CUBE-NFC7_V1.0.1, X-CUBE-SFXS2LP1_V4.0.0, X-CUBE-SUBG2_V5.0.0, X-CUBE-TOF1_V3.4.2]
2024-11-29 10:25:28,617 [INFO] DbBoardsSqlite:226 - include board P-NUCLEO-WB55-NUCLEO as a kit item of type 'Nucleo-64'
2024-11-29 10:25:28,617 [INFO] DbBoardsSqlite:226 - include board P-NUCLEO-WB55-USBDONGLE as a kit item of type 'Nucleo USB Dongle'
2024-11-29 10:25:28,618 [INFO] DbBoardsSqlite:226 - include board STEVAL-IDP005V1 as a kit item of type 'Evaluation Board'
2024-11-29 10:25:28,618 [INFO] DbBoardsSqlite:226 - include board STEVAL-IDP005V2 as a kit item of type 'Evaluation Board'
2024-11-29 10:25:28,952 [INFO] ApiDb:240 - Found 483 in-development CPN: [B-G473E-ZEST1S, B-WB1M-WPAN1, B-WL5M-SUBG1, NUCLEO-C031C6, NUCLEO-H503RB, NUCLEO-H533RE, NUCLEO-H563ZI, NUCLEO-H7S3L8, NUCLEO-U031R8, NUCLEO-U083RC, NUCLEO-U545RE-Q, NUCLEO-U5A5ZJ-Q, NUCLEO-WBA52CG, NUCLEO-WBA55CG, STEVAL-PROTEUS1, STEVAL-SMARTAG2, STEVAL-STWINBX1, STM320518-EVAL, STM32C0116-DK, STM32C011D6Y3TR, STM32C011D6Y6TR, STM32C011F4P3, STM32C011F4P6, STM32C011F4U3, STM32C011F4U6TR, STM32C011F6P3, STM32C011F6P6, STM32C011F6U3, STM32C011F6U6TR, STM32C011J4M3, STM32C011J4M6, STM32C011J6M3, STM32C011J6M6, STM32C0316-DK, STM32C031C4T3, STM32C031C4T6, STM32C031C4U3, STM32C031C4U6, STM32C031C6T3, STM32C031C6T6, STM32C031C6U3, STM32C031C6U6, STM32C031F4P3, STM32C031F4P6, STM32C031F6P3, STM32C031F6P6, STM32C031G4U3, STM32C031G4U6, STM32C031G6U3, STM32C031G6U6, STM32C031K4T3, STM32C031K4T6, STM32C031K4U3, STM32C031K4U6, STM32C031K6T3, STM32C031K6T6, STM32C031K6U3, STM32C031K6U6, STM32G071K8TXN, STM32G071K8UXN, STM32G081GBU6N, STM32G081KBT6N, STM32G081KBUXN, STM32G0B1CCT6N, STM32G0B1KCT6, STM32G0B1NEY6TR, STM32G0B1RCT6N, STM32G0C1CCT6, STM32G0C1CCT6N, STM32G0C1CCU6N, STM32G0C1CET6N, STM32G0C1CEU6N, STM32G0C1KCT6, STM32G0C1NEY6TR, STM32G0C1RCI6N, STM32G0C1RCT6N, STM32G0C1REI6N, STM32G0C1RET6N, STM32G0C1VCI6, STM32G0C1VEI6, STM32G471CCT6, STM32G471CCU6, STM32G471CET3, STM32G471CET6, STM32G471CEU3, STM32G471CEU6, STM32G471MCT6, STM32G471MET3, STM32G471MET6, STM32G471MEY6TR, STM32G471QCT6, STM32G471QET3, STM32G471RCT6, STM32G471RET3, STM32G471RET6, STM32G471VCH6, STM32G471VCI6, STM32G471VCT6, STM32G471VEH3, STM32G471VEH6, STM32G471VEI3, STM32G471VEI6, STM32G471VET3, STM32G471VET6, STM32G474CCT6, STM32H503CBT6, STM32H503CBU6, STM32H503EBY6TR, STM32H503KBU6, STM32H503RBT6, STM32H523CCT6, STM32H523CCU6, STM32H523CET6, STM32H523CEU6, STM32H523HEY6TR, STM32H523RCT6, STM32H523RET6, STM32H523VCI6, STM32H523VCT6, STM32H523VEI6, STM32H523VET6, STM32H523ZCJ6, STM32H523ZCT6, STM32H523ZEJ6, STM32H523ZET6, STM32H533CET6, STM32H533CEU6, STM32H533HEY6TR, STM32H533RET6, STM32H533VEI6, STM32H533VET6, STM32H533ZEJ6, STM32H533ZET6, STM32H562AGI6, STM32H562AII6, STM32H562IGK6, STM32H562IGT6, STM32H562IIK6, STM32H562IIT6, STM32H562RGT6, STM32H562RGV6, STM32H562RIT6, STM32H562RIV6, STM32H562VGT6, STM32H562VIT6, STM32H562ZGT6, STM32H562ZIT6, STM32H563AGI6, STM32H563AII3Q, STM32H563AII6, STM32H563IGK6, STM32H563IGT6, STM32H563IIK3Q, STM32H563IIK6, STM32H563IIT3Q, STM32H563IIT6, STM32H563MIY3QTR, STM32H563RGT6, STM32H563RGV6, STM32H563RIT6, STM32H563RIV6, STM32H563VGT6, STM32H563VIT3Q, STM32H563VIT6, STM32H563ZGT6, STM32H563ZIT3Q, STM32H563ZIT6, STM32H573AII3Q, STM32H573AII6, STM32H573I-DK, STM32H573IIK3Q, STM32H573IIK6, STM32H573IIT3Q, STM32H573IIT6, STM32H573MIY3QTR, STM32H573RIT6, STM32H573RIV6, STM32H573VIT3Q, STM32H573VIT6, STM32H573ZIT3Q, STM32H573ZIT6, STM32H7R3A8I6, STM32H7R3I8K6, STM32H7R3I8T6, STM32H7R3L8H6, STM32H7R3L8H6H, STM32H7R3R8V6, STM32H7R3V8H6, STM32H7R3V8T6, STM32H7R3V8Y6, STM32H7R3Z8J6, STM32H7R3Z8T6, STM32H7R7A8I6, STM32H7R7I8K6, STM32H7R7I8T6, STM32H7R7L8H6, STM32H7R7L8H6H, STM32H7R7Z8J6, STM32H7S3A8I6, STM32H7S3I8K6, STM32H7S3I8T6, STM32H7S3L8H6, STM32H7S3L8H6H, STM32H7S3R8V6, STM32H7S3V8H6, STM32H7S3V8T6, STM32H7S3V8Y6, STM32H7S3Z8J6, STM32H7S3Z8T6, STM32H7S78-DK, STM32H7S7A8I6, STM32H7S7I8K6, STM32H7S7I8T6, STM32H7S7L8H6, STM32H7S7L8H6H, STM32H7S7Z8J6, STM32L4R5QGI6STR, STM32MP131AAE3, STM32MP131AAF3, STM32MP131AAG3, STM32MP131CAE3, STM32MP131CAF3, STM32MP131CAG3, STM32MP131DAE7, STM32MP131DAF7, STM32MP131DAG7, STM32MP131FAE7, STM32MP131FAF7, STM32MP131FAG7, STM32MP133AAE3, STM32MP133AAF3, STM32MP133AAG3, STM32MP133CAE3, STM32MP133CAF3, STM32MP133CAG3, STM32MP133DAE7, STM32MP133DAF7, STM32MP133DAG7, STM32MP133FAE7, STM32MP133FAF7, STM32MP133FAG7, STM32MP135AAE3, STM32MP135AAF3, STM32MP135AAG3, STM32MP135CAE3, STM32MP135CAF3, STM32MP135CAG3, STM32MP135DAE7, STM32MP135DAF7, STM32MP135DAG7, STM32MP135F-DK, STM32MP135FAE7, STM32MP135FAF7, STM32MP135FAF7T, STM32MP135FAF7U, STM32MP135FAG7, STM32U031C6T6, STM32U031C6U6, STM32U031C8T6, STM32U031C8U6, STM32U031F4P6, STM32U031F6P6, STM32U031F8P6, STM32U031G6Y6TR, STM32U031G8Y6TR, STM32U031K4U6, STM32U031K6U6, STM32U031K8U6, STM32U031R6I6, STM32U031R6T6, STM32U031R8I6, STM32U031R8T6, STM32U073C8T6, STM32U073C8U6, STM32U073CBT6, STM32U073CBU6, STM32U073CCT6, STM32U073CCU6, STM32U073H8Y6TR, STM32U073HBY6TR, STM32U073HCY6TR, STM32U073K8U6, STM32U073KBU6, STM32U073KCU6, STM32U073M8I6, STM32U073M8T6, STM32U073MBI6, STM32U073MBT6, STM32U073MCI6, STM32U073MCT6, STM32U073R8I6, STM32U073R8T6, STM32U073RBI6, STM32U073RBT6, STM32U073RCI6, STM32U073RCT6, STM32U083C-DK, STM32U083CCT6, STM32U083CCU6, STM32U083HCY6TR, STM32U083KCU6, STM32U083MCI6, STM32U083MCT6, STM32U083RCI6, STM32U083RCT6, STM32U535CBT6, STM32U535CBT6Q, STM32U535CBU6, STM32U535CBU6Q, STM32U535CCT6, STM32U535CCT6Q, STM32U535CCU6, STM32U535CCU6Q, STM32U535CET6, STM32U535CET6Q, STM32U535CEU6, STM32U535CEU6Q, STM32U535JEY6QTR, STM32U535NCY6QTR, STM32U535NEY6QTR, STM32U535RBI6, STM32U535RBI6Q, STM32U535RBT6, STM32U535RBT6Q, STM32U535RCI6, STM32U535RCI6Q, STM32U535RCT6, STM32U535RCT6Q, STM32U535REI6, STM32U535REI6Q, STM32U535RET6, STM32U535RET6Q, STM32U535VCI6, STM32U535VCI6Q, STM32U535VCT6, STM32U535VCT6Q, STM32U535VEI6, STM32U535VEI6Q, STM32U535VET6, STM32U535VET6Q, STM32U545CET6, STM32U545CET6Q, STM32U545CEU6, STM32U545CEU6Q, STM32U545JEY6QTR, STM32U545NEY6QTR, STM32U545REI6, STM32U545REI6Q, STM32U545RET6, STM32U545RET6Q, STM32U545VEI6, STM32U545VEI6Q, STM32U545VET6, STM32U545VET6Q, STM32U595AIH6, STM32U595AIH6Q, STM32U595AJH6, STM32U595AJH6Q, STM32U595QII6, STM32U595QII6Q, STM32U595QJI6, STM32U595QJI6Q, STM32U595RIT6, STM32U595RIT6Q, STM32U595RJT6, STM32U595RJT6Q, STM32U595VIT6, STM32U595VIT6Q, STM32U595VJT6, STM32U595VJT6Q, STM32U595ZIT6, STM32U595ZIT6Q, STM32U595ZIY6QTR, STM32U595ZJT6, STM32U595ZJT6Q, STM32U595ZJY6QTR, STM32U599BJY6QTR, STM32U599NIH6Q, STM32U599NJH6Q, STM32U599VIT6Q, STM32U599VJT6, STM32U599VJT6Q, STM32U599ZIT6Q, STM32U599ZIY6QTR, STM32U599ZJT6Q, STM32U599ZJY6QTR, STM32U5A5AJH6, STM32U5A5AJH6Q, STM32U5A5QII3Q , STM32U5A5QJI6, STM32U5A5QJI6Q, STM32U5A5RJT6, STM32U5A5RJT6Q, STM32U5A5VJT6, STM32U5A5VJT6Q, STM32U5A5ZJT6, STM32U5A5ZJT6Q, STM32U5A5ZJY6QTR, STM32U5A9BJY6QTR, STM32U5A9J-DK, STM32U5A9NJH6Q, STM32U5A9VJT6Q, STM32U5A9ZJT6Q, STM32U5A9ZJY6QTR, STM32U5F7VIT6, STM32U5F7VIT6Q, STM32U5F7VJT6, STM32U5F7VJT6Q, STM32U5F9BJY6QTR, STM32U5F9NJH6Q, STM32U5F9VIT6Q, STM32U5F9VJT6Q, STM32U5F9ZIJ6QTR, STM32U5F9ZIT6Q, STM32U5F9ZJJ6QTR, STM32U5F9ZJT6Q, STM32U5G7VJT6, STM32U5G7VJT6Q, STM32U5G9BJY6QTR, STM32U5G9J-DK1, STM32U5G9J-DK2, STM32U5G9NJH6Q, STM32U5G9VJT6Q, STM32U5G9ZJJ6QTR, STM32U5G9ZJT6Q, STM32WB1MMCH6, STM32WBA50KEU6, STM32WBA50KEU6TR, STM32WBA50KGU6, STM32WBA50KGU6TR, STM32WBA52CEU6, STM32WBA52CEU6TR, STM32WBA52CEU7, STM32WBA52CEU7TR, STM32WBA52CGU6, STM32WBA52CGU6TR, STM32WBA52CGU6U, STM32WBA52CGU7, STM32WBA52CGU7TR, STM32WBA52KEU6, STM32WBA52KEU6TR, STM32WBA52KGU6, STM32WBA52KGU6TR, STM32WBA54CEU6, STM32WBA54CEU6TR, STM32WBA54CEU7, STM32WBA54CEU7TR, STM32WBA54CGU6, STM32WBA54CGU6TR, STM32WBA54CGU7, STM32WBA54CGU7TR, STM32WBA54KEU6, STM32WBA54KEU6TR, STM32WBA54KEU7, STM32WBA54KEU7TR, STM32WBA54KGU6, STM32WBA54KGU6TR, STM32WBA54KGU7, STM32WBA54KGU7TR, STM32WBA55CEU6, STM32WBA55CEU6TR, STM32WBA55CEU7, STM32WBA55CEU7TR, STM32WBA55CGU6, STM32WBA55CGU6TR, STM32WBA55CGU6U, STM32WBA55CGU7, STM32WBA55CGU7TR, STM32WBA55G-DK1, STM32WBA55HEF6, STM32WBA55HEF7, STM32WBA55HGF6, STM32WBA55HGF7, STM32WBA55UEI6, STM32WBA55UEI6TR, STM32WBA55UEI7, STM32WBA55UEI7TR, STM32WBA55UGI6, STM32WBA55UGI6TR, STM32WBA55UGI7, STM32WBA55UGI7TR, STM32WL5MOCH6, STM32WL5MOCH6TR]
2024-11-29 10:25:29,001 [INFO] BoardInfo:889 - No configuration file found for board NUCLEO-C071RB
2024-11-29 10:25:29,002 [INFO] DbBoards:161 - Board is not supported: NUCLEO-C071RB
2024-11-29 10:25:29,175 [INFO] BoardInfo:889 - No configuration file found for board NUCLEO-WB05KZ
2024-11-29 10:25:29,176 [INFO] DbBoards:161 - Board is not supported: NUCLEO-WB05KZ
2024-11-29 10:25:29,179 [INFO] BoardInfo:889 - No configuration file found for board NUCLEO-WB07CC
2024-11-29 10:25:29,181 [INFO] DbBoards:161 - Board is not supported: NUCLEO-WB07CC
2024-11-29 10:25:29,184 [INFO] BoardInfo:889 - No configuration file found for board NUCLEO-WB09KE
2024-11-29 10:25:29,185 [INFO] DbBoards:161 - Board is not supported: NUCLEO-WB09KE
2024-11-29 10:25:29,210 [INFO] BoardInfo:889 - No configuration file found for board P-NUCLEO-WB55
2024-11-29 10:25:29,210 [INFO] DbBoards:161 - Kit is not supported: P-NUCLEO-WB55
2024-11-29 10:25:29,222 [INFO] BoardInfo:889 - No configuration file found for board STEVAL-BFA001V1B
2024-11-29 10:25:29,223 [INFO] DbBoards:161 - Kit is not supported: STEVAL-BFA001V1B
2024-11-29 10:25:29,225 [INFO] BoardInfo:889 - No configuration file found for board STEVAL-BFA001V2B
2024-11-29 10:25:29,226 [INFO] DbBoards:161 - Kit is not supported: STEVAL-BFA001V2B
2024-11-29 10:25:29,718 [INFO] BoardInfo:889 - No configuration file found for board STM32MP257F-DK
2024-11-29 10:25:29,719 [INFO] DbBoards:161 - Board is not supported: STM32MP257F-DK
2024-11-29 10:25:29,721 [INFO] BoardInfo:889 - No configuration file found for board STM32MP257F-EV1
2024-11-29 10:25:29,722 [INFO] DbBoards:161 - Board is not supported: STM32MP257F-EV1
2024-11-29 10:25:29,743 [INFO] DbBoards:168 - Found 201 boards, 192 are supported
2024-11-29 10:25:29,743 [INFO] DbBoards:169 - Found 201 boards, 8 of them is supported for  Bsp
2024-11-29 10:25:29,758 [INFO] ApiDb:668 - CubeFinder database Data Model version=2.1
2024-11-29 10:25:29,758 [INFO] ApiDb:669 - CubeFinder database Configuration version=3.0.39
2024-11-29 10:25:29,758 [INFO] ApiDb:670 - CubeFinder database generation date=2024-10-15 (1729006872)
2024-11-29 10:25:29,758 [INFO] ApiDb:671 - CubeFinder database FW Pack versions=[FP-ATR-ASTRA1_V2.0.0, FP-SNS-FLIGHT1_V5.0.2, FP-SNS-MOTENV1_V5.0.0, FP-SNS-MOTENVWB1_V1.4.0, FP-SNS-SMARTAG2_V1.2.0, FP-SNS-STBOX1_V2.0.0, STM32Cube_FW_C0_V1.2.0, STM32Cube_FW_F4_V1.28.1, STM32Cube_FW_F7_V1.17.2, STM32Cube_FW_G0_V1.6.2, STM32Cube_FW_G4_V1.6.0, STM32Cube_FW_H5_V1.3.0, STM32Cube_FW_H7RS_V1.1.0, STM32Cube_FW_H7_V1.11.2, STM32Cube_FW_L0_V1.12.2, STM32Cube_FW_L5_V1.5.1, STM32Cube_FW_U0_V1.1.0, STM32Cube_FW_U5_V1.6.0, STM32Cube_FW_WB0_V1.0.0, STM32Cube_FW_WBA_V1.4.1, STM32Cube_FW_WB_V1.20.0, STM32Cube_FW_WL_V1.3.0, X-CUBE-ALGOBUILD_V1.4.0, X-CUBE-ALS_V1.0.2, X-CUBE-AZRTOS-F4_V1.1.0, X-CUBE-AZRTOS-F7_V1.1.0, X-CUBE-AZRTOS-G0_V1.1.0, X-CUBE-AZRTOS-G4_V2.0.0, X-CUBE-AZRTOS-H7RS_V1.0.0, X-CUBE-AZRTOS-H7_V3.3.0, X-CUBE-AZRTOS-L4_V2.0.0, X-CUBE-AZRTOS-L5_V2.0.0, X-CUBE-AZRTOS-WB_V2.0.0, X-CUBE-AZRTOS-WL_V2.0.0, X-CUBE-BLE1_V7.0.0, X-CUBE-BLE2_V3.3.0, X-CUBE-BLEMGR_V3.1.0, X-CUBE-EEPRMA1_V5.1.0, X-CUBE-FREERTOS_V1.2.0, X-CUBE-GNSS1_V6.0.0, X-CUBE-MEMS1_V11.0.0, X-CUBE-NFC4_V3.0.0, X-CUBE-NFC7_V1.0.1, X-CUBE-SFXS2LP1_V4.0.0, X-CUBE-SUBG2_V5.0.0, X-CUBE-TOF1_V3.4.2]
2024-11-29 10:25:31,583 [INFO] ApiDb:240 - Found 483 in-development CPN: [B-G473E-ZEST1S, B-WB1M-WPAN1, B-WL5M-SUBG1, NUCLEO-C031C6, NUCLEO-H503RB, NUCLEO-H533RE, NUCLEO-H563ZI, NUCLEO-H7S3L8, NUCLEO-U031R8, NUCLEO-U083RC, NUCLEO-U545RE-Q, NUCLEO-U5A5ZJ-Q, NUCLEO-WBA52CG, NUCLEO-WBA55CG, STEVAL-PROTEUS1, STEVAL-SMARTAG2, STEVAL-STWINBX1, STM320518-EVAL, STM32C0116-DK, STM32C011D6Y3TR, STM32C011D6Y6TR, STM32C011F4P3, STM32C011F4P6, STM32C011F4U3, STM32C011F4U6TR, STM32C011F6P3, STM32C011F6P6, STM32C011F6U3, STM32C011F6U6TR, STM32C011J4M3, STM32C011J4M6, STM32C011J6M3, STM32C011J6M6, STM32C0316-DK, STM32C031C4T3, STM32C031C4T6, STM32C031C4U3, STM32C031C4U6, STM32C031C6T3, STM32C031C6T6, STM32C031C6U3, STM32C031C6U6, STM32C031F4P3, STM32C031F4P6, STM32C031F6P3, STM32C031F6P6, STM32C031G4U3, STM32C031G4U6, STM32C031G6U3, STM32C031G6U6, STM32C031K4T3, STM32C031K4T6, STM32C031K4U3, STM32C031K4U6, STM32C031K6T3, STM32C031K6T6, STM32C031K6U3, STM32C031K6U6, STM32G071K8TXN, STM32G071K8UXN, STM32G081GBU6N, STM32G081KBT6N, STM32G081KBUXN, STM32G0B1CCT6N, STM32G0B1KCT6, STM32G0B1NEY6TR, STM32G0B1RCT6N, STM32G0C1CCT6, STM32G0C1CCT6N, STM32G0C1CCU6N, STM32G0C1CET6N, STM32G0C1CEU6N, STM32G0C1KCT6, STM32G0C1NEY6TR, STM32G0C1RCI6N, STM32G0C1RCT6N, STM32G0C1REI6N, STM32G0C1RET6N, STM32G0C1VCI6, STM32G0C1VEI6, STM32G471CCT6, STM32G471CCU6, STM32G471CET3, STM32G471CET6, STM32G471CEU3, STM32G471CEU6, STM32G471MCT6, STM32G471MET3, STM32G471MET6, STM32G471MEY6TR, STM32G471QCT6, STM32G471QET3, STM32G471RCT6, STM32G471RET3, STM32G471RET6, STM32G471VCH6, STM32G471VCI6, STM32G471VCT6, STM32G471VEH3, STM32G471VEH6, STM32G471VEI3, STM32G471VEI6, STM32G471VET3, STM32G471VET6, STM32G474CCT6, STM32H503CBT6, STM32H503CBU6, STM32H503EBY6TR, STM32H503KBU6, STM32H503RBT6, STM32H523CCT6, STM32H523CCU6, STM32H523CET6, STM32H523CEU6, STM32H523HEY6TR, STM32H523RCT6, STM32H523RET6, STM32H523VCI6, STM32H523VCT6, STM32H523VEI6, STM32H523VET6, STM32H523ZCJ6, STM32H523ZCT6, STM32H523ZEJ6, STM32H523ZET6, STM32H533CET6, STM32H533CEU6, STM32H533HEY6TR, STM32H533RET6, STM32H533VEI6, STM32H533VET6, STM32H533ZEJ6, STM32H533ZET6, STM32H562AGI6, STM32H562AII6, STM32H562IGK6, STM32H562IGT6, STM32H562IIK6, STM32H562IIT6, STM32H562RGT6, STM32H562RGV6, STM32H562RIT6, STM32H562RIV6, STM32H562VGT6, STM32H562VIT6, STM32H562ZGT6, STM32H562ZIT6, STM32H563AGI6, STM32H563AII3Q, STM32H563AII6, STM32H563IGK6, STM32H563IGT6, STM32H563IIK3Q, STM32H563IIK6, STM32H563IIT3Q, STM32H563IIT6, STM32H563MIY3QTR, STM32H563RGT6, STM32H563RGV6, STM32H563RIT6, STM32H563RIV6, STM32H563VGT6, STM32H563VIT3Q, STM32H563VIT6, STM32H563ZGT6, STM32H563ZIT3Q, STM32H563ZIT6, STM32H573AII3Q, STM32H573AII6, STM32H573I-DK, STM32H573IIK3Q, STM32H573IIK6, STM32H573IIT3Q, STM32H573IIT6, STM32H573MIY3QTR, STM32H573RIT6, STM32H573RIV6, STM32H573VIT3Q, STM32H573VIT6, STM32H573ZIT3Q, STM32H573ZIT6, STM32H7R3A8I6, STM32H7R3I8K6, STM32H7R3I8T6, STM32H7R3L8H6, STM32H7R3L8H6H, STM32H7R3R8V6, STM32H7R3V8H6, STM32H7R3V8T6, STM32H7R3V8Y6, STM32H7R3Z8J6, STM32H7R3Z8T6, STM32H7R7A8I6, STM32H7R7I8K6, STM32H7R7I8T6, STM32H7R7L8H6, STM32H7R7L8H6H, STM32H7R7Z8J6, STM32H7S3A8I6, STM32H7S3I8K6, STM32H7S3I8T6, STM32H7S3L8H6, STM32H7S3L8H6H, STM32H7S3R8V6, STM32H7S3V8H6, STM32H7S3V8T6, STM32H7S3V8Y6, STM32H7S3Z8J6, STM32H7S3Z8T6, STM32H7S78-DK, STM32H7S7A8I6, STM32H7S7I8K6, STM32H7S7I8T6, STM32H7S7L8H6, STM32H7S7L8H6H, STM32H7S7Z8J6, STM32L4R5QGI6STR, STM32MP131AAE3, STM32MP131AAF3, STM32MP131AAG3, STM32MP131CAE3, STM32MP131CAF3, STM32MP131CAG3, STM32MP131DAE7, STM32MP131DAF7, STM32MP131DAG7, STM32MP131FAE7, STM32MP131FAF7, STM32MP131FAG7, STM32MP133AAE3, STM32MP133AAF3, STM32MP133AAG3, STM32MP133CAE3, STM32MP133CAF3, STM32MP133CAG3, STM32MP133DAE7, STM32MP133DAF7, STM32MP133DAG7, STM32MP133FAE7, STM32MP133FAF7, STM32MP133FAG7, STM32MP135AAE3, STM32MP135AAF3, STM32MP135AAG3, STM32MP135CAE3, STM32MP135CAF3, STM32MP135CAG3, STM32MP135DAE7, STM32MP135DAF7, STM32MP135DAG7, STM32MP135F-DK, STM32MP135FAE7, STM32MP135FAF7, STM32MP135FAF7T, STM32MP135FAF7U, STM32MP135FAG7, STM32U031C6T6, STM32U031C6U6, STM32U031C8T6, STM32U031C8U6, STM32U031F4P6, STM32U031F6P6, STM32U031F8P6, STM32U031G6Y6TR, STM32U031G8Y6TR, STM32U031K4U6, STM32U031K6U6, STM32U031K8U6, STM32U031R6I6, STM32U031R6T6, STM32U031R8I6, STM32U031R8T6, STM32U073C8T6, STM32U073C8U6, STM32U073CBT6, STM32U073CBU6, STM32U073CCT6, STM32U073CCU6, STM32U073H8Y6TR, STM32U073HBY6TR, STM32U073HCY6TR, STM32U073K8U6, STM32U073KBU6, STM32U073KCU6, STM32U073M8I6, STM32U073M8T6, STM32U073MBI6, STM32U073MBT6, STM32U073MCI6, STM32U073MCT6, STM32U073R8I6, STM32U073R8T6, STM32U073RBI6, STM32U073RBT6, STM32U073RCI6, STM32U073RCT6, STM32U083C-DK, STM32U083CCT6, STM32U083CCU6, STM32U083HCY6TR, STM32U083KCU6, STM32U083MCI6, STM32U083MCT6, STM32U083RCI6, STM32U083RCT6, STM32U535CBT6, STM32U535CBT6Q, STM32U535CBU6, STM32U535CBU6Q, STM32U535CCT6, STM32U535CCT6Q, STM32U535CCU6, STM32U535CCU6Q, STM32U535CET6, STM32U535CET6Q, STM32U535CEU6, STM32U535CEU6Q, STM32U535JEY6QTR, STM32U535NCY6QTR, STM32U535NEY6QTR, STM32U535RBI6, STM32U535RBI6Q, STM32U535RBT6, STM32U535RBT6Q, STM32U535RCI6, STM32U535RCI6Q, STM32U535RCT6, STM32U535RCT6Q, STM32U535REI6, STM32U535REI6Q, STM32U535RET6, STM32U535RET6Q, STM32U535VCI6, STM32U535VCI6Q, STM32U535VCT6, STM32U535VCT6Q, STM32U535VEI6, STM32U535VEI6Q, STM32U535VET6, STM32U535VET6Q, STM32U545CET6, STM32U545CET6Q, STM32U545CEU6, STM32U545CEU6Q, STM32U545JEY6QTR, STM32U545NEY6QTR, STM32U545REI6, STM32U545REI6Q, STM32U545RET6, STM32U545RET6Q, STM32U545VEI6, STM32U545VEI6Q, STM32U545VET6, STM32U545VET6Q, STM32U595AIH6, STM32U595AIH6Q, STM32U595AJH6, STM32U595AJH6Q, STM32U595QII6, STM32U595QII6Q, STM32U595QJI6, STM32U595QJI6Q, STM32U595RIT6, STM32U595RIT6Q, STM32U595RJT6, STM32U595RJT6Q, STM32U595VIT6, STM32U595VIT6Q, STM32U595VJT6, STM32U595VJT6Q, STM32U595ZIT6, STM32U595ZIT6Q, STM32U595ZIY6QTR, STM32U595ZJT6, STM32U595ZJT6Q, STM32U595ZJY6QTR, STM32U599BJY6QTR, STM32U599NIH6Q, STM32U599NJH6Q, STM32U599VIT6Q, STM32U599VJT6, STM32U599VJT6Q, STM32U599ZIT6Q, STM32U599ZIY6QTR, STM32U599ZJT6Q, STM32U599ZJY6QTR, STM32U5A5AJH6, STM32U5A5AJH6Q, STM32U5A5QII3Q , STM32U5A5QJI6, STM32U5A5QJI6Q, STM32U5A5RJT6, STM32U5A5RJT6Q, STM32U5A5VJT6, STM32U5A5VJT6Q, STM32U5A5ZJT6, STM32U5A5ZJT6Q, STM32U5A5ZJY6QTR, STM32U5A9BJY6QTR, STM32U5A9J-DK, STM32U5A9NJH6Q, STM32U5A9VJT6Q, STM32U5A9ZJT6Q, STM32U5A9ZJY6QTR, STM32U5F7VIT6, STM32U5F7VIT6Q, STM32U5F7VJT6, STM32U5F7VJT6Q, STM32U5F9BJY6QTR, STM32U5F9NJH6Q, STM32U5F9VIT6Q, STM32U5F9VJT6Q, STM32U5F9ZIJ6QTR, STM32U5F9ZIT6Q, STM32U5F9ZJJ6QTR, STM32U5F9ZJT6Q, STM32U5G7VJT6, STM32U5G7VJT6Q, STM32U5G9BJY6QTR, STM32U5G9J-DK1, STM32U5G9J-DK2, STM32U5G9NJH6Q, STM32U5G9VJT6Q, STM32U5G9ZJJ6QTR, STM32U5G9ZJT6Q, STM32WB1MMCH6, STM32WBA50KEU6, STM32WBA50KEU6TR, STM32WBA50KGU6, STM32WBA50KGU6TR, STM32WBA52CEU6, STM32WBA52CEU6TR, STM32WBA52CEU7, STM32WBA52CEU7TR, STM32WBA52CGU6, STM32WBA52CGU6TR, STM32WBA52CGU6U, STM32WBA52CGU7, STM32WBA52CGU7TR, STM32WBA52KEU6, STM32WBA52KEU6TR, STM32WBA52KGU6, STM32WBA52KGU6TR, STM32WBA54CEU6, STM32WBA54CEU6TR, STM32WBA54CEU7, STM32WBA54CEU7TR, STM32WBA54CGU6, STM32WBA54CGU6TR, STM32WBA54CGU7, STM32WBA54CGU7TR, STM32WBA54KEU6, STM32WBA54KEU6TR, STM32WBA54KEU7, STM32WBA54KEU7TR, STM32WBA54KGU6, STM32WBA54KGU6TR, STM32WBA54KGU7, STM32WBA54KGU7TR, STM32WBA55CEU6, STM32WBA55CEU6TR, STM32WBA55CEU7, STM32WBA55CEU7TR, STM32WBA55CGU6, STM32WBA55CGU6TR, STM32WBA55CGU6U, STM32WBA55CGU7, STM32WBA55CGU7TR, STM32WBA55G-DK1, STM32WBA55HEF6, STM32WBA55HEF7, STM32WBA55HGF6, STM32WBA55HGF7, STM32WBA55UEI6, STM32WBA55UEI6TR, STM32WBA55UEI7, STM32WBA55UEI7TR, STM32WBA55UGI6, STM32WBA55UGI6TR, STM32WBA55UGI7, STM32WBA55UGI7TR, STM32WL5MOCH6, STM32WL5MOCH6TR]
2024-11-29 10:25:31,588 [INFO] DbMcus:218 - Found 4204 MCUs, 4204 are supported
2024-11-29 10:25:31,589 [INFO] ApiDb:423 - Load user favorites file C:\Users\chase/.stm32cubeide/favorites.mcus.txt: 0 item(s)
2024-11-29 10:25:31,589 [INFO] ApiDb:427 - User favorites MCUs=[]
2024-11-29 10:25:31,590 [INFO] DbMcus:224 - Set 0 / 0 favorites MCUs
2024-11-29 10:25:31,926 [INFO] ApiDb:423 - Load user favorites file C:\Users\chase/.stm32cubeide/favorites.boards.txt: 0 item(s)
2024-11-29 10:25:31,927 [INFO] ApiDb:427 - User favorites Boards=[]
2024-11-29 10:25:31,927 [INFO] DbBoards:198 - Set 0 / 0 favorites Boards
2024-11-29 10:25:31,998 [INFO] UtilMem:75 - End LoadConfig() Used Memory: 242132792 Bytes (340787200)
2024-11-29 10:25:32,182 [WARN] ThirdParty:833 - waiting for thirdparty lock release [change project]
2024-11-29 10:25:32,183 [INFO] ThirdParty:835 - entering critical section [change project]
2024-11-29 10:25:32,183 [INFO] ThirdParty:1030 - CMSIS Pack Vendor :STMicroelectronics USBPD 4.1
2024-11-29 10:25:32,183 [INFO] ThirdParty:1030 - CMSIS Pack Vendor :STMicroelectronics X-CUBE-AZRTOS-H7 3.3.0
2024-11-29 10:25:32,183 [INFO] ThirdParty:1030 - CMSIS Pack Vendor :STMicroelectronics X-CUBE-NFC9 1.0.0
2024-11-29 10:25:32,183 [INFO] ThirdParty:1030 - CMSIS Pack Vendor :STMicroelectronics X-CUBE-GNSS1 6.0.0
2024-11-29 10:25:32,183 [INFO] ThirdParty:1030 - CMSIS Pack Vendor :STMicroelectronics USB_HOST 2.0.0
2024-11-29 10:25:32,183 [INFO] ThirdParty:1030 - CMSIS Pack Vendor :STMicroelectronics FP-SNS-MOTENVWB1 1.4.0
2024-11-29 10:25:32,183 [INFO] ThirdParty:1030 - CMSIS Pack Vendor :STMicroelectronics X-CUBE-AZRTOS-F4 1.1.0
2024-11-29 10:25:32,183 [INFO] ThirdParty:1030 - CMSIS Pack Vendor :STMicroelectronics LIBJPEG 8.0.0
2024-11-29 10:25:32,183 [INFO] ThirdParty:1030 - CMSIS Pack Vendor :STMicroelectronics FP-ATR-ASTRA1 2.0.1
2024-11-29 10:25:32,183 [INFO] ThirdParty:1030 - CMSIS Pack Vendor :STMicroelectronics X-CUBE-SMBUS 2.1.0
2024-11-29 10:25:32,183 [INFO] ThirdParty:1030 - CMSIS Pack Vendor :STMicroelectronics X-CUBE-WB05N 1.1.0
2024-11-29 10:25:32,183 [INFO] ThirdParty:1030 - CMSIS Pack Vendor :STMicroelectronics USB_DEVICE 3.0.0
2024-11-29 10:25:32,183 [INFO] ThirdParty:1030 - CMSIS Pack Vendor :STMicroelectronics X-CUBE-TCPP 4.1.0
2024-11-29 10:25:32,184 [INFO] ThirdParty:1030 - CMSIS Pack Vendor :STMicroelectronics X-CUBE-ISPU 2.1.0
2024-11-29 10:25:32,184 [INFO] ThirdParty:1030 - CMSIS Pack Vendor :STMicroelectronics X-CUBE-FREERTOS 1.2.0
2024-11-29 10:25:32,184 [INFO] ThirdParty:1030 - CMSIS Pack Vendor :STMicroelectronics X-CUBE-IPS 3.0.0
2024-11-29 10:25:32,184 [INFO] ThirdParty:1030 - CMSIS Pack Vendor :STMicroelectronics X-CUBE-AZRTOS-WB 2.0.0
2024-11-29 10:25:32,184 [INFO] ThirdParty:1030 - CMSIS Pack Vendor :STMicroelectronics X-CUBE-GNSS1 7.0.0
2024-11-29 10:25:32,184 [INFO] ThirdParty:1030 - CMSIS Pack Vendor :STMicroelectronics X-CUBE-TOUCHGFX 4.23.2
2024-11-29 10:25:32,184 [INFO] ThirdParty:1030 - CMSIS Pack Vendor :STMicroelectronics X-CUBE-AZRTOS-F7 1.1.0
2024-11-29 10:25:32,184 [INFO] ThirdParty:1030 - CMSIS Pack Vendor :STMicroelectronics X-CUBE-AZRTOS-L5 2.0.0
2024-11-29 10:25:32,184 [INFO] ThirdParty:1030 - CMSIS Pack Vendor :STMicroelectronics USB_DEVICE 2.0.0
2024-11-29 10:25:32,184 [INFO] ThirdParty:1030 - CMSIS Pack Vendor :STMicroelectronics X-CUBE-NFC6 3.1.0
2024-11-29 10:25:32,184 [INFO] ThirdParty:1030 - CMSIS Pack Vendor :STMicroelectronics FP-SNS-STBOX1 2.0.0
2024-11-29 10:25:32,184 [INFO] ThirdParty:1030 - CMSIS Pack Vendor :STMicroelectronics X-CUBE-MEMS1 11.0.0
2024-11-29 10:25:32,184 [INFO] ThirdParty:1030 - CMSIS Pack Vendor :STMicroelectronics FreeRTOS 0.0.1
2024-11-29 10:25:32,184 [INFO] ThirdParty:1030 - CMSIS Pack Vendor :STMicroelectronics X-CUBE-AZRTOS-G0 1.1.0
2024-11-29 10:25:32,185 [INFO] ThirdParty:1030 - CMSIS Pack Vendor :STMicroelectronics X-CUBE-SAFEA1 1.2.2
2024-11-29 10:25:32,185 [INFO] ThirdParty:1030 - CMSIS Pack Vendor :STMicroelectronics X-CUBE-NFC4 3.0.0
2024-11-29 10:25:32,185 [INFO] ThirdParty:1030 - CMSIS Pack Vendor :STMicroelectronics X-CUBE-DPower 1.2.0
2024-11-29 10:25:32,185 [INFO] ThirdParty:1030 - CMSIS Pack Vendor :STMicroelectronics X-CUBE-SUBG2 5.0.0
2024-11-29 10:25:32,185 [INFO] ThirdParty:1030 - CMSIS Pack Vendor :STMicroelectronics STM32_WPAN 1.0.0
2024-11-29 10:25:32,185 [INFO] ThirdParty:1030 - CMSIS Pack Vendor :EmbeddedOffice I-CUBE-FS-RTOS 1.0.1
2024-11-29 10:25:32,185 [INFO] ThirdParty:1030 - CMSIS Pack Vendor :STMicroelectronics lwIP 2.0.3
2024-11-29 10:25:32,185 [INFO] ThirdParty:1030 - CMSIS Pack Vendor :STMicroelectronics FP-SNS-FLIGHT1 5.0.2
2024-11-29 10:25:32,185 [INFO] ThirdParty:1030 - CMSIS Pack Vendor :Cesanta I-CUBE-Mongoose 7.13.0
2024-11-29 10:25:32,185 [INFO] ThirdParty:1030 - CMSIS Pack Vendor :STMicroelectronics USB_HOST 1.0.0
2024-11-29 10:25:32,185 [INFO] ThirdParty:1030 - CMSIS Pack Vendor :STMicroelectronics X-CUBE-AI 9.0.0
2024-11-29 10:25:32,185 [INFO] ThirdParty:1030 - CMSIS Pack Vendor :STMicroelectronics X-CUBE-AZRTOS-G4 2.0.0
2024-11-29 10:25:32,185 [INFO] ThirdParty:1030 - CMSIS Pack Vendor :STMicroelectronics PDM2PCM 3.1.0
2024-11-29 10:25:32,185 [INFO] ThirdParty:1030 - CMSIS Pack Vendor :STMicroelectronics PDM2PCM 3.3.0
2024-11-29 10:25:32,185 [INFO] ThirdParty:1030 - CMSIS Pack Vendor :STMicroelectronics X-CUBE-DISPLAY 3.0.0
2024-11-29 10:25:32,185 [INFO] ThirdParty:1030 - CMSIS Pack Vendor :RealThread X-CUBE-RT-Thread_Nano 4.1.1
2024-11-29 10:25:32,185 [INFO] ThirdParty:1030 - CMSIS Pack Vendor :wolfSSL I-CUBE-wolfSSL 5.7.0
2024-11-29 10:25:32,185 [INFO] ThirdParty:1030 - CMSIS Pack Vendor :STMicroelectronics X-CUBE-BLE1 7.0.0
2024-11-29 10:25:32,185 [INFO] ThirdParty:1030 - CMSIS Pack Vendor :STMicroelectronics FP-ATR-SIGFOX1 3.2.0
2024-11-29 10:25:32,185 [INFO] ThirdParty:1030 - CMSIS Pack Vendor :STMicroelectronics X-CUBE-NFC10 1.0.0
2024-11-29 10:25:32,185 [INFO] ThirdParty:1030 - CMSIS Pack Vendor :quantropi X-CUBE-qispace-sdk-base 1.9.3
2024-11-29 10:25:32,185 [INFO] ThirdParty:1030 - CMSIS Pack Vendor :STMicroelectronics X-CUBE-ISPU 2.0.0
2024-11-29 10:25:32,185 [INFO] ThirdParty:1030 - CMSIS Pack Vendor :STMicroelectronics X-CUBE-EEPRMA1 5.1.0
2024-11-29 10:25:32,185 [INFO] ThirdParty:1030 - CMSIS Pack Vendor :STMicroelectronics HAL Drivers 0.0.0
2024-11-29 10:25:32,185 [INFO] ThirdParty:1030 - CMSIS Pack Vendor :STMicroelectronics MBEDTLS 2.16.2
2024-11-29 10:25:32,186 [INFO] ThirdParty:1030 - CMSIS Pack Vendor :STMicroelectronics X-CUBE-ALS 1.0.2
2024-11-29 10:25:32,186 [INFO] ThirdParty:1030 - CMSIS Pack Vendor :emotas I-CUBE-CANOPEN 1.3.0
2024-11-29 10:25:32,186 [INFO] ThirdParty:1030 - CMSIS Pack Vendor :STMicroelectronics X-CUBE-MEMS1 10.0.0
2024-11-29 10:25:32,186 [INFO] ThirdParty:1030 - CMSIS Pack Vendor :STMicroelectronics X-CUBE-NFC7 1.0.1
2024-11-29 10:25:32,186 [INFO] ThirdParty:1030 - CMSIS Pack Vendor :STMicroelectronics MBEDTLS 2.14.1
2024-11-29 10:25:32,186 [INFO] ThirdParty:1030 - CMSIS Pack Vendor :STMicroelectronics X-CUBE-TOUCHGFX 4.24.0
2024-11-29 10:25:32,186 [INFO] ThirdParty:1030 - CMSIS Pack Vendor :ITTIA_DB I-CUBE-ITTIADB 8.9.0
2024-11-29 10:25:32,186 [INFO] ThirdParty:1030 - CMSIS Pack Vendor :STMicroelectronics X-CUBE-TOUCHGFX 4.24.1
2024-11-29 10:25:32,186 [INFO] ThirdParty:1030 - CMSIS Pack Vendor :wolfSSL I-CUBE-wolfTPM 3.4.0
2024-11-29 10:25:32,186 [INFO] ThirdParty:1030 - CMSIS Pack Vendor :portGmbH I-Cube-SoM-uGOAL 1.1.0
2024-11-29 10:25:32,186 [INFO] ThirdParty:1030 - CMSIS Pack Vendor :STMicroelectronics X-CUBE-BLEMGR 3.1.0
2024-11-29 10:25:32,186 [INFO] ThirdParty:1030 - CMSIS Pack Vendor :STMicroelectronics ThreadX 1.0.0
2024-11-29 10:25:32,186 [INFO] ThirdParty:1030 - CMSIS Pack Vendor :STMicroelectronics FP-SNS-SMARTAG2 1.2.0
2024-11-29 10:25:32,186 [INFO] ThirdParty:1030 - CMSIS Pack Vendor :STMicroelectronics X-CUBE-AZRTOS-WL 2.0.0
2024-11-29 10:25:32,186 [INFO] ThirdParty:1030 - CMSIS Pack Vendor :SEGGER I-CUBE-embOS 1.3.1
2024-11-29 10:25:32,186 [INFO] ThirdParty:1030 - CMSIS Pack Vendor :STMicroelectronics X-CUBE-ALGOBUILD 1.4.0
2024-11-29 10:25:32,186 [INFO] ThirdParty:1030 - CMSIS Pack Vendor :STMicroelectronics FP-SNS-MOTENV1 5.0.0
2024-11-29 10:25:32,186 [INFO] ThirdParty:1030 - CMSIS Pack Vendor :STMicroelectronics USB_DEVICE 1.0.0
2024-11-29 10:25:32,186 [INFO] ThirdParty:1030 - CMSIS Pack Vendor :STMicroelectronics X-CUBE-AZRTOS-H7RS 1.0.0
2024-11-29 10:25:32,186 [INFO] ThirdParty:1030 - CMSIS Pack Vendor :wolfSSL I-CUBE-wolfMQTT 1.19.0
2024-11-29 10:25:32,186 [INFO] ThirdParty:1030 - CMSIS Pack Vendor :STMicroelectronics X-CUBE-AZRTOS-L4 2.0.0
2024-11-29 10:25:32,186 [INFO] ThirdParty:1030 - CMSIS Pack Vendor :STMicroelectronics ThreadX 0.0.2
2024-11-29 10:25:32,186 [INFO] ThirdParty:1030 - CMSIS Pack Vendor :WES I-CUBE-Cesium 1.3.0
2024-11-29 10:25:32,186 [INFO] ThirdParty:1030 - CMSIS Pack Vendor :STMicroelectronics FP-ATR-ASTRA1 2.0.0
2024-11-29 10:25:32,187 [INFO] ThirdParty:1030 - CMSIS Pack Vendor :STMicroelectronics lwIP 2.1.2
2024-11-29 10:25:32,187 [INFO] ThirdParty:1030 - CMSIS Pack Vendor :STMicroelectronics X-CUBE-SFXS2LP1 4.0.0
2024-11-29 10:25:32,187 [INFO] ThirdParty:1030 - CMSIS Pack Vendor :STMicroelectronics X-CUBE-BLE2 3.3.0
2024-11-29 10:25:32,187 [INFO] ThirdParty:1030 - CMSIS Pack Vendor :STMicroelectronics X-CUBE-TOF1 3.4.2
2024-11-29 10:25:32,187 [INFO] ThirdParty:1030 - CMSIS Pack Vendor :STMicroelectronics X-CUBE-AI 9.1.0
2024-11-29 10:25:32,187 [INFO] ThirdParty:1030 - CMSIS Pack Vendor :STMicroelectronics X-CUBE-TOF1 3.4.1
2024-11-29 10:25:32,187 [INFO] ThirdParty:1030 - CMSIS Pack Vendor :STMicroelectronics X-CUBE-AZRTOS-H7 3.2.0
2024-11-29 10:25:32,187 [INFO] ThirdParty:1030 - CMSIS Pack Vendor :Infineon AIROC-Wi-Fi-Bluetooth-STM32 1.6.0
2024-11-29 10:25:32,187 [INFO] ThirdParty:1030 - CMSIS Pack Vendor :STMicroelectronics PDM2PCM 3.2.0
2024-11-29 10:25:32,187 [INFO] ThirdParty:1030 - CMSIS Pack Vendor :wolfSSL I-CUBE-wolfSSH 1.4.17
2024-11-29 10:25:32,187 [INFO] ThirdParty:841 - exiting critical section [change project]
2024-11-29 10:25:32,601 [INFO] PinOutPanel:1561 - setPackage(No Configuration,No Configuration)
2024-11-29 10:25:32,603 [INFO] PinOutPanel:1561 - setPackage(STM32F415RGTx,LQFP64)
2024-11-29 10:25:33,091 [INFO] UtilMem:75 - Before build in PCC Used Memory: 195557592 Bytes (340787200)
2024-11-29 10:25:34,105 [INFO] UtilMem:75 - After build in PCC Used Memory: 179115760 Bytes (340787200)
2024-11-29 10:25:34,151 [INFO] IPUIPlugin:80 - create IPUIPlugin
2024-11-29 10:25:34,152 [INFO] IPUIPlugin:80 - create IPUIPlugin
2024-11-29 10:25:34,152 [INFO] IPUIPlugin:80 - create IPUIPlugin
2024-11-29 10:25:34,152 [INFO] IPUIPlugin:80 - create IPUIPlugin
2024-11-29 10:25:34,152 [INFO] IPUIPlugin:80 - create IPUIPlugin
2024-11-29 10:25:34,152 [INFO] IPUIPlugin:80 - create IPUIPlugin
2024-11-29 10:25:34,152 [INFO] IPUIPlugin:80 - create IPUIPlugin
2024-11-29 10:25:34,153 [INFO] IPUIPlugin:80 - create IPUIPlugin
2024-11-29 10:25:34,153 [INFO] IPUIPlugin:80 - create IPUIPlugin
2024-11-29 10:25:34,153 [INFO] IPUIPlugin:80 - create IPUIPlugin
2024-11-29 10:25:34,153 [INFO] IPUIPlugin:80 - create IPUIPlugin
2024-11-29 10:25:34,154 [INFO] IPUIPlugin:80 - create IPUIPlugin
2024-11-29 10:25:34,154 [INFO] IPUIPlugin:80 - create IPUIPlugin
2024-11-29 10:25:34,154 [INFO] IPUIPlugin:80 - create IPUIPlugin
2024-11-29 10:25:34,154 [INFO] IPUIPlugin:80 - create IPUIPlugin
2024-11-29 10:25:34,154 [INFO] IPUIPlugin:80 - create IPUIPlugin
2024-11-29 10:25:34,155 [INFO] IPUIPlugin:80 - create IPUIPlugin
2024-11-29 10:25:34,155 [INFO] IPUIPlugin:80 - create IPUIPlugin
2024-11-29 10:25:34,155 [INFO] IPUIPlugin:80 - create IPUIPlugin
2024-11-29 10:25:34,156 [INFO] IPUIPlugin:80 - create IPUIPlugin
2024-11-29 10:25:34,156 [INFO] IPUIPlugin:80 - create IPUIPlugin
2024-11-29 10:25:34,156 [INFO] IPUIPlugin:80 - create IPUIPlugin
2024-11-29 10:25:34,157 [INFO] IPUIPlugin:80 - create IPUIPlugin
2024-11-29 10:25:34,157 [INFO] IPUIPlugin:80 - create IPUIPlugin
2024-11-29 10:25:34,157 [INFO] IPUIPlugin:80 - create IPUIPlugin
2024-11-29 10:25:34,157 [INFO] IPUIPlugin:80 - create IPUIPlugin
2024-11-29 10:25:34,158 [INFO] IPUIPlugin:80 - create IPUIPlugin
2024-11-29 10:25:34,158 [INFO] IPUIPlugin:80 - create IPUIPlugin
2024-11-29 10:25:34,158 [INFO] IPUIPlugin:80 - create IPUIPlugin
2024-11-29 10:25:34,158 [INFO] IPUIPlugin:80 - create IPUIPlugin
2024-11-29 10:25:34,159 [INFO] IPUIPlugin:80 - create IPUIPlugin
2024-11-29 10:25:34,159 [INFO] IPUIPlugin:80 - create IPUIPlugin
2024-11-29 10:25:34,159 [INFO] IPUIPlugin:80 - create IPUIPlugin
2024-11-29 10:25:34,159 [INFO] IPUIPlugin:80 - create IPUIPlugin
2024-11-29 10:25:34,160 [INFO] IPUIPlugin:80 - create IPUIPlugin
2024-11-29 10:25:34,160 [INFO] IPUIPlugin:80 - create IPUIPlugin
2024-11-29 10:25:34,160 [INFO] IPUIPlugin:80 - create IPUIPlugin
2024-11-29 10:25:34,161 [INFO] IPUIPlugin:80 - create IPUIPlugin
2024-11-29 10:25:34,161 [INFO] IPUIPlugin:80 - create IPUIPlugin
2024-11-29 10:25:34,161 [INFO] IPUIPlugin:80 - create IPUIPlugin
2024-11-29 10:25:34,162 [INFO] IPUIPlugin:80 - create IPUIPlugin
2024-11-29 10:25:34,162 [INFO] IPUIPlugin:80 - create IPUIPlugin
2024-11-29 10:25:34,162 [INFO] IPUIPlugin:80 - create IPUIPlugin
2024-11-29 10:25:34,163 [INFO] IPUIPlugin:80 - create IPUIPlugin
2024-11-29 10:25:34,164 [INFO] IPUIPlugin:80 - create IPUIPlugin
2024-11-29 10:25:34,165 [INFO] IPUIPlugin:80 - create IPUIPlugin
2024-11-29 10:25:34,165 [INFO] IPUIPlugin:80 - create IPUIPlugin
2024-11-29 10:25:34,165 [INFO] IPUIPlugin:80 - create IPUIPlugin
2024-11-29 10:25:34,166 [INFO] IPUIPlugin:80 - create IPUIPlugin
2024-11-29 10:25:34,166 [INFO] IPUIPlugin:80 - create IPUIPlugin
2024-11-29 10:25:34,166 [INFO] IPUIPlugin:80 - create IPUIPlugin
2024-11-29 10:25:34,167 [INFO] IPUIPlugin:80 - create IPUIPlugin
2024-11-29 10:25:34,167 [INFO] IPUIPlugin:80 - create IPUIPlugin
2024-11-29 10:25:34,167 [INFO] IPUIPlugin:80 - create IPUIPlugin
2024-11-29 10:25:34,167 [INFO] IPUIPlugin:80 - create IPUIPlugin
2024-11-29 10:25:34,168 [INFO] IPUIPlugin:80 - create IPUIPlugin
2024-11-29 10:25:34,253 [INFO] ApiDbMcu:508 - Load IP Config File for PDM2PCM
2024-11-29 10:25:34,266 [WARN] IP:2120 - I2C_Coeff_DF not found: check if there is a RefParameter without a condition.
2024-11-29 10:25:34,266 [WARN] IP:2120 - Analog_Filter not found: check if there is a RefParameter without a condition.
2024-11-29 10:25:34,274 [INFO] I2sManager:658 - 4.8E7
2024-11-29 10:25:34,276 [INFO] I2sManager:195 - I2S Clock Value : 4.8E7
2024-11-29 10:25:34,281 [INFO] I2sManager:553 - AudioClock : 46875Divider : 2Odd : 0
2024-11-29 10:25:34,557 [INFO] CADModel:165 - CPN selected for project levelSTM32F415RGT6
2024-11-29 10:25:34,557 [INFO] CADModel:114 - Register for checkConnection events
2024-11-29 10:25:34,613 [INFO] OpenFileManager:343 - Restore cursor
2024-11-29 10:25:34,987 [WARN] IP:2120 - I2C_Coeff_DF not found: check if there is a RefParameter without a condition.
2024-11-29 10:25:34,988 [WARN] IP:2120 - Analog_Filter not found: check if there is a RefParameter without a condition.
2024-11-29 10:25:34,988 [WARN] IP:2120 - I2C_Coeff_DF not found: check if there is a RefParameter without a condition.
2024-11-29 10:25:34,988 [WARN] IP:2120 - Analog_Filter not found: check if there is a RefParameter without a condition.
2024-11-29 10:25:51,654 [INFO] I2sManager:658 - 4.8E7
2024-11-29 10:25:51,656 [INFO] I2sManager:195 - I2S Clock Value : 4.8E7
2024-11-29 10:25:51,657 [INFO] I2sManager:553 - AudioClock : 46875Divider : 2Odd : 0
2024-11-29 10:26:46,837 [INFO] I2sManager:658 - 4.8E7
2024-11-29 10:26:46,839 [INFO] I2sManager:195 - I2S Clock Value : 4.8E7
2024-11-29 10:26:46,839 [INFO] I2sManager:553 - AudioClock : 46875Divider : 2Odd : 0
2024-11-29 10:26:46,950 [WARN] IP:2120 - I2C_Coeff_DF not found: check if there is a RefParameter without a condition.
2024-11-29 10:26:46,950 [WARN] IP:2120 - Analog_Filter not found: check if there is a RefParameter without a condition.
2024-11-29 10:26:46,950 [WARN] IP:2120 - I2C_Coeff_DF not found: check if there is a RefParameter without a condition.
2024-11-29 10:26:46,950 [WARN] IP:2120 - Analog_Filter not found: check if there is a RefParameter without a condition.
2024-11-29 10:26:48,236 [INFO] I2sManager:658 - 4.8E7
2024-11-29 10:26:48,237 [INFO] I2sManager:195 - I2S Clock Value : 4.8E7
2024-11-29 10:26:48,237 [INFO] I2sManager:553 - AudioClock : 46875Divider : 2Odd : 0
2024-11-29 10:26:48,348 [WARN] IP:2120 - I2C_Coeff_DF not found: check if there is a RefParameter without a condition.
2024-11-29 10:26:48,349 [WARN] IP:2120 - Analog_Filter not found: check if there is a RefParameter without a condition.
2024-11-29 10:26:48,350 [WARN] IP:2120 - I2C_Coeff_DF not found: check if there is a RefParameter without a condition.
2024-11-29 10:26:48,350 [WARN] IP:2120 - Analog_Filter not found: check if there is a RefParameter without a condition.
2024-11-29 10:27:52,824 [INFO] I2sManager:658 - 4.8E7
2024-11-29 10:27:52,824 [INFO] I2sManager:195 - I2S Clock Value : 4.8E7
2024-11-29 10:27:52,825 [INFO] I2sManager:553 - AudioClock : 46875Divider : 2Odd : 0
2024-11-29 14:30:40,057 [INFO] UtilMem:75 - End SaveConfig() Used Memory: 623984696 Bytes (1073741824)
2024-11-29 14:30:40,353 [INFO] UtilMem:75 - End SaveConfig() Used Memory: 642894728 Bytes (1073741824)
2024-11-29 14:30:40,832 [INFO] UtilMem:75 - End SaveConfig() Used Memory: 671202920 Bytes (1073741824)
2024-11-29 14:30:41,775 [INFO] BlockDiagram:2759 - set Specific Code input for plugin: TIM1_8
2024-11-29 14:30:41,775 [INFO] BlockDiagram:2759 - set Specific Code input for plugin: TIM1_8
2024-11-29 14:30:41,775 [INFO] BlockDiagram:2759 - set Specific Code input for plugin: I2S
2024-11-29 14:30:41,775 [INFO] BlockDiagram:2759 - set Specific Code input for plugin: SYS
2024-11-29 14:30:41,775 [INFO] BlockDiagram:2759 - set Specific Code input for plugin: ADC
2024-11-29 14:30:41,775 [INFO] BlockDiagram:2759 - set Specific Code input for plugin: RCC
2024-11-29 14:30:41,775 [INFO] BlockDiagram:2759 - set Specific Code input for plugin: I2C
2024-11-29 14:30:41,775 [INFO] BlockDiagram:2759 - set Specific Code input for plugin: NVIC
2024-11-29 14:30:41,775 [INFO] BlockDiagram:2759 - set Specific Code input for plugin: DMA
2024-11-29 14:30:41,776 [INFO] BlockDiagram:2759 - set Specific Code input for plugin: GPIO
2024-11-29 14:30:41,778 [INFO] CodeGenerator:807 - code generatio: config db path: C:\ST\STM32CubeIDE_1.15.1\STM32CubeIDE\plugins\com.st.stm32cube.common.mx_6.11.1.202404110753\\db\
2024-11-29 14:30:41,802 [WARN] IP:2120 - I2C_Coeff_DF not found: check if there is a RefParameter without a condition.
2024-11-29 14:30:41,802 [WARN] IP:2120 - Analog_Filter not found: check if there is a RefParameter without a condition.
2024-11-29 14:30:42,107 [INFO] CodeEngine:255 - oldGeneratedFile, C:\Users\chase\Desktop\DSP_PROJECT\DSP_Projects\Firmware\FFT\DSP_mini\DSPmini\MXTmpFiles\license.tmp_save
2024-11-29 14:30:42,510 [INFO] CodeEngine:279 - Generated code: C:\Users\chase\Desktop\DSP_PROJECT\DSP_Projects\Firmware\FFT\DSP_mini\DSPmini\MXTmpFiles\license.tmp
2024-11-29 14:30:42,629 [INFO] CodeEngine:255 - oldGeneratedFile, C:\Users\chase\Desktop\DSP_PROJECT\DSP_Projects\Firmware\FFT\DSP_mini\DSPmini\MXTmpFiles\gpio.tmp_save
2024-11-29 14:30:42,786 [INFO] CodeEngine:279 - Generated code: C:\Users\chase\Desktop\DSP_PROJECT\DSP_Projects\Firmware\FFT\DSP_mini\DSPmini\MXTmpFiles\gpio.tmp
2024-11-29 14:30:44,410 [INFO] CodeEngine:255 - oldGeneratedFile, C:\Users\chase\Desktop\DSP_PROJECT\DSP_Projects\Firmware\FFT\DSP_mini\DSPmini\MXTmpFiles\dma.tmp_save
2024-11-29 14:30:44,522 [INFO] CodeEngine:279 - Generated code: C:\Users\chase\Desktop\DSP_PROJECT\DSP_Projects\Firmware\FFT\DSP_mini\DSPmini\MXTmpFiles\dma.tmp
2024-11-29 14:30:44,537 [INFO] CodeEngine:255 - oldGeneratedFile, C:\Users\chase\Desktop\DSP_PROJECT\DSP_Projects\Firmware\FFT\DSP_mini\DSPmini\MXTmpFiles\dma_GV.tmp_save
2024-11-29 14:30:44,618 [INFO] CodeEngine:279 - Generated code: C:\Users\chase\Desktop\DSP_PROJECT\DSP_Projects\Firmware\FFT\DSP_mini\DSPmini\MXTmpFiles\dma_GV.tmp
2024-11-29 14:30:44,710 [INFO] CodeEngine:255 - oldGeneratedFile, C:\Users\chase\Desktop\DSP_PROJECT\DSP_Projects\Firmware\FFT\DSP_mini\DSPmini\Core\Src\stm32f4xx_it.c_save
2024-11-29 14:30:44,898 [INFO] CodeEngine:279 - Generated code: C:\Users\chase\Desktop\DSP_PROJECT\DSP_Projects\Firmware\FFT\DSP_mini\DSPmini\Core\Src\stm32f4xx_it.c
2024-11-29 14:30:44,920 [INFO] CodeEngine:255 - oldGeneratedFile, C:\Users\chase\Desktop\DSP_PROJECT\DSP_Projects\Firmware\FFT\DSP_mini\DSPmini\Core\Inc\stm32f4xx_it.h_save
2024-11-29 14:30:45,035 [INFO] CodeEngine:279 - Generated code: C:\Users\chase\Desktop\DSP_PROJECT\DSP_Projects\Firmware\FFT\DSP_mini\DSPmini\Core\Inc\stm32f4xx_it.h
2024-11-29 14:30:45,141 [INFO] CodeEngine:255 - oldGeneratedFile, C:\Users\chase\Desktop\DSP_PROJECT\DSP_Projects\Firmware\FFT\DSP_mini\DSPmini\Core\Src\stm32f4xx_hal_msp.c_save
2024-11-29 14:30:45,336 [INFO] CodeEngine:279 - Generated code: C:\Users\chase\Desktop\DSP_PROJECT\DSP_Projects\Firmware\FFT\DSP_mini\DSPmini\Core\Src\stm32f4xx_hal_msp.c
2024-11-29 14:30:45,362 [INFO] CodeEngine:255 - oldGeneratedFile, C:\Users\chase\Desktop\DSP_PROJECT\DSP_Projects\Firmware\FFT\DSP_mini\DSPmini\MXTmpFiles\system.tmp_save
2024-11-29 14:30:45,441 [INFO] CodeEngine:279 - Generated code: C:\Users\chase\Desktop\DSP_PROJECT\DSP_Projects\Firmware\FFT\DSP_mini\DSPmini\MXTmpFiles\system.tmp
2024-11-29 14:30:45,508 [INFO] CodeEngine:311 - oldGeneratedFile, C:\Users\chase\Desktop\DSP_PROJECT\DSP_Projects\Firmware\FFT\DSP_mini\DSPmini\Core\Inc\stm32f4xx_hal_conf.h_save
2024-11-29 14:30:45,610 [INFO] CodeEngine:335 - Generated code: C:\Users\chase\Desktop\DSP_PROJECT\DSP_Projects\Firmware\FFT\DSP_mini\DSPmini\Core\Inc\stm32f4xx_hal_conf.h
2024-11-29 14:30:45,654 [WARN] IPConfigManager:3513 - IP not found : TIM
2024-11-29 14:30:45,658 [WARN] CodeGenerator:3951 - IP not found : null
2024-11-29 14:30:45,716 [INFO] CodeEngine:255 - oldGeneratedFile, C:\Users\chase\Desktop\DSP_PROJECT\DSP_Projects\Firmware\FFT\DSP_mini\DSPmini\Core\Inc\main.h_save
2024-11-29 14:30:45,826 [INFO] CodeEngine:279 - Generated code: C:\Users\chase\Desktop\DSP_PROJECT\DSP_Projects\Firmware\FFT\DSP_mini\DSPmini\Core\Inc\main.h
2024-11-29 14:30:45,852 [INFO] CodeEngine:255 - oldGeneratedFile, C:\Users\chase\Desktop\DSP_PROJECT\DSP_Projects\Firmware\FFT\DSP_mini\DSPmini\Core\Src\main.c_save
2024-11-29 14:30:46,087 [INFO] CodeEngine:279 - Generated code: C:\Users\chase\Desktop\DSP_PROJECT\DSP_Projects\Firmware\FFT\DSP_mini\DSPmini\Core\Src\main.c
2024-11-29 14:30:46,831 [INFO] ProjectBuilder:3163 - Time for Copy HAL[1] : 450mS.
2024-11-29 14:30:46,842 [INFO] ProjectBuilder:4736 - Project Generator version: 4.3.0-B58
2024-11-29 14:30:46,961 [INFO] ConfigFileManager:1503 - The Die is : DIE413
2024-11-29 14:30:46,981 [INFO] ApiDbMcu:508 - Load IP Config File for FATFS
2024-11-29 14:30:47,007 [INFO] ApiDbMcu:508 - Load IP Config File for FREERTOS
2024-11-29 14:30:47,012 [INFO] ApiDbMcu:508 - Load IP Config File for LIBJPEG
2024-11-29 14:30:47,049 [INFO] ApiDbMcu:508 - Load IP Config File for MBEDTLS
2024-11-29 14:30:47,084 [INFO] ApiDbMcu:508 - Load IP Config File for USB_DEVICE
2024-11-29 14:30:47,096 [INFO] ApiDbMcu:508 - Load IP Config File for USB_HOST
2024-11-29 14:30:47,659 [INFO] LogOutputStream:77 - [STDOUT_REDIRECT] 
2024-11-29 14:30:49,608 [INFO] ProjectBuilder:5002 - Time for Generating toolchain IDE Files: 2766mS.
2024-11-29 14:30:49,610 [INFO] ProjectBuilder:3034 - Time for Copy CMSIS : 1mS.
2024-11-29 14:30:49,615 [INFO] ProjectBuilder:3034 - Time for Copy CMSIS : 0mS.
2024-11-29 14:30:52,404 [ERROR] LogOutputStream:75 - [STDERR_REDIRECT] 
2024-11-29 14:30:52,405 [ERROR] LogOutputStream:75 - [STDERR_REDIRECT] 
