2024-12-06 16:08:15,259 [INFO] Activator:176 - 


2024-12-06 16:08:15,266 [INFO] Activator:177 - !SESSION log4j initialized
2024-12-06 16:08:21,230 [INFO] LogOutputStream:77 - [STDOUT_REDIRECT] 
2024-12-06 16:08:23,743 [INFO] ApplicationProperties:184 - Using Application install path: C:\ST\STM32CubeIDE_1.15.1\STM32CubeIDE\plugins\com.st.stm32cube.common.mx_6.11.1.202404110753
2024-12-06 16:08:23,760 [INFO] DbMcusXml:78 - Set database path to: C:\ST\STM32CubeIDE_1.15.1\STM32CubeIDE\plugins\com.st.stm32cube.common.mx_6.11.1.202404110753\\db\/mcu/
2024-12-06 16:08:23,761 [INFO] ApiDb:274 - Set plugin database path to: C:\ST\STM32CubeIDE_1.15.1\STM32CubeIDE\plugins\com.st.stm32cube.common.mx_6.11.1.202404110753\\db\/plugins/boardmanager/
2024-12-06 16:08:23,761 [WARN] ApiDb:259 - Overriding images path with different value:  => C:\ST\STM32CubeIDE_1.15.1\STM32CubeIDE\plugins\com.st.stm32cube.common.mx_6.11.1.202404110753\\db\/plugins/mcufinder/images/
2024-12-06 16:08:23,774 [INFO] ApiDb:250 - Set database path to: C:\Users\chase\.stmcufinder\plugins\mcufinder//mcu/
2024-12-06 16:08:23,776 [INFO] DbMcusAds:125 - Set database path to: C:\Users\chase\.stmcufinder\plugins\mcufinder//mcu/
2024-12-06 16:08:23,777 [INFO] CrossReferenceDbSqlite:203 - Set database path to: C:\Users\chase\.stmcufinder\plugins\mcufinder//mcu/cs/
2024-12-06 16:08:23,929 [INFO] RulesReader:64 - Compatibility file has been processed (297 Rules)
2024-12-06 16:08:24,038 [INFO] DbMcusXml:78 - Set database path to: C:\ST\STM32CubeIDE_1.15.1\STM32CubeIDE\plugins\com.st.stm32cube.common.mx_6.11.1.202404110753\\db\/mcu/
2024-12-06 16:08:24,039 [INFO] ApiDb:274 - Set plugin database path to: C:\ST\STM32CubeIDE_1.15.1\STM32CubeIDE\plugins\com.st.stm32cube.common.mx_6.11.1.202404110753\\db\/plugins/boardmanager/
2024-12-06 16:08:24,039 [INFO] ApiDb:261 - Set plugin images path to: C:\ST\STM32CubeIDE_1.15.1\STM32CubeIDE\plugins\com.st.stm32cube.common.mx_6.11.1.202404110753\\db\/plugins/mcufinder/images/
2024-12-06 16:08:24,039 [WARN] DbFile:41 - Overriding database path with different value: C:\Users\chase\.stmcufinder\plugins\mcufinder/ => C:\Users\chase\.stmcufinder\plugins\mcufinder
2024-12-06 16:08:24,039 [INFO] ApiDb:250 - Set database path to: C:\Users\chase\.stmcufinder\plugins\mcufinder//mcu/
2024-12-06 16:08:24,039 [WARN] DbFile:41 - Overriding database path with different value: C:\Users\chase\.stmcufinder\plugins\mcufinder/ => C:\Users\chase\.stmcufinder\plugins\mcufinder
2024-12-06 16:08:24,039 [INFO] DbMcusAds:125 - Set database path to: C:\Users\chase\.stmcufinder\plugins\mcufinder//mcu/
2024-12-06 16:08:24,039 [WARN] DbFile:41 - Overriding database path with different value: C:\Users\chase\.stmcufinder\plugins\mcufinder/ => C:\Users\chase\.stmcufinder\plugins\mcufinder
2024-12-06 16:08:24,039 [WARN] DbFile:41 - Overriding database path with different value: C:\Users\chase\.stmcufinder\plugins\mcufinder/ => C:\Users\chase\.stmcufinder\plugins\mcufinder
2024-12-06 16:08:24,039 [INFO] CrossReferenceDbSqlite:203 - Set database path to: C:\Users\chase\.stmcufinder\plugins\mcufinder//mcu/cs/
2024-12-06 16:08:24,129 [INFO] MainPanel:264 - HeapMemory: 268435456
2024-12-06 16:08:24,239 [INFO] DbMcusXml:78 - Set database path to: C:\ST\STM32CubeIDE_1.15.1\STM32CubeIDE\plugins\com.st.stm32cube.common.mx_6.11.1.202404110753\\db\/mcu/
2024-12-06 16:08:24,240 [INFO] ApiDb:274 - Set plugin database path to: C:\ST\STM32CubeIDE_1.15.1\STM32CubeIDE\plugins\com.st.stm32cube.common.mx_6.11.1.202404110753\\db\/plugins/boardmanager/
2024-12-06 16:08:24,240 [INFO] ApiDb:261 - Set plugin images path to: C:\ST\STM32CubeIDE_1.15.1\STM32CubeIDE\plugins\com.st.stm32cube.common.mx_6.11.1.202404110753\\db\/plugins/mcufinder/images/
2024-12-06 16:08:24,241 [WARN] DbFile:41 - Overriding database path with different value: C:\Users\chase\.stmcufinder\plugins\mcufinder/ => C:\Users\chase\.stmcufinder\plugins\mcufinder
2024-12-06 16:08:24,241 [INFO] ApiDb:250 - Set database path to: C:\Users\chase\.stmcufinder\plugins\mcufinder//mcu/
2024-12-06 16:08:24,241 [WARN] DbFile:41 - Overriding database path with different value: C:\Users\chase\.stmcufinder\plugins\mcufinder/ => C:\Users\chase\.stmcufinder\plugins\mcufinder
2024-12-06 16:08:24,241 [INFO] DbMcusAds:125 - Set database path to: C:\Users\chase\.stmcufinder\plugins\mcufinder//mcu/
2024-12-06 16:08:24,241 [WARN] DbFile:41 - Overriding database path with different value: C:\Users\chase\.stmcufinder\plugins\mcufinder/ => C:\Users\chase\.stmcufinder\plugins\mcufinder
2024-12-06 16:08:24,242 [WARN] DbFile:41 - Overriding database path with different value: C:\Users\chase\.stmcufinder\plugins\mcufinder/ => C:\Users\chase\.stmcufinder\plugins\mcufinder
2024-12-06 16:08:24,242 [INFO] CrossReferenceDbSqlite:203 - Set database path to: C:\Users\chase\.stmcufinder\plugins\mcufinder//mcu/cs/
2024-12-06 16:08:24,267 [INFO] ApplicationProperties:184 - Using Application install path: C:\ST\STM32CubeIDE_1.15.1\STM32CubeIDE\plugins\com.st.stm32cube.common.mx_6.11.1.202404110753
2024-12-06 16:08:24,269 [INFO] PluginManage:196 - Search for loadable plugins [exclusion list=, ]
2024-12-06 16:08:24,271 [INFO] PluginManage:310 - Check plugin analytics
2024-12-06 16:08:24,456 [INFO] AnalyticsPlugin:253 - Accepted Software Licenses: 
2024-12-06 16:08:24,457 [INFO] AnalyticsPlugin:255 - Accepted CMSIS Pack Licenses: 
2024-12-06 16:08:24,457 [INFO] AnalyticsPlugin:257 - Accepted Firmware Licenses: FW.F4.1.28.0,FW.C0.1.1.0
2024-12-06 16:08:24,463 [INFO] PluginManage:359 - Loaded plugin analytics (category:tool,tabindex:-1)
2024-12-06 16:08:24,463 [INFO] PluginManage:310 - Check plugin cadmodel
2024-12-06 16:08:24,543 [INFO] CADModel:105 - Init CAD model plugin
2024-12-06 16:08:24,543 [INFO] PluginManage:359 - Loaded plugin cadmodel (category:power,tabindex:5)
2024-12-06 16:08:24,543 [INFO] PluginManage:310 - Check plugin clock
2024-12-06 16:08:24,694 [INFO] PluginManage:359 - Loaded plugin clock (category:base,tabindex:2)
2024-12-06 16:08:24,694 [INFO] PluginManage:310 - Check plugin ddr
2024-12-06 16:08:24,697 [INFO] PluginManage:359 - Loaded plugin ddr (category:tool,tabindex:6)
2024-12-06 16:08:24,697 [INFO] PluginManage:310 - Check plugin filemanager
2024-12-06 16:08:24,853 [INFO] PluginManage:359 - Loaded plugin filemanager (category:base,tabindex:10)
2024-12-06 16:08:24,853 [INFO] PluginManage:310 - Check plugin ipmanager
2024-12-06 16:08:24,864 [INFO] PluginManage:359 - Loaded plugin ipmanager (category:base,tabindex:5)
2024-12-06 16:08:24,865 [INFO] PluginManage:310 - Check plugin lpbam
2024-12-06 16:08:24,943 [INFO] PluginManage:359 - Loaded plugin lpbam (category:base,tabindex:0)
2024-12-06 16:08:24,943 [INFO] PluginManage:310 - Check plugin memorymap
2024-12-06 16:08:25,008 [INFO] PluginManage:359 - Loaded plugin memorymap (category:base,tabindex:4)
2024-12-06 16:08:25,008 [INFO] PluginManage:310 - Check plugin pinoutandconfiguration
2024-12-06 16:08:25,112 [INFO] PluginManage:359 - Loaded plugin pinoutandconfiguration (category:base,tabindex:1)
2024-12-06 16:08:25,112 [INFO] PluginManage:310 - Check plugin pinoutconfig
2024-12-06 16:08:25,314 [WARN] SupportedApi:132 - Cannot load RTOS API schema: s4s-elt-must-match.1: The content of 'definitions' must match (annotation?, (simpleType | complexType)?, (unique | key | keyref)*)). A problem was found starting at: attribute.
2024-12-06 16:08:25,446 [INFO] PluginManage:359 - Loaded plugin pinoutconfig (category:base,tabindex:0)
2024-12-06 16:08:25,446 [INFO] PluginManage:310 - Check plugin power
2024-12-06 16:08:25,546 [INFO] PluginManage:359 - Loaded plugin power (category:power,tabindex:4)
2024-12-06 16:08:25,546 [INFO] PluginManage:310 - Check plugin projectmanager
2024-12-06 16:08:25,565 [INFO] PluginManage:359 - Loaded plugin projectmanager (category:projectmanager,tabindex:3)
2024-12-06 16:08:25,565 [INFO] PluginManage:310 - Check plugin thirdparty
2024-12-06 16:08:25,860 [INFO] PluginManage:359 - Loaded plugin thirdparty (category:base,tabindex:-1)
2024-12-06 16:08:25,860 [WARN] IntegrityCheckThread:84 - waiting for thirdparty lock release [integrity check]
2024-12-06 16:08:25,860 [INFO] PluginManage:310 - Check plugin tools
2024-12-06 16:08:25,860 [INFO] IntegrityCheckThread:86 - entering critical section [integrity check]
2024-12-06 16:08:25,861 [INFO] ThirdPartyUpdaterWithRetryManager:70 - Updater plugin not ready yet. [1/15]
2024-12-06 16:08:25,870 [INFO] PluginManage:359 - Loaded plugin tools (category:base,tabindex:7)
2024-12-06 16:08:25,871 [INFO] PluginManage:310 - Check plugin tutovideos
2024-12-06 16:08:26,254 [INFO] PluginManage:359 - Loaded plugin tutovideos (category:base,tabindex:-1)
2024-12-06 16:08:26,255 [INFO] PluginManage:310 - Check plugin updater
2024-12-06 16:08:26,269 [INFO] PluginManage:359 - Loaded plugin updater (category:base,tabindex:12)
2024-12-06 16:08:26,269 [INFO] PluginManage:310 - Check plugin userauth
2024-12-06 16:08:26,276 [INFO] UserAuth:114 - Init User Auth plugin
2024-12-06 16:08:26,276 [INFO] PluginManage:359 - Loaded plugin userauth (category:base,tabindex:14)
2024-12-06 16:08:26,277 [INFO] PluginManage:283 - PluginManage : Loaded plugins [17]
2024-12-06 16:08:26,559 [INFO] PinOutPanel:1561 - setPackage(No Configuration,No Configuration)
2024-12-06 16:08:26,682 [INFO] CADModel:165 - CPN selected for project level
2024-12-06 16:08:26,682 [INFO] CADModel:114 - Register for checkConnection events
2024-12-06 16:08:26,724 [INFO] IPUIPlugin:80 - create IPUIPlugin
2024-12-06 16:08:26,724 [INFO] PluginManager:220 - loadIPPluginJar : add adc
2024-12-06 16:08:26,736 [INFO] IPUIPlugin:80 - create IPUIPlugin
2024-12-06 16:08:26,736 [INFO] PluginManager:220 - loadIPPluginJar : add aes
2024-12-06 16:08:26,750 [INFO] IPUIPlugin:80 - create IPUIPlugin
2024-12-06 16:08:26,751 [INFO] PluginManager:220 - loadIPPluginJar : add can
2024-12-06 16:08:26,759 [INFO] IPUIPlugin:80 - create IPUIPlugin
2024-12-06 16:08:26,759 [INFO] PluginManager:220 - loadIPPluginJar : add comp
2024-12-06 16:08:26,771 [INFO] IPUIPlugin:80 - create IPUIPlugin
2024-12-06 16:08:26,771 [INFO] PluginManager:220 - loadIPPluginJar : add cryp
2024-12-06 16:08:26,783 [INFO] IPUIPlugin:80 - create IPUIPlugin
2024-12-06 16:08:26,783 [INFO] PluginManager:220 - loadIPPluginJar : add dfsdm
2024-12-06 16:08:26,816 [INFO] IPUIPlugin:80 - create IPUIPlugin
2024-12-06 16:08:26,817 [INFO] PluginManager:220 - loadIPPluginJar : add dma
2024-12-06 16:08:26,833 [INFO] IPUIPlugin:80 - create IPUIPlugin
2024-12-06 16:08:26,834 [INFO] PluginManager:220 - loadIPPluginJar : add dma3
2024-12-06 16:08:26,850 [INFO] IPUIPlugin:80 - create IPUIPlugin
2024-12-06 16:08:26,850 [INFO] PluginManager:220 - loadIPPluginJar : add extmemmanager
2024-12-06 16:08:26,859 [INFO] IPUIPlugin:80 - create IPUIPlugin
2024-12-06 16:08:26,860 [INFO] PluginManager:220 - loadIPPluginJar : add fatfs
2024-12-06 16:08:26,876 [INFO] IPUIPlugin:80 - create IPUIPlugin
2024-12-06 16:08:26,876 [INFO] PluginManager:220 - loadIPPluginJar : add fmc
2024-12-06 16:08:26,969 [INFO] IPUIPlugin:80 - create IPUIPlugin
2024-12-06 16:08:26,970 [INFO] PluginManager:220 - loadIPPluginJar : add freertos
2024-12-06 16:08:26,980 [INFO] IPUIPlugin:80 - create IPUIPlugin
2024-12-06 16:08:26,980 [INFO] PluginManager:220 - loadIPPluginJar : add genericplugin
2024-12-06 16:08:27,006 [INFO] IPUIPlugin:80 - create IPUIPlugin
2024-12-06 16:08:27,006 [INFO] PluginManager:220 - loadIPPluginJar : add gfxmmu
2024-12-06 16:08:27,034 [INFO] IPUIPlugin:80 - create IPUIPlugin
2024-12-06 16:08:27,034 [INFO] PluginManager:220 - loadIPPluginJar : add gic
2024-12-06 16:08:27,086 [INFO] IPUIPlugin:80 - create IPUIPlugin
2024-12-06 16:08:27,087 [INFO] PluginManager:220 - loadIPPluginJar : add gpio
2024-12-06 16:08:27,106 [INFO] IPUIPlugin:80 - create IPUIPlugin
2024-12-06 16:08:27,107 [INFO] PluginManager:220 - loadIPPluginJar : add gtzc
2024-12-06 16:08:27,118 [INFO] IPUIPlugin:80 - create IPUIPlugin
2024-12-06 16:08:27,118 [INFO] PluginManager:220 - loadIPPluginJar : add hash
2024-12-06 16:08:27,130 [INFO] IPUIPlugin:80 - create IPUIPlugin
2024-12-06 16:08:27,131 [INFO] PluginManager:220 - loadIPPluginJar : add i2c
2024-12-06 16:08:27,144 [INFO] IPUIPlugin:80 - create IPUIPlugin
2024-12-06 16:08:27,145 [INFO] PluginManager:220 - loadIPPluginJar : add i2s
2024-12-06 16:08:27,159 [INFO] IPUIPlugin:80 - create IPUIPlugin
2024-12-06 16:08:27,159 [INFO] PluginManager:220 - loadIPPluginJar : add i3c
2024-12-06 16:08:27,173 [INFO] IPUIPlugin:80 - create IPUIPlugin
2024-12-06 16:08:27,173 [INFO] PluginManager:220 - loadIPPluginJar : add ipddr
2024-12-06 16:08:27,193 [INFO] IPUIPlugin:80 - create IPUIPlugin
2024-12-06 16:08:27,193 [INFO] PluginManager:220 - loadIPPluginJar : add linkedlist
2024-12-06 16:08:27,205 [INFO] IPUIPlugin:80 - create IPUIPlugin
2024-12-06 16:08:27,206 [INFO] PluginManager:220 - loadIPPluginJar : add lorawan
2024-12-06 16:08:27,217 [INFO] IPUIPlugin:80 - create IPUIPlugin
2024-12-06 16:08:27,217 [INFO] PluginManager:220 - loadIPPluginJar : add ltdc
2024-12-06 16:08:27,263 [INFO] IPUIPlugin:80 - create IPUIPlugin
2024-12-06 16:08:27,263 [INFO] PluginManager:220 - loadIPPluginJar : add mdma
2024-12-06 16:08:27,315 [INFO] IPUIPlugin:80 - create IPUIPlugin
2024-12-06 16:08:27,315 [INFO] PluginManager:220 - loadIPPluginJar : add nvic
2024-12-06 16:08:27,329 [INFO] IPUIPlugin:80 - create IPUIPlugin
2024-12-06 16:08:27,329 [INFO] PluginManager:220 - loadIPPluginJar : add opamp
2024-12-06 16:08:27,345 [INFO] IPUIPlugin:80 - create IPUIPlugin
2024-12-06 16:08:27,346 [INFO] PluginManager:220 - loadIPPluginJar : add openamp
2024-12-06 16:08:27,359 [INFO] IPUIPlugin:80 - create IPUIPlugin
2024-12-06 16:08:27,360 [INFO] PluginManager:220 - loadIPPluginJar : add pdm2pcm
2024-12-06 16:08:27,410 [INFO] IPUIPlugin:80 - create IPUIPlugin
2024-12-06 16:08:27,412 [INFO] PluginManager:220 - loadIPPluginJar : add plateformsettings
2024-12-06 16:08:27,421 [INFO] IPUIPlugin:80 - create IPUIPlugin
2024-12-06 16:08:27,421 [INFO] PluginManager:220 - loadIPPluginJar : add quadspi
2024-12-06 16:08:27,537 [INFO] IPUIPlugin:80 - create IPUIPlugin
2024-12-06 16:08:27,537 [INFO] PluginManager:220 - loadIPPluginJar : add resmgrutility
2024-12-06 16:08:27,552 [INFO] IPUIPlugin:80 - create IPUIPlugin
2024-12-06 16:08:27,553 [INFO] PluginManager:220 - loadIPPluginJar : add sai
2024-12-06 16:08:27,567 [INFO] IPUIPlugin:80 - create IPUIPlugin
2024-12-06 16:08:27,567 [INFO] PluginManager:220 - loadIPPluginJar : add spi
2024-12-06 16:08:27,586 [INFO] IPUIPlugin:80 - create IPUIPlugin
2024-12-06 16:08:27,586 [INFO] PluginManager:220 - loadIPPluginJar : add stm32_wpan
2024-12-06 16:08:27,597 [INFO] IPUIPlugin:80 - create IPUIPlugin
2024-12-06 16:08:27,597 [INFO] PluginManager:220 - loadIPPluginJar : add tim
2024-12-06 16:08:27,613 [INFO] IPUIPlugin:80 - create IPUIPlugin
2024-12-06 16:08:27,613 [INFO] PluginManager:220 - loadIPPluginJar : add touchsensing
2024-12-06 16:08:27,623 [INFO] IPUIPlugin:80 - create IPUIPlugin
2024-12-06 16:08:27,624 [INFO] PluginManager:220 - loadIPPluginJar : add tracer_emb
2024-12-06 16:08:27,633 [INFO] IPUIPlugin:80 - create IPUIPlugin
2024-12-06 16:08:27,633 [INFO] PluginManager:220 - loadIPPluginJar : add ts
2024-12-06 16:08:27,643 [INFO] IPUIPlugin:80 - create IPUIPlugin
2024-12-06 16:08:27,643 [INFO] PluginManager:220 - loadIPPluginJar : add tsc
2024-12-06 16:08:27,653 [INFO] IPUIPlugin:80 - create IPUIPlugin
2024-12-06 16:08:27,653 [INFO] PluginManager:220 - loadIPPluginJar : add ucpd
2024-12-06 16:08:27,666 [INFO] IPUIPlugin:80 - create IPUIPlugin
2024-12-06 16:08:27,666 [INFO] PluginManager:220 - loadIPPluginJar : add usart
2024-12-06 16:08:27,680 [INFO] IPUIPlugin:80 - create IPUIPlugin
2024-12-06 16:08:27,680 [INFO] PluginManager:220 - loadIPPluginJar : add usbx
2024-12-06 16:08:27,827 [INFO] CADModel:165 - CPN selected for project level
2024-12-06 16:08:27,827 [INFO] CADModel:114 - Register for checkConnection events
2024-12-06 16:08:27,827 [FATAL] Updater:308 - Updater called before beeing initialized
2024-12-06 16:08:27,827 [ERROR] CADModel:125 - Updater not yet initialized, retry later 
2024-12-06 16:08:27,984 [INFO] CADModel:165 - CPN selected for project level
2024-12-06 16:08:27,984 [INFO] CADModel:114 - Register for checkConnection events
2024-12-06 16:08:27,984 [FATAL] Updater:308 - Updater called before beeing initialized
2024-12-06 16:08:27,984 [ERROR] CADModel:125 - Updater not yet initialized, retry later 
2024-12-06 16:08:27,988 [FATAL] Updater:308 - Updater called before beeing initialized
2024-12-06 16:08:28,159 [FATAL] Updater:308 - Updater called before beeing initialized
2024-12-06 16:08:28,166 [INFO] DbMcusAds:53 - JSON generation date=Fri Sep 20 14:04:38 BST 2024 (1726837478367)
2024-12-06 16:08:28,167 [FATAL] Updater:308 - Updater called before beeing initialized
2024-12-06 16:08:28,222 [WARN] DetailPanel:346 - Failed to get advertising image, set to default
2024-12-06 16:08:28,328 [FATAL] Updater:308 - Updater called before beeing initialized
2024-12-06 16:08:28,330 [FATAL] Updater:308 - Updater called before beeing initialized
2024-12-06 16:08:28,330 [FATAL] Updater:308 - Updater called before beeing initialized
2024-12-06 16:08:28,330 [WARN] DetailPanel:346 - Failed to get advertising image, set to default
2024-12-06 16:08:28,331 [FATAL] Updater:308 - Updater called before beeing initialized
2024-12-06 16:08:28,402 [ERROR] Updater:1120 - MainUpdater not yet initialized. External WinMGr cannot be set.
2024-12-06 16:08:28,405 [INFO] Updater:1056 - Updater Version found : 6.11.1
2024-12-06 16:08:28,430 [INFO] ApplicationProperties:184 - Using Application install path: C:\ST\STM32CubeIDE_1.15.1\STM32CubeIDE\plugins\com.st.stm32cube.common.mx_6.11.1.202404110753
2024-12-06 16:08:28,864 [INFO] ThirdPartyUpdaterWithRetryManager:70 - Updater plugin not ready yet. [2/15]
2024-12-06 16:08:30,044 [ERROR] LogOutputStream:75 - [STDERR_REDIRECT] Dec 06, 2024 4:08:30 PM java.util.prefs.WindowsPreferences <init>
2024-12-06 16:08:30,047 [ERROR] LogOutputStream:75 - [STDERR_REDIRECT] WARNING: Could not open/create prefs root node Software\JavaSoft\Prefs at root 0xffffffff80000002. Windows RegCreateKeyEx(...) returned error code 5.
2024-12-06 16:08:30,048 [ERROR] LogOutputStream:75 - [STDERR_REDIRECT] 
2024-12-06 16:08:30,527 [INFO] MainUpdater:2873 - connection check result : 10
2024-12-06 16:08:30,528 [INFO] MainUpdater:3567 - Updater definition file requires update
2024-12-06 16:08:30,529 [INFO] MainUpdater:290 - Updater Check For Update Now.
2024-12-06 16:08:30,529 [INFO] MicroXplorer:498 - Change Database Version : DB.6.0.111
2024-12-06 16:08:30,538 [INFO] McuFinderGlobals:63 - Set McuFinder mode to 2 (CubeIDE integrated)
2024-12-06 16:08:30,551 [INFO] UserAuth:415 - Internet connection configuration mode: 1
2024-12-06 16:08:30,576 [INFO] JxBrowserEngine:152 - Initiate JxBrowser Engine with user profile folder
2024-12-06 16:08:30,640 [INFO] ServerAccessManage:473 - Download File updaters.zip
2024-12-06 16:08:30,778 [INFO] FileExtend:240 - Unzip File : updaters.zip
2024-12-06 16:08:30,779 [INFO] FileExtend:255 - Standard Zip Deflate
2024-12-06 16:08:31,865 [WARN] MainUpdater:1194 - Updater busy. Cannot search thirdparties
2024-12-06 16:08:31,865 [INFO] ThirdPartyUpdaterWithRetryManager:96 - Updater plugin is busy. [1/15]
2024-12-06 16:08:33,358 [INFO] ServerAccessManage:473 - Download File PacksControlFlags.xml
2024-12-06 16:08:33,472 [INFO] ServerAccessManage:473 - Download File cubemx.pidx
2024-12-06 16:08:34,057 [INFO] ServerAccessManage:473 - Download File STMicroelectronics.X-CUBE-BLEMGR.pdsc
2024-12-06 16:08:34,251 [ERROR] ServerAccessManage:1089 - Problem, file not found on Server
2024-12-06 16:08:34,866 [WARN] MainUpdater:1194 - Updater busy. Cannot search thirdparties
2024-12-06 16:08:34,866 [INFO] ThirdPartyUpdaterWithRetryManager:96 - Updater plugin is busy. [2/15]
2024-12-06 16:08:34,965 [INFO] WebApp:161 - Instantiating new browser for Auth
2024-12-06 16:08:36,154 [INFO] WebApp:779 - Register for checkConnection events
2024-12-06 16:08:36,154 [INFO] WebApp:414 - Apply proxy settings
2024-12-06 16:08:36,155 [INFO] WebApp:499 - Chromium requires no authentication
2024-12-06 16:08:36,174 [INFO] WebApp:442 - Direct internet connection detected
2024-12-06 16:08:36,456 [WARN] PackLoader:240 - Cannot read IP mode file for STMicroelectronics.X-CUBE-BLEMGR.4.0.0
2024-12-06 16:08:36,467 [INFO] PopulateThirdPartyThread:66 - Ending populate Thread
2024-12-06 16:08:36,471 [INFO] ThirdParty:1030 - CMSIS Pack Vendor :STMicroelectronics X-CUBE-BLEMGR 4.0.0
2024-12-06 16:08:36,471 [INFO] LoadServerUpdatesThread:375 - End of LoadServerUpdate Thread
2024-12-06 16:08:36,558 [INFO] WebApp:192 - Starting web application
2024-12-06 16:08:36,558 [INFO] WebApp:544 - Web application path used C:\ST\STM32CubeIDE_1.15.1\STM32CubeIDE\plugins\com.st.stm32cube.common.mx_6.11.1.202404110753\db\plugins\mcufinder\reactClient1\index.html
2024-12-06 16:08:36,623 [INFO] CheckServerUpdateThread:120 - End of CheckServer Thread
2024-12-06 16:08:38,279 [WARN] PackLoader:240 - Cannot read IP mode file for STMicroelectronics.FP-SNS-MOTENVWB1.1.4.0
2024-12-06 16:08:38,288 [WARN] PackLoader:240 - Cannot read IP mode file for STMicroelectronics.FP-ATR-ASTRA1.2.0.1
2024-12-06 16:08:38,301 [WARN] PackLoader:240 - Cannot read IP mode file for STMicroelectronics.X-CUBE-SMBUS.2.1.0
2024-12-06 16:08:38,315 [WARN] PackLoader:240 - Cannot read IP mode file for STMicroelectronics.X-CUBE-WB05N.1.1.0
2024-12-06 16:08:38,327 [WARN] PackLoader:240 - Cannot read IP mode file for STMicroelectronics.X-CUBE-TOUCHGFX.4.23.2
2024-12-06 16:08:38,368 [WARN] PackLoader:240 - Cannot read IP mode file for STMicroelectronics.X-CUBE-AZRTOS-F7.1.1.0
2024-12-06 16:08:38,447 [WARN] PackLoader:240 - Cannot read IP mode file for STMicroelectronics.X-CUBE-MEMS1.11.0.0
2024-12-06 16:08:38,607 [WARN] PackLoader:240 - Cannot read IP mode file for STMicroelectronics.FP-SNS-FLIGHT1.5.0.2
2024-12-06 16:08:38,624 [WARN] PackLoader:240 - Cannot read IP mode file for STMicroelectronics.X-CUBE-DISPLAY.3.0.0
2024-12-06 16:08:38,640 [WARN] PackLoader:240 - Cannot read IP mode file for STMicroelectronics.X-CUBE-BLE1.7.0.0
2024-12-06 16:08:38,656 [WARN] PackLoader:240 - Cannot read IP mode file for STMicroelectronics.X-CUBE-NFC10.1.0.0
2024-12-06 16:08:38,671 [WARN] PackLoader:240 - Cannot read IP mode file for STMicroelectronics.X-CUBE-BLEMGR.4.0.0
2024-12-06 16:08:38,688 [WARN] PackLoader:240 - Cannot read IP mode file for emotas.I-CUBE-CANOPEN.1.3.0
2024-12-06 16:08:38,706 [WARN] PackLoader:240 - Cannot read IP mode file for STMicroelectronics.X-CUBE-BLEMGR.3.1.0
2024-12-06 16:08:38,723 [WARN] PackLoader:240 - Cannot read IP mode file for STMicroelectronics.FP-SNS-SMARTAG2.1.2.0
2024-12-06 16:08:38,752 [INFO] LogOutputStream:77 - [STDOUT_REDIRECT] 1 : Invalid condition id : UX_CORESTACK_Condition cause : null
2024-12-06 16:08:38,753 [INFO] LogOutputStream:77 - [STDOUT_REDIRECT] 1 : Invalid condition id : UX_CORESTACK_Condition cause : null
2024-12-06 16:08:38,755 [INFO] LogOutputStream:77 - [STDOUT_REDIRECT] 1 : Invalid condition id : UX_CORESTACK_Condition cause : null
2024-12-06 16:08:38,757 [INFO] LogOutputStream:77 - [STDOUT_REDIRECT] 1 : Invalid condition id : UX_CORESTACK_Condition cause : null
2024-12-06 16:08:38,760 [INFO] LogOutputStream:77 - [STDOUT_REDIRECT] 1 : Invalid condition id : UX_CORESTACK_Condition cause : null
2024-12-06 16:08:38,764 [WARN] PackLoader:240 - Cannot read IP mode file for STMicroelectronics.X-CUBE-AZRTOS-WL.2.0.0
2024-12-06 16:08:38,779 [WARN] PackLoader:240 - Cannot read IP mode file for STMicroelectronics.FP-SNS-MOTENV1.5.0.0
2024-12-06 16:08:38,788 [WARN] PackLoader:240 - Cannot read IP mode file for wolfSSL.I-CUBE-wolfMQTT.1.19.0
2024-12-06 16:08:38,805 [WARN] PackLoader:240 - Cannot read IP mode file for WES.I-CUBE-Cesium.1.3.0
2024-12-06 16:08:38,818 [WARN] PackLoader:240 - Cannot read IP mode file for STMicroelectronics.X-CUBE-BLE2.3.3.0
2024-12-06 16:08:38,833 [WARN] PackLoader:240 - Cannot read IP mode file for STMicroelectronics.X-CUBE-NFC9.1.0.0
2024-12-06 16:08:38,849 [WARN] PackLoader:240 - Cannot read IP mode file for STMicroelectronics.X-CUBE-TCPP.4.1.0
2024-12-06 16:08:38,880 [WARN] PackLoader:240 - Cannot read IP mode file for STMicroelectronics.X-CUBE-AZRTOS-G0.1.1.0
2024-12-06 16:08:38,902 [WARN] PackLoader:240 - Cannot read IP mode file for STMicroelectronics.X-CUBE-SAFEA1.1.2.2
2024-12-06 16:08:38,917 [WARN] PackLoader:240 - Cannot read IP mode file for STMicroelectronics.X-CUBE-NFC4.3.0.0
2024-12-06 16:08:38,938 [WARN] PackLoader:240 - Cannot read IP mode file for EmbeddedOffice.I-CUBE-FS-RTOS.1.0.1
2024-12-06 16:08:38,939 [ERROR] ConditionMgr:805 - Attr not supported : Dmpu
2024-12-06 16:08:38,939 [ERROR] ConditionMgr:805 - Attr not supported : Dmpu
2024-12-06 16:08:38,939 [ERROR] ConditionMgr:805 - Attr not supported : Dmpu
2024-12-06 16:08:38,939 [ERROR] ConditionMgr:805 - Attr not supported : Dmpu
2024-12-06 16:08:38,939 [ERROR] ConditionMgr:805 - Attr not supported : Dmpu
2024-12-06 16:08:38,939 [ERROR] ConditionMgr:805 - Attr not supported : Dmpu
2024-12-06 16:08:38,939 [ERROR] ConditionMgr:805 - Attr not supported : Dmpu
2024-12-06 16:08:38,939 [ERROR] ConditionMgr:805 - Attr not supported : Dmpu
2024-12-06 16:08:38,939 [ERROR] ConditionMgr:805 - Attr not supported : Dmpu
2024-12-06 16:08:38,939 [ERROR] ConditionMgr:805 - Attr not supported : Dmpu
2024-12-06 16:08:38,939 [ERROR] ConditionMgr:805 - Attr not supported : Dmpu
2024-12-06 16:08:38,940 [ERROR] ConditionMgr:805 - Attr not supported : Dmpu
2024-12-06 16:08:38,940 [ERROR] ConditionMgr:805 - Attr not supported : Dmpu
2024-12-06 16:08:38,940 [ERROR] ConditionMgr:805 - Attr not supported : Dmpu
2024-12-06 16:08:38,940 [ERROR] ConditionMgr:805 - Attr not supported : Dmpu
2024-12-06 16:08:38,940 [ERROR] ConditionMgr:805 - Attr not supported : Dmpu
2024-12-06 16:08:38,940 [ERROR] ConditionMgr:805 - Attr not supported : Dmpu
2024-12-06 16:08:38,940 [ERROR] ConditionMgr:805 - Attr not supported : Dmpu
2024-12-06 16:08:38,940 [ERROR] ConditionMgr:805 - Attr not supported : Dmpu
2024-12-06 16:08:38,940 [ERROR] ConditionMgr:805 - Attr not supported : Dmpu
2024-12-06 16:08:38,940 [ERROR] ConditionMgr:805 - Attr not supported : Dmpu
2024-12-06 16:08:38,940 [ERROR] ConditionMgr:805 - Attr not supported : Dmpu
2024-12-06 16:08:38,940 [ERROR] ConditionMgr:805 - Attr not supported : Dmpu
2024-12-06 16:08:38,941 [ERROR] ConditionMgr:805 - Attr not supported : Dmpu
2024-12-06 16:08:38,941 [ERROR] ConditionMgr:805 - Attr not supported : Dmpu
2024-12-06 16:08:38,941 [ERROR] ConditionMgr:805 - Attr not supported : Dmpu
2024-12-06 16:08:38,941 [ERROR] ConditionMgr:805 - Attr not supported : Dmpu
2024-12-06 16:08:38,941 [ERROR] ConditionMgr:805 - Attr not supported : Dmpu
2024-12-06 16:08:38,941 [ERROR] ConditionMgr:805 - Attr not supported : Dmpu
2024-12-06 16:08:38,941 [ERROR] ConditionMgr:805 - Attr not supported : Dmpu
2024-12-06 16:08:38,941 [ERROR] ConditionMgr:805 - Attr not supported : Dmpu
2024-12-06 16:08:38,941 [ERROR] ConditionMgr:805 - Attr not supported : Dmpu
2024-12-06 16:08:38,941 [ERROR] ConditionMgr:805 - Attr not supported : Dmpu
2024-12-06 16:08:38,941 [ERROR] ConditionMgr:805 - Attr not supported : Dmpu
2024-12-06 16:08:38,941 [ERROR] ConditionMgr:805 - Attr not supported : Dmpu
2024-12-06 16:08:38,941 [ERROR] ConditionMgr:805 - Attr not supported : Dmpu
2024-12-06 16:08:38,943 [ERROR] ConditionMgr:805 - Attr not supported : Dmpu
2024-12-06 16:08:38,943 [ERROR] ConditionMgr:805 - Attr not supported : Dmpu
2024-12-06 16:08:38,943 [ERROR] ConditionMgr:805 - Attr not supported : Dmpu
2024-12-06 16:08:38,943 [ERROR] ConditionMgr:805 - Attr not supported : Dmpu
2024-12-06 16:08:38,943 [ERROR] ConditionMgr:805 - Attr not supported : Dmpu
2024-12-06 16:08:38,944 [ERROR] ConditionMgr:805 - Attr not supported : Dmpu
2024-12-06 16:08:38,944 [ERROR] ConditionMgr:805 - Attr not supported : Dmpu
2024-12-06 16:08:38,944 [ERROR] ConditionMgr:805 - Attr not supported : Dmpu
2024-12-06 16:08:38,944 [ERROR] ConditionMgr:805 - Attr not supported : Dmpu
2024-12-06 16:08:38,944 [ERROR] ConditionMgr:805 - Attr not supported : Dmpu
2024-12-06 16:08:38,944 [ERROR] ConditionMgr:805 - Attr not supported : Dmpu
2024-12-06 16:08:38,945 [ERROR] ConditionMgr:805 - Attr not supported : Dmpu
2024-12-06 16:08:38,945 [ERROR] ConditionMgr:805 - Attr not supported : Dmpu
2024-12-06 16:08:38,945 [ERROR] ConditionMgr:805 - Attr not supported : Dmpu
2024-12-06 16:08:38,945 [ERROR] ConditionMgr:805 - Attr not supported : Dmpu
2024-12-06 16:08:38,945 [ERROR] ConditionMgr:805 - Attr not supported : Dmpu
2024-12-06 16:08:38,945 [ERROR] ConditionMgr:805 - Attr not supported : Dmpu
2024-12-06 16:08:38,945 [ERROR] ConditionMgr:805 - Attr not supported : Dmpu
2024-12-06 16:08:38,945 [ERROR] ConditionMgr:805 - Attr not supported : Dmpu
2024-12-06 16:08:38,945 [ERROR] ConditionMgr:805 - Attr not supported : Dmpu
2024-12-06 16:08:38,945 [ERROR] ConditionMgr:805 - Attr not supported : Dmpu
2024-12-06 16:08:38,945 [ERROR] ConditionMgr:805 - Attr not supported : Dmpu
2024-12-06 16:08:38,946 [ERROR] ConditionMgr:805 - Attr not supported : Dmpu
2024-12-06 16:08:38,946 [ERROR] ConditionMgr:805 - Attr not supported : Dmpu
2024-12-06 16:08:38,946 [ERROR] ConditionMgr:805 - Attr not supported : Dmpu
2024-12-06 16:08:38,946 [ERROR] ConditionMgr:805 - Attr not supported : Dmpu
2024-12-06 16:08:38,946 [ERROR] ConditionMgr:805 - Attr not supported : Dmpu
2024-12-06 16:08:38,946 [ERROR] ConditionMgr:805 - Attr not supported : Dmpu
2024-12-06 16:08:38,956 [WARN] PackLoader:240 - Cannot read IP mode file for RealThread.X-CUBE-RT-Thread_Nano.4.1.1
2024-12-06 16:08:38,971 [WARN] PackLoader:240 - Cannot read IP mode file for wolfSSL.I-CUBE-wolfSSL.5.7.0
2024-12-06 16:08:38,984 [WARN] PackLoader:240 - Cannot read IP mode file for STMicroelectronics.FP-ATR-SIGFOX1.3.2.0
2024-12-06 16:08:38,997 [WARN] ConditionMgr:438 - getConditionDescription Invalid condition id : Cortex-A Device cause : null
2024-12-06 16:08:39,020 [WARN] ConditionMgr:1039 - genDependencies : Invalid condition id : Cortex-A Device cause : null
2024-12-06 16:08:39,020 [WARN] ConditionMgr:1039 - genDependencies : Invalid condition id : Cortex-A Device cause : null
2024-12-06 16:08:39,020 [WARN] ConditionMgr:1039 - genDependencies : Invalid condition id : Cortex-A Device cause : null
2024-12-06 16:08:39,032 [WARN] PackLoader:240 - Cannot read IP mode file for STMicroelectronics.X-CUBE-EEPRMA1.5.1.0
2024-12-06 16:08:39,048 [WARN] PackLoader:240 - Cannot read IP mode file for ITTIA_DB.I-CUBE-ITTIADB.8.9.0
2024-12-06 16:08:39,088 [WARN] PackLoader:240 - Cannot read IP mode file for SEGGER.I-CUBE-embOS.1.3.1
2024-12-06 16:08:39,147 [WARN] PackLoader:240 - Cannot read IP mode file for STMicroelectronics.X-CUBE-ALGOBUILD.1.4.0
2024-12-06 16:08:39,156 [WARN] PackLoader:240 - Cannot read IP mode file for STMicroelectronics.X-CUBE-AI.9.1.0
2024-12-06 16:08:39,170 [WARN] PackLoader:240 - Cannot read IP mode file for STMicroelectronics.X-CUBE-GNSS1.6.0.0
2024-12-06 16:08:39,198 [WARN] PackLoader:240 - Cannot read IP mode file for STMicroelectronics.X-CUBE-AZRTOS-F4.1.1.0
2024-12-06 16:08:39,212 [WARN] PackLoader:240 - Cannot read IP mode file for STMicroelectronics.X-CUBE-ISPU.2.1.0
2024-12-06 16:08:39,222 [WARN] PackLoader:240 - Cannot read IP mode file for STMicroelectronics.X-CUBE-FREERTOS.1.2.0
2024-12-06 16:08:39,254 [WARN] PackLoader:240 - Cannot read IP mode file for STMicroelectronics.X-CUBE-AZRTOS-L5.2.0.0
2024-12-06 16:08:39,268 [WARN] PackLoader:240 - Cannot read IP mode file for STMicroelectronics.X-CUBE-NFC6.3.1.0
2024-12-06 16:08:39,282 [WARN] PackLoader:240 - Cannot read IP mode file for STMicroelectronics.X-CUBE-DPower.1.2.0
2024-12-06 16:08:39,290 [WARN] PackLoader:240 - Cannot read IP mode file for STMicroelectronics.X-CUBE-AI.9.0.0
2024-12-06 16:08:39,302 [WARN] PackLoader:240 - Cannot read IP mode file for STMicroelectronics.X-CUBE-NFC7.1.0.1
2024-12-06 16:08:39,350 [WARN] ConditionMgr:438 - getConditionDescription Invalid condition id : LAN8742 Phy interface Condition cause : null
2024-12-06 16:08:39,351 [WARN] PackLoader:240 - Cannot read IP mode file for STMicroelectronics.X-CUBE-AZRTOS-L4.2.0.0
2024-12-06 16:08:39,352 [WARN] ConditionMgr:1039 - genDependencies : Invalid condition id : LAN8742 Phy interface Condition cause : null
2024-12-06 16:08:39,353 [WARN] ConditionMgr:1039 - genDependencies : Invalid condition id : LAN8742 Phy interface Condition cause : null
2024-12-06 16:08:39,353 [WARN] ConditionMgr:1039 - genDependencies : Invalid condition id : LAN8742 Phy interface Condition cause : null
2024-12-06 16:08:39,370 [WARN] PackLoader:240 - Cannot read IP mode file for STMicroelectronics.X-CUBE-SFXS2LP1.4.0.0
2024-12-06 16:08:39,423 [WARN] PackLoader:240 - Cannot read IP mode file for STMicroelectronics.X-CUBE-AZRTOS-H7.3.3.0
2024-12-06 16:08:39,452 [WARN] PackLoader:240 - Cannot read IP mode file for STMicroelectronics.X-CUBE-IPS.3.0.0
2024-12-06 16:08:39,495 [WARN] ConditionMgr:438 - getConditionDescription Invalid condition id : UX DEVICE CLASS RTOS Condition cause : null
2024-12-06 16:08:39,496 [WARN] ConditionMgr:438 - getConditionDescription Invalid condition id : UX DEVICE CLASS RTOS Condition cause : null
2024-12-06 16:08:39,499 [WARN] PackLoader:240 - Cannot read IP mode file for STMicroelectronics.X-CUBE-AZRTOS-WB.2.0.0
2024-12-06 16:08:39,500 [WARN] ConditionMgr:1039 - genDependencies : Invalid condition id : UX DEVICE CLASS RTOS Condition cause : null
2024-12-06 16:08:39,500 [WARN] ConditionMgr:1039 - genDependencies : Invalid condition id : UX DEVICE CLASS RTOS Condition cause : null
2024-12-06 16:08:39,501 [WARN] ConditionMgr:1039 - genDependencies : Invalid condition id : UX DEVICE CLASS RTOS Condition cause : null
2024-12-06 16:08:39,501 [WARN] ConditionMgr:1039 - genDependencies : Invalid condition id : UX DEVICE CLASS RTOS Condition cause : null
2024-12-06 16:08:39,501 [WARN] ConditionMgr:1039 - genDependencies : Invalid condition id : UX DEVICE CLASS RTOS Condition cause : null
2024-12-06 16:08:39,515 [WARN] PackLoader:240 - Cannot read IP mode file for STMicroelectronics.X-CUBE-GNSS1.7.0.0
2024-12-06 16:08:39,531 [WARN] PackLoader:240 - Cannot read IP mode file for STMicroelectronics.FP-SNS-STBOX1.2.0.0
2024-12-06 16:08:39,554 [WARN] PackLoader:240 - Cannot read IP mode file for STMicroelectronics.X-CUBE-SUBG2.5.0.0
2024-12-06 16:08:39,573 [WARN] PackLoader:240 - Cannot read IP mode file for Cesanta.I-CUBE-Mongoose.7.13.0
2024-12-06 16:08:39,610 [WARN] PackLoader:240 - Cannot read IP mode file for STMicroelectronics.X-CUBE-AZRTOS-G4.2.0.0
2024-12-06 16:08:39,622 [WARN] PackLoader:240 - Cannot read IP mode file for STMicroelectronics.X-CUBE-ISPU.2.0.0
2024-12-06 16:08:39,635 [WARN] PackLoader:240 - Cannot read IP mode file for STMicroelectronics.X-CUBE-ALS.1.0.2
2024-12-06 16:08:39,695 [WARN] PackLoader:240 - Cannot read IP mode file for STMicroelectronics.X-CUBE-MEMS1.10.0.0
2024-12-06 16:08:39,841 [WARN] PackLoader:240 - Cannot read IP mode file for STMicroelectronics.X-CUBE-TOUCHGFX.4.24.0
2024-12-06 16:08:39,855 [WARN] PackLoader:240 - Cannot read IP mode file for STMicroelectronics.X-CUBE-TOUCHGFX.4.24.1
2024-12-06 16:08:39,869 [WARN] PackLoader:240 - Cannot read IP mode file for wolfSSL.I-CUBE-wolfTPM.3.4.0
2024-12-06 16:08:39,883 [WARN] PackLoader:240 - Cannot read IP mode file for portGmbH.I-Cube-SoM-uGOAL.1.1.0
2024-12-06 16:08:39,925 [WARN] PackLoader:240 - Cannot read IP mode file for STMicroelectronics.X-CUBE-AZRTOS-H7RS.1.0.0
2024-12-06 16:08:39,941 [WARN] PackLoader:240 - Cannot read IP mode file for STMicroelectronics.FP-ATR-ASTRA1.2.0.0
2024-12-06 16:08:39,971 [WARN] PackLoader:240 - Cannot read IP mode file for STMicroelectronics.X-CUBE-TOF1.3.4.2
2024-12-06 16:08:40,002 [WARN] PackLoader:240 - Cannot read IP mode file for STMicroelectronics.X-CUBE-TOF1.3.4.1
2024-12-06 16:08:40,052 [WARN] PackLoader:240 - Cannot read IP mode file for STMicroelectronics.X-CUBE-AZRTOS-H7.3.2.0
2024-12-06 16:08:40,086 [WARN] PackLoader:240 - Cannot read IP mode file for Infineon.AIROC-Wi-Fi-Bluetooth-STM32.1.6.0
2024-12-06 16:08:40,102 [WARN] PackLoader:240 - Cannot read IP mode file for wolfSSL.I-CUBE-wolfSSH.1.4.17
2024-12-06 16:08:40,103 [INFO] ThirdParty:978 - Integrity check success = true
2024-12-06 16:08:40,104 [INFO] IntegrityCheckThread:100 - exiting critical section [integrity check]
2024-12-06 16:08:40,104 [INFO] IntegrityCheckThread:103 - End integrity checks thread
2024-12-06 17:31:45,462 [ERROR] LogOutputStream:75 - [STDERR_REDIRECT] 
