2024-12-08 18:01:09,691 [INFO] Activator:176 - 


2024-12-08 18:01:09,698 [INFO] Activator:177 - !SESSION log4j initialized
2024-12-08 18:01:15,670 [INFO] LogOutputStream:77 - [STDOUT_REDIRECT] 
2024-12-08 18:01:17,692 [INFO] ApplicationProperties:184 - Using Application install path: C:\ST\STM32CubeIDE_1.15.1\STM32CubeIDE\plugins\com.st.stm32cube.common.mx_6.11.1.202404110753
2024-12-08 18:01:17,709 [INFO] DbMcusXml:78 - Set database path to: C:\ST\STM32CubeIDE_1.15.1\STM32CubeIDE\plugins\com.st.stm32cube.common.mx_6.11.1.202404110753\\db\/mcu/
2024-12-08 18:01:17,710 [INFO] ApiDb:274 - Set plugin database path to: C:\ST\STM32CubeIDE_1.15.1\STM32CubeIDE\plugins\com.st.stm32cube.common.mx_6.11.1.202404110753\\db\/plugins/boardmanager/
2024-12-08 18:01:17,710 [WARN] ApiDb:259 - Overriding images path with different value:  => C:\ST\STM32CubeIDE_1.15.1\STM32CubeIDE\plugins\com.st.stm32cube.common.mx_6.11.1.202404110753\\db\/plugins/mcufinder/images/
2024-12-08 18:01:17,726 [INFO] ApiDb:250 - Set database path to: C:\Users\chase\.stmcufinder\plugins\mcufinder//mcu/
2024-12-08 18:01:17,727 [INFO] DbMcusAds:125 - Set database path to: C:\Users\chase\.stmcufinder\plugins\mcufinder//mcu/
2024-12-08 18:01:17,728 [INFO] CrossReferenceDbSqlite:203 - Set database path to: C:\Users\chase\.stmcufinder\plugins\mcufinder//mcu/cs/
2024-12-08 18:01:17,859 [INFO] RulesReader:64 - Compatibility file has been processed (297 Rules)
2024-12-08 18:01:18,027 [INFO] DbMcusXml:78 - Set database path to: C:\ST\STM32CubeIDE_1.15.1\STM32CubeIDE\plugins\com.st.stm32cube.common.mx_6.11.1.202404110753\\db\/mcu/
2024-12-08 18:01:18,027 [INFO] ApiDb:274 - Set plugin database path to: C:\ST\STM32CubeIDE_1.15.1\STM32CubeIDE\plugins\com.st.stm32cube.common.mx_6.11.1.202404110753\\db\/plugins/boardmanager/
2024-12-08 18:01:18,027 [INFO] ApiDb:261 - Set plugin images path to: C:\ST\STM32CubeIDE_1.15.1\STM32CubeIDE\plugins\com.st.stm32cube.common.mx_6.11.1.202404110753\\db\/plugins/mcufinder/images/
2024-12-08 18:01:18,028 [WARN] DbFile:41 - Overriding database path with different value: C:\Users\chase\.stmcufinder\plugins\mcufinder/ => C:\Users\chase\.stmcufinder\plugins\mcufinder
2024-12-08 18:01:18,028 [INFO] ApiDb:250 - Set database path to: C:\Users\chase\.stmcufinder\plugins\mcufinder//mcu/
2024-12-08 18:01:18,028 [WARN] DbFile:41 - Overriding database path with different value: C:\Users\chase\.stmcufinder\plugins\mcufinder/ => C:\Users\chase\.stmcufinder\plugins\mcufinder
2024-12-08 18:01:18,028 [INFO] DbMcusAds:125 - Set database path to: C:\Users\chase\.stmcufinder\plugins\mcufinder//mcu/
2024-12-08 18:01:18,028 [WARN] DbFile:41 - Overriding database path with different value: C:\Users\chase\.stmcufinder\plugins\mcufinder/ => C:\Users\chase\.stmcufinder\plugins\mcufinder
2024-12-08 18:01:18,028 [WARN] DbFile:41 - Overriding database path with different value: C:\Users\chase\.stmcufinder\plugins\mcufinder/ => C:\Users\chase\.stmcufinder\plugins\mcufinder
2024-12-08 18:01:18,028 [INFO] CrossReferenceDbSqlite:203 - Set database path to: C:\Users\chase\.stmcufinder\plugins\mcufinder//mcu/cs/
2024-12-08 18:01:18,144 [INFO] MainPanel:264 - HeapMemory: 268435456
2024-12-08 18:01:18,279 [INFO] DbMcusXml:78 - Set database path to: C:\ST\STM32CubeIDE_1.15.1\STM32CubeIDE\plugins\com.st.stm32cube.common.mx_6.11.1.202404110753\\db\/mcu/
2024-12-08 18:01:18,279 [INFO] ApiDb:274 - Set plugin database path to: C:\ST\STM32CubeIDE_1.15.1\STM32CubeIDE\plugins\com.st.stm32cube.common.mx_6.11.1.202404110753\\db\/plugins/boardmanager/
2024-12-08 18:01:18,279 [INFO] ApiDb:261 - Set plugin images path to: C:\ST\STM32CubeIDE_1.15.1\STM32CubeIDE\plugins\com.st.stm32cube.common.mx_6.11.1.202404110753\\db\/plugins/mcufinder/images/
2024-12-08 18:01:18,280 [WARN] DbFile:41 - Overriding database path with different value: C:\Users\chase\.stmcufinder\plugins\mcufinder/ => C:\Users\chase\.stmcufinder\plugins\mcufinder
2024-12-08 18:01:18,280 [INFO] ApiDb:250 - Set database path to: C:\Users\chase\.stmcufinder\plugins\mcufinder//mcu/
2024-12-08 18:01:18,280 [WARN] DbFile:41 - Overriding database path with different value: C:\Users\chase\.stmcufinder\plugins\mcufinder/ => C:\Users\chase\.stmcufinder\plugins\mcufinder
2024-12-08 18:01:18,280 [INFO] DbMcusAds:125 - Set database path to: C:\Users\chase\.stmcufinder\plugins\mcufinder//mcu/
2024-12-08 18:01:18,280 [WARN] DbFile:41 - Overriding database path with different value: C:\Users\chase\.stmcufinder\plugins\mcufinder/ => C:\Users\chase\.stmcufinder\plugins\mcufinder
2024-12-08 18:01:18,280 [WARN] DbFile:41 - Overriding database path with different value: C:\Users\chase\.stmcufinder\plugins\mcufinder/ => C:\Users\chase\.stmcufinder\plugins\mcufinder
2024-12-08 18:01:18,281 [INFO] CrossReferenceDbSqlite:203 - Set database path to: C:\Users\chase\.stmcufinder\plugins\mcufinder//mcu/cs/
2024-12-08 18:01:18,308 [INFO] ApplicationProperties:184 - Using Application install path: C:\ST\STM32CubeIDE_1.15.1\STM32CubeIDE\plugins\com.st.stm32cube.common.mx_6.11.1.202404110753
2024-12-08 18:01:18,311 [INFO] PluginManage:196 - Search for loadable plugins [exclusion list=, ]
2024-12-08 18:01:18,313 [INFO] PluginManage:310 - Check plugin analytics
2024-12-08 18:01:18,536 [INFO] AnalyticsPlugin:253 - Accepted Software Licenses: 
2024-12-08 18:01:18,538 [INFO] AnalyticsPlugin:255 - Accepted CMSIS Pack Licenses: 
2024-12-08 18:01:18,539 [INFO] AnalyticsPlugin:257 - Accepted Firmware Licenses: FW.F4.1.28.0,FW.C0.1.1.0
2024-12-08 18:01:18,545 [INFO] PluginManage:359 - Loaded plugin analytics (category:tool,tabindex:-1)
2024-12-08 18:01:18,548 [INFO] PluginManage:310 - Check plugin cadmodel
2024-12-08 18:01:18,562 [INFO] CADModel:105 - Init CAD model plugin
2024-12-08 18:01:18,563 [INFO] PluginManage:359 - Loaded plugin cadmodel (category:power,tabindex:5)
2024-12-08 18:01:18,563 [INFO] PluginManage:310 - Check plugin clock
2024-12-08 18:01:18,587 [INFO] PluginManage:359 - Loaded plugin clock (category:base,tabindex:2)
2024-12-08 18:01:18,587 [INFO] PluginManage:310 - Check plugin ddr
2024-12-08 18:01:18,591 [INFO] PluginManage:359 - Loaded plugin ddr (category:tool,tabindex:6)
2024-12-08 18:01:18,591 [INFO] PluginManage:310 - Check plugin filemanager
2024-12-08 18:01:18,784 [INFO] PluginManage:359 - Loaded plugin filemanager (category:base,tabindex:10)
2024-12-08 18:01:18,784 [INFO] PluginManage:310 - Check plugin ipmanager
2024-12-08 18:01:18,797 [INFO] PluginManage:359 - Loaded plugin ipmanager (category:base,tabindex:5)
2024-12-08 18:01:18,798 [INFO] PluginManage:310 - Check plugin lpbam
2024-12-08 18:01:18,807 [INFO] PluginManage:359 - Loaded plugin lpbam (category:base,tabindex:0)
2024-12-08 18:01:18,807 [INFO] PluginManage:310 - Check plugin memorymap
2024-12-08 18:01:18,821 [INFO] PluginManage:359 - Loaded plugin memorymap (category:base,tabindex:4)
2024-12-08 18:01:18,821 [INFO] PluginManage:310 - Check plugin pinoutandconfiguration
2024-12-08 18:01:18,830 [INFO] PluginManage:359 - Loaded plugin pinoutandconfiguration (category:base,tabindex:1)
2024-12-08 18:01:18,830 [INFO] PluginManage:310 - Check plugin pinoutconfig
2024-12-08 18:01:18,907 [WARN] SupportedApi:132 - Cannot load RTOS API schema: s4s-elt-must-match.1: The content of 'definitions' must match (annotation?, (simpleType | complexType)?, (unique | key | keyref)*)). A problem was found starting at: attribute.
2024-12-08 18:01:19,031 [INFO] PluginManage:359 - Loaded plugin pinoutconfig (category:base,tabindex:0)
2024-12-08 18:01:19,031 [INFO] PluginManage:310 - Check plugin power
2024-12-08 18:01:19,048 [INFO] PluginManage:359 - Loaded plugin power (category:power,tabindex:4)
2024-12-08 18:01:19,048 [INFO] PluginManage:310 - Check plugin projectmanager
2024-12-08 18:01:19,065 [INFO] PluginManage:359 - Loaded plugin projectmanager (category:projectmanager,tabindex:3)
2024-12-08 18:01:19,065 [INFO] PluginManage:310 - Check plugin thirdparty
2024-12-08 18:01:19,199 [INFO] PluginManage:359 - Loaded plugin thirdparty (category:base,tabindex:-1)
2024-12-08 18:01:19,199 [WARN] IntegrityCheckThread:84 - waiting for thirdparty lock release [integrity check]
2024-12-08 18:01:19,199 [INFO] PluginManage:310 - Check plugin tools
2024-12-08 18:01:19,199 [INFO] IntegrityCheckThread:86 - entering critical section [integrity check]
2024-12-08 18:01:19,199 [INFO] ThirdPartyUpdaterWithRetryManager:70 - Updater plugin not ready yet. [1/15]
2024-12-08 18:01:19,203 [INFO] PluginManage:359 - Loaded plugin tools (category:base,tabindex:7)
2024-12-08 18:01:19,203 [INFO] PluginManage:310 - Check plugin tutovideos
2024-12-08 18:01:19,346 [INFO] PluginManage:359 - Loaded plugin tutovideos (category:base,tabindex:-1)
2024-12-08 18:01:19,346 [INFO] PluginManage:310 - Check plugin updater
2024-12-08 18:01:19,356 [INFO] PluginManage:359 - Loaded plugin updater (category:base,tabindex:12)
2024-12-08 18:01:19,356 [INFO] PluginManage:310 - Check plugin userauth
2024-12-08 18:01:19,361 [INFO] UserAuth:114 - Init User Auth plugin
2024-12-08 18:01:19,362 [INFO] PluginManage:359 - Loaded plugin userauth (category:base,tabindex:14)
2024-12-08 18:01:19,362 [INFO] PluginManage:283 - PluginManage : Loaded plugins [17]
2024-12-08 18:01:19,600 [INFO] PinOutPanel:1561 - setPackage(No Configuration,No Configuration)
2024-12-08 18:01:19,693 [INFO] CADModel:165 - CPN selected for project level
2024-12-08 18:01:19,693 [INFO] CADModel:114 - Register for checkConnection events
2024-12-08 18:01:19,708 [INFO] IPUIPlugin:80 - create IPUIPlugin
2024-12-08 18:01:19,708 [INFO] PluginManager:220 - loadIPPluginJar : add adc
2024-12-08 18:01:19,711 [INFO] IPUIPlugin:80 - create IPUIPlugin
2024-12-08 18:01:19,711 [INFO] PluginManager:220 - loadIPPluginJar : add aes
2024-12-08 18:01:19,714 [INFO] IPUIPlugin:80 - create IPUIPlugin
2024-12-08 18:01:19,714 [INFO] PluginManager:220 - loadIPPluginJar : add can
2024-12-08 18:01:19,716 [INFO] IPUIPlugin:80 - create IPUIPlugin
2024-12-08 18:01:19,716 [INFO] PluginManager:220 - loadIPPluginJar : add comp
2024-12-08 18:01:19,720 [INFO] IPUIPlugin:80 - create IPUIPlugin
2024-12-08 18:01:19,720 [INFO] PluginManager:220 - loadIPPluginJar : add cryp
2024-12-08 18:01:19,722 [INFO] IPUIPlugin:80 - create IPUIPlugin
2024-12-08 18:01:19,723 [INFO] PluginManager:220 - loadIPPluginJar : add dfsdm
2024-12-08 18:01:19,727 [INFO] IPUIPlugin:80 - create IPUIPlugin
2024-12-08 18:01:19,728 [INFO] PluginManager:220 - loadIPPluginJar : add dma
2024-12-08 18:01:19,731 [INFO] IPUIPlugin:80 - create IPUIPlugin
2024-12-08 18:01:19,731 [INFO] PluginManager:220 - loadIPPluginJar : add dma3
2024-12-08 18:01:19,735 [INFO] IPUIPlugin:80 - create IPUIPlugin
2024-12-08 18:01:19,735 [INFO] PluginManager:220 - loadIPPluginJar : add extmemmanager
2024-12-08 18:01:19,737 [INFO] IPUIPlugin:80 - create IPUIPlugin
2024-12-08 18:01:19,737 [INFO] PluginManager:220 - loadIPPluginJar : add fatfs
2024-12-08 18:01:19,742 [INFO] IPUIPlugin:80 - create IPUIPlugin
2024-12-08 18:01:19,742 [INFO] PluginManager:220 - loadIPPluginJar : add fmc
2024-12-08 18:01:19,748 [INFO] IPUIPlugin:80 - create IPUIPlugin
2024-12-08 18:01:19,748 [INFO] PluginManager:220 - loadIPPluginJar : add freertos
2024-12-08 18:01:19,751 [INFO] IPUIPlugin:80 - create IPUIPlugin
2024-12-08 18:01:19,751 [INFO] PluginManager:220 - loadIPPluginJar : add genericplugin
2024-12-08 18:01:19,754 [INFO] IPUIPlugin:80 - create IPUIPlugin
2024-12-08 18:01:19,755 [INFO] PluginManager:220 - loadIPPluginJar : add gfxmmu
2024-12-08 18:01:19,760 [INFO] IPUIPlugin:80 - create IPUIPlugin
2024-12-08 18:01:19,760 [INFO] PluginManager:220 - loadIPPluginJar : add gic
2024-12-08 18:01:19,766 [INFO] IPUIPlugin:80 - create IPUIPlugin
2024-12-08 18:01:19,766 [INFO] PluginManager:220 - loadIPPluginJar : add gpio
2024-12-08 18:01:19,771 [INFO] IPUIPlugin:80 - create IPUIPlugin
2024-12-08 18:01:19,771 [INFO] PluginManager:220 - loadIPPluginJar : add gtzc
2024-12-08 18:01:19,775 [INFO] IPUIPlugin:80 - create IPUIPlugin
2024-12-08 18:01:19,775 [INFO] PluginManager:220 - loadIPPluginJar : add hash
2024-12-08 18:01:19,779 [INFO] IPUIPlugin:80 - create IPUIPlugin
2024-12-08 18:01:19,779 [INFO] PluginManager:220 - loadIPPluginJar : add i2c
2024-12-08 18:01:19,782 [INFO] IPUIPlugin:80 - create IPUIPlugin
2024-12-08 18:01:19,782 [INFO] PluginManager:220 - loadIPPluginJar : add i2s
2024-12-08 18:01:19,787 [INFO] IPUIPlugin:80 - create IPUIPlugin
2024-12-08 18:01:19,787 [INFO] PluginManager:220 - loadIPPluginJar : add i3c
2024-12-08 18:01:19,791 [INFO] IPUIPlugin:80 - create IPUIPlugin
2024-12-08 18:01:19,791 [INFO] PluginManager:220 - loadIPPluginJar : add ipddr
2024-12-08 18:01:19,800 [INFO] IPUIPlugin:80 - create IPUIPlugin
2024-12-08 18:01:19,800 [INFO] PluginManager:220 - loadIPPluginJar : add linkedlist
2024-12-08 18:01:19,804 [INFO] IPUIPlugin:80 - create IPUIPlugin
2024-12-08 18:01:19,805 [INFO] PluginManager:220 - loadIPPluginJar : add lorawan
2024-12-08 18:01:19,807 [INFO] IPUIPlugin:80 - create IPUIPlugin
2024-12-08 18:01:19,807 [INFO] PluginManager:220 - loadIPPluginJar : add ltdc
2024-12-08 18:01:19,813 [INFO] IPUIPlugin:80 - create IPUIPlugin
2024-12-08 18:01:19,813 [INFO] PluginManager:220 - loadIPPluginJar : add mdma
2024-12-08 18:01:19,818 [INFO] IPUIPlugin:80 - create IPUIPlugin
2024-12-08 18:01:19,818 [INFO] PluginManager:220 - loadIPPluginJar : add nvic
2024-12-08 18:01:19,822 [INFO] IPUIPlugin:80 - create IPUIPlugin
2024-12-08 18:01:19,822 [INFO] PluginManager:220 - loadIPPluginJar : add opamp
2024-12-08 18:01:19,826 [INFO] IPUIPlugin:80 - create IPUIPlugin
2024-12-08 18:01:19,826 [INFO] PluginManager:220 - loadIPPluginJar : add openamp
2024-12-08 18:01:19,830 [INFO] IPUIPlugin:80 - create IPUIPlugin
2024-12-08 18:01:19,830 [INFO] PluginManager:220 - loadIPPluginJar : add pdm2pcm
2024-12-08 18:01:19,836 [INFO] IPUIPlugin:80 - create IPUIPlugin
2024-12-08 18:01:19,838 [INFO] PluginManager:220 - loadIPPluginJar : add plateformsettings
2024-12-08 18:01:19,841 [INFO] IPUIPlugin:80 - create IPUIPlugin
2024-12-08 18:01:19,841 [INFO] PluginManager:220 - loadIPPluginJar : add quadspi
2024-12-08 18:01:19,846 [INFO] IPUIPlugin:80 - create IPUIPlugin
2024-12-08 18:01:19,846 [INFO] PluginManager:220 - loadIPPluginJar : add resmgrutility
2024-12-08 18:01:19,849 [INFO] IPUIPlugin:80 - create IPUIPlugin
2024-12-08 18:01:19,850 [INFO] PluginManager:220 - loadIPPluginJar : add sai
2024-12-08 18:01:19,853 [INFO] IPUIPlugin:80 - create IPUIPlugin
2024-12-08 18:01:19,853 [INFO] PluginManager:220 - loadIPPluginJar : add spi
2024-12-08 18:01:19,858 [INFO] IPUIPlugin:80 - create IPUIPlugin
2024-12-08 18:01:19,858 [INFO] PluginManager:220 - loadIPPluginJar : add stm32_wpan
2024-12-08 18:01:19,860 [INFO] IPUIPlugin:80 - create IPUIPlugin
2024-12-08 18:01:19,860 [INFO] PluginManager:220 - loadIPPluginJar : add tim
2024-12-08 18:01:19,864 [INFO] IPUIPlugin:80 - create IPUIPlugin
2024-12-08 18:01:19,864 [INFO] PluginManager:220 - loadIPPluginJar : add touchsensing
2024-12-08 18:01:19,867 [INFO] IPUIPlugin:80 - create IPUIPlugin
2024-12-08 18:01:19,867 [INFO] PluginManager:220 - loadIPPluginJar : add tracer_emb
2024-12-08 18:01:19,870 [INFO] IPUIPlugin:80 - create IPUIPlugin
2024-12-08 18:01:19,870 [INFO] PluginManager:220 - loadIPPluginJar : add ts
2024-12-08 18:01:19,872 [INFO] IPUIPlugin:80 - create IPUIPlugin
2024-12-08 18:01:19,872 [INFO] PluginManager:220 - loadIPPluginJar : add tsc
2024-12-08 18:01:19,875 [INFO] IPUIPlugin:80 - create IPUIPlugin
2024-12-08 18:01:19,876 [INFO] PluginManager:220 - loadIPPluginJar : add ucpd
2024-12-08 18:01:19,879 [INFO] IPUIPlugin:80 - create IPUIPlugin
2024-12-08 18:01:19,879 [INFO] PluginManager:220 - loadIPPluginJar : add usart
2024-12-08 18:01:19,883 [INFO] IPUIPlugin:80 - create IPUIPlugin
2024-12-08 18:01:19,883 [INFO] PluginManager:220 - loadIPPluginJar : add usbx
2024-12-08 18:01:20,025 [INFO] CADModel:165 - CPN selected for project level
2024-12-08 18:01:20,025 [INFO] CADModel:114 - Register for checkConnection events
2024-12-08 18:01:20,027 [FATAL] Updater:308 - Updater called before beeing initialized
2024-12-08 18:01:20,027 [ERROR] CADModel:125 - Updater not yet initialized, retry later 
2024-12-08 18:01:20,147 [INFO] CADModel:165 - CPN selected for project level
2024-12-08 18:01:20,147 [INFO] CADModel:114 - Register for checkConnection events
2024-12-08 18:01:20,147 [FATAL] Updater:308 - Updater called before beeing initialized
2024-12-08 18:01:20,147 [ERROR] CADModel:125 - Updater not yet initialized, retry later 
2024-12-08 18:01:20,150 [FATAL] Updater:308 - Updater called before beeing initialized
2024-12-08 18:01:20,288 [FATAL] Updater:308 - Updater called before beeing initialized
2024-12-08 18:01:20,292 [INFO] DbMcusAds:53 - JSON generation date=Fri Sep 20 14:04:38 BST 2024 (1726837478367)
2024-12-08 18:01:20,294 [FATAL] Updater:308 - Updater called before beeing initialized
2024-12-08 18:01:20,334 [WARN] DetailPanel:346 - Failed to get advertising image, set to default
2024-12-08 18:01:20,449 [FATAL] Updater:308 - Updater called before beeing initialized
2024-12-08 18:01:20,451 [FATAL] Updater:308 - Updater called before beeing initialized
2024-12-08 18:01:20,451 [FATAL] Updater:308 - Updater called before beeing initialized
2024-12-08 18:01:20,451 [WARN] DetailPanel:346 - Failed to get advertising image, set to default
2024-12-08 18:01:20,452 [FATAL] Updater:308 - Updater called before beeing initialized
2024-12-08 18:01:20,502 [ERROR] Updater:1120 - MainUpdater not yet initialized. External WinMGr cannot be set.
2024-12-08 18:01:20,505 [INFO] Updater:1056 - Updater Version found : 6.11.1
2024-12-08 18:01:20,530 [INFO] ApplicationProperties:184 - Using Application install path: C:\ST\STM32CubeIDE_1.15.1\STM32CubeIDE\plugins\com.st.stm32cube.common.mx_6.11.1.202404110753
2024-12-08 18:01:22,133 [ERROR] LogOutputStream:75 - [STDERR_REDIRECT] Dec 08, 2024 6:01:22 PM java.util.prefs.WindowsPreferences <init>
2024-12-08 18:01:22,137 [ERROR] LogOutputStream:75 - [STDERR_REDIRECT] WARNING: Could not open/create prefs root node Software\JavaSoft\Prefs at root 0xffffffff80000002. Windows RegCreateKeyEx(...) returned error code 5.
2024-12-08 18:01:22,137 [ERROR] LogOutputStream:75 - [STDERR_REDIRECT] 
2024-12-08 18:01:22,202 [INFO] ThirdPartyUpdaterWithRetryManager:70 - Updater plugin not ready yet. [2/15]
2024-12-08 18:01:22,763 [INFO] MainUpdater:2873 - connection check result : 10
2024-12-08 18:01:22,765 [INFO] MainUpdater:290 - Updater Check For Update Now.
2024-12-08 18:01:22,766 [INFO] MicroXplorer:498 - Change Database Version : DB.6.0.111
2024-12-08 18:01:22,779 [INFO] McuFinderGlobals:63 - Set McuFinder mode to 2 (CubeIDE integrated)
2024-12-08 18:01:22,797 [INFO] UserAuth:415 - Internet connection configuration mode: 1
2024-12-08 18:01:22,837 [INFO] JxBrowserEngine:152 - Initiate JxBrowser Engine with user profile folder
2024-12-08 18:01:23,118 [INFO] CheckServerUpdateThread:120 - End of CheckServer Thread
2024-12-08 18:01:24,450 [INFO] WebApp:161 - Instantiating new browser for Auth
2024-12-08 18:01:25,897 [WARN] PackLoader:240 - Cannot read IP mode file for STMicroelectronics.FP-SNS-MOTENVWB1.1.4.0
2024-12-08 18:01:25,920 [WARN] PackLoader:240 - Cannot read IP mode file for STMicroelectronics.FP-ATR-ASTRA1.2.0.1
2024-12-08 18:01:25,940 [WARN] PackLoader:240 - Cannot read IP mode file for STMicroelectronics.X-CUBE-SMBUS.2.1.0
2024-12-08 18:01:25,957 [WARN] PackLoader:240 - Cannot read IP mode file for STMicroelectronics.X-CUBE-WB05N.1.1.0
2024-12-08 18:01:25,966 [INFO] WebApp:779 - Register for checkConnection events
2024-12-08 18:01:25,967 [INFO] WebApp:414 - Apply proxy settings
2024-12-08 18:01:25,967 [INFO] WebApp:499 - Chromium requires no authentication
2024-12-08 18:01:25,974 [WARN] PackLoader:240 - Cannot read IP mode file for STMicroelectronics.X-CUBE-TOUCHGFX.4.23.2
2024-12-08 18:01:25,988 [INFO] WebApp:442 - Direct internet connection detected
2024-12-08 18:01:26,043 [WARN] PackLoader:240 - Cannot read IP mode file for STMicroelectronics.X-CUBE-AZRTOS-F7.1.1.0
2024-12-08 18:01:26,237 [WARN] PackLoader:240 - Cannot read IP mode file for STMicroelectronics.X-CUBE-MEMS1.11.0.0
2024-12-08 18:01:26,658 [INFO] WebApp:192 - Starting web application
2024-12-08 18:01:26,659 [INFO] WebApp:544 - Web application path used C:\ST\STM32CubeIDE_1.15.1\STM32CubeIDE\plugins\com.st.stm32cube.common.mx_6.11.1.202404110753\db\plugins\mcufinder\reactClient1\index.html
2024-12-08 18:01:26,696 [WARN] PackLoader:240 - Cannot read IP mode file for STMicroelectronics.FP-SNS-FLIGHT1.5.0.2
2024-12-08 18:01:26,727 [WARN] PackLoader:240 - Cannot read IP mode file for STMicroelectronics.X-CUBE-DISPLAY.3.0.0
2024-12-08 18:01:26,751 [WARN] PackLoader:240 - Cannot read IP mode file for STMicroelectronics.X-CUBE-BLE1.7.0.0
2024-12-08 18:01:26,767 [WARN] PackLoader:240 - Cannot read IP mode file for STMicroelectronics.X-CUBE-NFC10.1.0.0
2024-12-08 18:01:26,797 [WARN] PackLoader:240 - Cannot read IP mode file for STMicroelectronics.X-CUBE-BLEMGR.4.0.0
2024-12-08 18:01:26,813 [WARN] PackLoader:240 - Cannot read IP mode file for emotas.I-CUBE-CANOPEN.1.3.0
2024-12-08 18:01:26,841 [WARN] PackLoader:240 - Cannot read IP mode file for STMicroelectronics.X-CUBE-BLEMGR.3.1.0
2024-12-08 18:01:26,867 [WARN] PackLoader:240 - Cannot read IP mode file for STMicroelectronics.FP-SNS-SMARTAG2.1.2.0
2024-12-08 18:01:26,911 [INFO] LogOutputStream:77 - [STDOUT_REDIRECT] 1 : Invalid condition id : UX_CORESTACK_Condition cause : null
2024-12-08 18:01:26,919 [INFO] LogOutputStream:77 - [STDOUT_REDIRECT] 1 : Invalid condition id : UX_CORESTACK_Condition cause : null
2024-12-08 18:01:26,922 [INFO] LogOutputStream:77 - [STDOUT_REDIRECT] 1 : Invalid condition id : UX_CORESTACK_Condition cause : null
2024-12-08 18:01:26,926 [INFO] LogOutputStream:77 - [STDOUT_REDIRECT] 1 : Invalid condition id : UX_CORESTACK_Condition cause : null
2024-12-08 18:01:26,936 [INFO] LogOutputStream:77 - [STDOUT_REDIRECT] 1 : Invalid condition id : UX_CORESTACK_Condition cause : null
2024-12-08 18:01:26,989 [WARN] PackLoader:240 - Cannot read IP mode file for STMicroelectronics.X-CUBE-AZRTOS-WL.2.0.0
2024-12-08 18:01:27,069 [WARN] PackLoader:240 - Cannot read IP mode file for STMicroelectronics.FP-SNS-MOTENV1.5.0.0
2024-12-08 18:01:27,086 [WARN] PackLoader:240 - Cannot read IP mode file for wolfSSL.I-CUBE-wolfMQTT.1.19.0
2024-12-08 18:01:27,107 [WARN] PackLoader:240 - Cannot read IP mode file for WES.I-CUBE-Cesium.1.3.0
2024-12-08 18:01:27,122 [WARN] PackLoader:240 - Cannot read IP mode file for STMicroelectronics.X-CUBE-BLE2.3.3.0
2024-12-08 18:01:27,169 [WARN] PackLoader:240 - Cannot read IP mode file for STMicroelectronics.X-CUBE-NFC9.1.0.0
2024-12-08 18:01:27,206 [WARN] PackLoader:240 - Cannot read IP mode file for STMicroelectronics.X-CUBE-TCPP.4.1.0
2024-12-08 18:01:27,270 [WARN] PackLoader:240 - Cannot read IP mode file for STMicroelectronics.X-CUBE-AZRTOS-G0.1.1.0
2024-12-08 18:01:27,307 [WARN] PackLoader:240 - Cannot read IP mode file for STMicroelectronics.X-CUBE-SAFEA1.1.2.2
2024-12-08 18:01:27,325 [WARN] PackLoader:240 - Cannot read IP mode file for STMicroelectronics.X-CUBE-NFC4.3.0.0
2024-12-08 18:01:27,357 [WARN] PackLoader:240 - Cannot read IP mode file for EmbeddedOffice.I-CUBE-FS-RTOS.1.0.1
2024-12-08 18:01:27,358 [ERROR] ConditionMgr:805 - Attr not supported : Dmpu
2024-12-08 18:01:27,358 [ERROR] ConditionMgr:805 - Attr not supported : Dmpu
2024-12-08 18:01:27,358 [ERROR] ConditionMgr:805 - Attr not supported : Dmpu
2024-12-08 18:01:27,358 [ERROR] ConditionMgr:805 - Attr not supported : Dmpu
2024-12-08 18:01:27,359 [ERROR] ConditionMgr:805 - Attr not supported : Dmpu
2024-12-08 18:01:27,359 [ERROR] ConditionMgr:805 - Attr not supported : Dmpu
2024-12-08 18:01:27,359 [ERROR] ConditionMgr:805 - Attr not supported : Dmpu
2024-12-08 18:01:27,360 [ERROR] ConditionMgr:805 - Attr not supported : Dmpu
2024-12-08 18:01:27,360 [ERROR] ConditionMgr:805 - Attr not supported : Dmpu
2024-12-08 18:01:27,360 [ERROR] ConditionMgr:805 - Attr not supported : Dmpu
2024-12-08 18:01:27,361 [ERROR] ConditionMgr:805 - Attr not supported : Dmpu
2024-12-08 18:01:27,361 [ERROR] ConditionMgr:805 - Attr not supported : Dmpu
2024-12-08 18:01:27,361 [ERROR] ConditionMgr:805 - Attr not supported : Dmpu
2024-12-08 18:01:27,362 [ERROR] ConditionMgr:805 - Attr not supported : Dmpu
2024-12-08 18:01:27,362 [ERROR] ConditionMgr:805 - Attr not supported : Dmpu
2024-12-08 18:01:27,362 [ERROR] ConditionMgr:805 - Attr not supported : Dmpu
2024-12-08 18:01:27,362 [ERROR] ConditionMgr:805 - Attr not supported : Dmpu
2024-12-08 18:01:27,362 [ERROR] ConditionMgr:805 - Attr not supported : Dmpu
2024-12-08 18:01:27,362 [ERROR] ConditionMgr:805 - Attr not supported : Dmpu
2024-12-08 18:01:27,362 [ERROR] ConditionMgr:805 - Attr not supported : Dmpu
2024-12-08 18:01:27,362 [ERROR] ConditionMgr:805 - Attr not supported : Dmpu
2024-12-08 18:01:27,362 [ERROR] ConditionMgr:805 - Attr not supported : Dmpu
2024-12-08 18:01:27,363 [ERROR] ConditionMgr:805 - Attr not supported : Dmpu
2024-12-08 18:01:27,363 [ERROR] ConditionMgr:805 - Attr not supported : Dmpu
2024-12-08 18:01:27,363 [ERROR] ConditionMgr:805 - Attr not supported : Dmpu
2024-12-08 18:01:27,363 [ERROR] ConditionMgr:805 - Attr not supported : Dmpu
2024-12-08 18:01:27,363 [ERROR] ConditionMgr:805 - Attr not supported : Dmpu
2024-12-08 18:01:27,363 [ERROR] ConditionMgr:805 - Attr not supported : Dmpu
2024-12-08 18:01:27,364 [ERROR] ConditionMgr:805 - Attr not supported : Dmpu
2024-12-08 18:01:27,365 [ERROR] ConditionMgr:805 - Attr not supported : Dmpu
2024-12-08 18:01:27,365 [ERROR] ConditionMgr:805 - Attr not supported : Dmpu
2024-12-08 18:01:27,365 [ERROR] ConditionMgr:805 - Attr not supported : Dmpu
2024-12-08 18:01:27,365 [ERROR] ConditionMgr:805 - Attr not supported : Dmpu
2024-12-08 18:01:27,367 [ERROR] ConditionMgr:805 - Attr not supported : Dmpu
2024-12-08 18:01:27,367 [ERROR] ConditionMgr:805 - Attr not supported : Dmpu
2024-12-08 18:01:27,367 [ERROR] ConditionMgr:805 - Attr not supported : Dmpu
2024-12-08 18:01:27,367 [ERROR] ConditionMgr:805 - Attr not supported : Dmpu
2024-12-08 18:01:27,367 [ERROR] ConditionMgr:805 - Attr not supported : Dmpu
2024-12-08 18:01:27,368 [ERROR] ConditionMgr:805 - Attr not supported : Dmpu
2024-12-08 18:01:27,368 [ERROR] ConditionMgr:805 - Attr not supported : Dmpu
2024-12-08 18:01:27,368 [ERROR] ConditionMgr:805 - Attr not supported : Dmpu
2024-12-08 18:01:27,369 [ERROR] ConditionMgr:805 - Attr not supported : Dmpu
2024-12-08 18:01:27,369 [ERROR] ConditionMgr:805 - Attr not supported : Dmpu
2024-12-08 18:01:27,369 [ERROR] ConditionMgr:805 - Attr not supported : Dmpu
2024-12-08 18:01:27,369 [ERROR] ConditionMgr:805 - Attr not supported : Dmpu
2024-12-08 18:01:27,370 [ERROR] ConditionMgr:805 - Attr not supported : Dmpu
2024-12-08 18:01:27,370 [ERROR] ConditionMgr:805 - Attr not supported : Dmpu
2024-12-08 18:01:27,370 [ERROR] ConditionMgr:805 - Attr not supported : Dmpu
2024-12-08 18:01:27,370 [ERROR] ConditionMgr:805 - Attr not supported : Dmpu
2024-12-08 18:01:27,370 [ERROR] ConditionMgr:805 - Attr not supported : Dmpu
2024-12-08 18:01:27,370 [ERROR] ConditionMgr:805 - Attr not supported : Dmpu
2024-12-08 18:01:27,370 [ERROR] ConditionMgr:805 - Attr not supported : Dmpu
2024-12-08 18:01:27,371 [ERROR] ConditionMgr:805 - Attr not supported : Dmpu
2024-12-08 18:01:27,371 [ERROR] ConditionMgr:805 - Attr not supported : Dmpu
2024-12-08 18:01:27,371 [ERROR] ConditionMgr:805 - Attr not supported : Dmpu
2024-12-08 18:01:27,371 [ERROR] ConditionMgr:805 - Attr not supported : Dmpu
2024-12-08 18:01:27,372 [ERROR] ConditionMgr:805 - Attr not supported : Dmpu
2024-12-08 18:01:27,372 [ERROR] ConditionMgr:805 - Attr not supported : Dmpu
2024-12-08 18:01:27,372 [ERROR] ConditionMgr:805 - Attr not supported : Dmpu
2024-12-08 18:01:27,372 [ERROR] ConditionMgr:805 - Attr not supported : Dmpu
2024-12-08 18:01:27,373 [ERROR] ConditionMgr:805 - Attr not supported : Dmpu
2024-12-08 18:01:27,373 [ERROR] ConditionMgr:805 - Attr not supported : Dmpu
2024-12-08 18:01:27,373 [ERROR] ConditionMgr:805 - Attr not supported : Dmpu
2024-12-08 18:01:27,373 [ERROR] ConditionMgr:805 - Attr not supported : Dmpu
2024-12-08 18:01:27,390 [WARN] PackLoader:240 - Cannot read IP mode file for RealThread.X-CUBE-RT-Thread_Nano.4.1.1
2024-12-08 18:01:27,402 [WARN] PackLoader:240 - Cannot read IP mode file for wolfSSL.I-CUBE-wolfSSL.5.7.0
2024-12-08 18:01:27,415 [WARN] PackLoader:240 - Cannot read IP mode file for STMicroelectronics.FP-ATR-SIGFOX1.3.2.0
2024-12-08 18:01:27,428 [WARN] ConditionMgr:438 - getConditionDescription Invalid condition id : Cortex-A Device cause : null
2024-12-08 18:01:27,473 [WARN] ConditionMgr:1039 - genDependencies : Invalid condition id : Cortex-A Device cause : null
2024-12-08 18:01:27,473 [WARN] ConditionMgr:1039 - genDependencies : Invalid condition id : Cortex-A Device cause : null
2024-12-08 18:01:27,473 [WARN] ConditionMgr:1039 - genDependencies : Invalid condition id : Cortex-A Device cause : null
2024-12-08 18:01:27,489 [WARN] PackLoader:240 - Cannot read IP mode file for STMicroelectronics.X-CUBE-EEPRMA1.5.1.0
2024-12-08 18:01:27,516 [WARN] PackLoader:240 - Cannot read IP mode file for ITTIA_DB.I-CUBE-ITTIADB.8.9.0
2024-12-08 18:01:27,610 [WARN] PackLoader:240 - Cannot read IP mode file for SEGGER.I-CUBE-embOS.1.3.1
2024-12-08 18:01:27,739 [WARN] PackLoader:240 - Cannot read IP mode file for STMicroelectronics.X-CUBE-ALGOBUILD.1.4.0
2024-12-08 18:01:27,754 [WARN] PackLoader:240 - Cannot read IP mode file for STMicroelectronics.X-CUBE-AI.9.1.0
2024-12-08 18:01:27,773 [WARN] PackLoader:240 - Cannot read IP mode file for STMicroelectronics.X-CUBE-GNSS1.6.0.0
2024-12-08 18:01:27,822 [WARN] PackLoader:240 - Cannot read IP mode file for STMicroelectronics.X-CUBE-AZRTOS-F4.1.1.0
2024-12-08 18:01:27,838 [WARN] PackLoader:240 - Cannot read IP mode file for STMicroelectronics.X-CUBE-ISPU.2.1.0
2024-12-08 18:01:27,856 [WARN] PackLoader:240 - Cannot read IP mode file for STMicroelectronics.X-CUBE-FREERTOS.1.2.0
2024-12-08 18:01:27,902 [WARN] PackLoader:240 - Cannot read IP mode file for STMicroelectronics.X-CUBE-AZRTOS-L5.2.0.0
2024-12-08 18:01:27,933 [WARN] PackLoader:240 - Cannot read IP mode file for STMicroelectronics.X-CUBE-NFC6.3.1.0
2024-12-08 18:01:27,960 [WARN] PackLoader:240 - Cannot read IP mode file for STMicroelectronics.X-CUBE-DPower.1.2.0
2024-12-08 18:01:27,973 [WARN] PackLoader:240 - Cannot read IP mode file for STMicroelectronics.X-CUBE-AI.9.0.0
2024-12-08 18:01:27,990 [WARN] PackLoader:240 - Cannot read IP mode file for STMicroelectronics.X-CUBE-NFC7.1.0.1
2024-12-08 18:01:28,045 [WARN] ConditionMgr:438 - getConditionDescription Invalid condition id : LAN8742 Phy interface Condition cause : null
2024-12-08 18:01:28,049 [WARN] PackLoader:240 - Cannot read IP mode file for STMicroelectronics.X-CUBE-AZRTOS-L4.2.0.0
2024-12-08 18:01:28,051 [WARN] ConditionMgr:1039 - genDependencies : Invalid condition id : LAN8742 Phy interface Condition cause : null
2024-12-08 18:01:28,051 [WARN] ConditionMgr:1039 - genDependencies : Invalid condition id : LAN8742 Phy interface Condition cause : null
2024-12-08 18:01:28,052 [WARN] ConditionMgr:1039 - genDependencies : Invalid condition id : LAN8742 Phy interface Condition cause : null
2024-12-08 18:01:28,070 [WARN] PackLoader:240 - Cannot read IP mode file for STMicroelectronics.X-CUBE-SFXS2LP1.4.0.0
2024-12-08 18:01:28,128 [WARN] PackLoader:240 - Cannot read IP mode file for STMicroelectronics.X-CUBE-AZRTOS-H7.3.3.0
2024-12-08 18:01:28,168 [WARN] PackLoader:240 - Cannot read IP mode file for STMicroelectronics.X-CUBE-IPS.3.0.0
2024-12-08 18:01:28,210 [WARN] ConditionMgr:438 - getConditionDescription Invalid condition id : UX DEVICE CLASS RTOS Condition cause : null
2024-12-08 18:01:28,210 [WARN] ConditionMgr:438 - getConditionDescription Invalid condition id : UX DEVICE CLASS RTOS Condition cause : null
2024-12-08 18:01:28,217 [WARN] PackLoader:240 - Cannot read IP mode file for STMicroelectronics.X-CUBE-AZRTOS-WB.2.0.0
2024-12-08 18:01:28,218 [WARN] ConditionMgr:1039 - genDependencies : Invalid condition id : UX DEVICE CLASS RTOS Condition cause : null
2024-12-08 18:01:28,219 [WARN] ConditionMgr:1039 - genDependencies : Invalid condition id : UX DEVICE CLASS RTOS Condition cause : null
2024-12-08 18:01:28,220 [WARN] ConditionMgr:1039 - genDependencies : Invalid condition id : UX DEVICE CLASS RTOS Condition cause : null
2024-12-08 18:01:28,221 [WARN] ConditionMgr:1039 - genDependencies : Invalid condition id : UX DEVICE CLASS RTOS Condition cause : null
2024-12-08 18:01:28,222 [WARN] ConditionMgr:1039 - genDependencies : Invalid condition id : UX DEVICE CLASS RTOS Condition cause : null
2024-12-08 18:01:28,236 [WARN] PackLoader:240 - Cannot read IP mode file for STMicroelectronics.X-CUBE-GNSS1.7.0.0
2024-12-08 18:01:28,256 [WARN] PackLoader:240 - Cannot read IP mode file for STMicroelectronics.FP-SNS-STBOX1.2.0.0
2024-12-08 18:01:28,287 [WARN] PackLoader:240 - Cannot read IP mode file for STMicroelectronics.X-CUBE-SUBG2.5.0.0
2024-12-08 18:01:28,307 [WARN] PackLoader:240 - Cannot read IP mode file for Cesanta.I-CUBE-Mongoose.7.13.0
2024-12-08 18:01:28,350 [WARN] PackLoader:240 - Cannot read IP mode file for STMicroelectronics.X-CUBE-AZRTOS-G4.2.0.0
2024-12-08 18:01:28,362 [WARN] PackLoader:240 - Cannot read IP mode file for STMicroelectronics.X-CUBE-ISPU.2.0.0
2024-12-08 18:01:28,374 [WARN] PackLoader:240 - Cannot read IP mode file for STMicroelectronics.X-CUBE-ALS.1.0.2
2024-12-08 18:01:28,491 [WARN] PackLoader:240 - Cannot read IP mode file for STMicroelectronics.X-CUBE-MEMS1.10.0.0
2024-12-08 18:01:28,858 [WARN] PackLoader:240 - Cannot read IP mode file for STMicroelectronics.X-CUBE-TOUCHGFX.4.24.0
2024-12-08 18:01:28,868 [WARN] PackLoader:240 - Cannot read IP mode file for STMicroelectronics.X-CUBE-TOUCHGFX.4.24.1
2024-12-08 18:01:28,878 [WARN] PackLoader:240 - Cannot read IP mode file for wolfSSL.I-CUBE-wolfTPM.3.4.0
2024-12-08 18:01:28,895 [WARN] PackLoader:240 - Cannot read IP mode file for portGmbH.I-Cube-SoM-uGOAL.1.1.0
2024-12-08 18:01:28,947 [WARN] PackLoader:240 - Cannot read IP mode file for STMicroelectronics.X-CUBE-AZRTOS-H7RS.1.0.0
2024-12-08 18:01:28,961 [WARN] PackLoader:240 - Cannot read IP mode file for STMicroelectronics.FP-ATR-ASTRA1.2.0.0
2024-12-08 18:01:28,991 [WARN] PackLoader:240 - Cannot read IP mode file for STMicroelectronics.X-CUBE-TOF1.3.4.2
2024-12-08 18:01:29,060 [WARN] PackLoader:240 - Cannot read IP mode file for STMicroelectronics.X-CUBE-TOF1.3.4.1
2024-12-08 18:01:29,110 [WARN] PackLoader:240 - Cannot read IP mode file for STMicroelectronics.X-CUBE-AZRTOS-H7.3.2.0
2024-12-08 18:01:29,157 [WARN] PackLoader:240 - Cannot read IP mode file for Infineon.AIROC-Wi-Fi-Bluetooth-STM32.1.6.0
2024-12-08 18:01:29,175 [WARN] PackLoader:240 - Cannot read IP mode file for wolfSSL.I-CUBE-wolfSSH.1.4.17
2024-12-08 18:01:29,176 [INFO] ThirdParty:978 - Integrity check success = true
2024-12-08 18:01:29,176 [INFO] IntegrityCheckThread:100 - exiting critical section [integrity check]
2024-12-08 18:01:29,176 [INFO] IntegrityCheckThread:103 - End integrity checks thread
2024-12-08 20:45:14,271 [ERROR] LogOutputStream:75 - [STDERR_REDIRECT] 
